
 [12:16:01.167] Execution of the command sfdmu:run has been started.

 LOADING AND VALIDATING THE EXPORT.JSON SCRIPT ...

 OBJECT SET #1 STARTED

 {
   "Running Plugin version": "4.38.0"
}
 {
   "Running Add-On API version": "1.6.0"
}

 [12:16:01.176] Loading Core Add-On Module declarations ...
 [12:16:01.243] Connecting to the org_alias using SFDX sf org display ...
 [12:16:02.984] Successfully connected to the org_alias.
 {
   "Source": "org_alias.",
   "Target": "csvfile.",
   "Package script": "/home/runner/work/fullnsa/fullnsa/backupData/export.json."
}

 GETTING AND ANALYSING OBJECT METADATA ...
 [12:16:04.995] Processing the object Account ...
 [12:16:04.996] Fetching metadata of the Account (Source) ...
 [12:16:14.884] Processing the object Contact ...
 [12:16:14.884] Fetching metadata of the Contact (Source) ...
 [12:16:16.460] Processing the object Opportunity ...
 [12:16:16.461] Fetching metadata of the Opportunity (Source) ...
 [12:16:17.326] Fetching metadata of the Group (Source) ...
 [12:16:17.990] Processing the object Opportunity ...
 [12:16:17.990] Processing the object Contact ...
 [12:16:17.990] Processing the object Account ...

 PREPARING DATA MIGRATION JOB ...
 [12:16:17.991] Building the migration strategy ...
 {
   "Order of objects to query": "Account; Contact; Opportunity"
}
 {
   "Order of objects to delete": "Opportunity; Contact; Account"
}
 {
   "Order of objects to update": "Account; Contact; Opportunity"
}
 [12:16:17.993] Preparing of the data migration job has been completed.

 ANALYSING DATA...
 [12:16:18.226] {Account} The original query string of this object is returning 18 records from the Source org.
 [12:16:18.440] {Contact} The original query string of this object is returning 21 records from the Source org.
 [12:16:18.633] {Opportunity} The original query string of this object is returning 31 records from the Source org.

 TRIGGERING ADD-ON EVENTS ...
 [12:16:18.633] No Add-On modules found to run.

 [12:16:18.634] Ready to process the data.

 DELETING OLD DATA FROM THE TARGET ...
 [12:16:18.634] {Opportunity} No records to delete.
 [12:16:18.634] {Contact} No records to delete.
 [12:16:18.634] {Account} No records to delete.
 [12:16:18.634] Deleting data was skipped.

 SOURCE:
 ===========

 FETCHING THE DATA (STAGE 1) ...
 [12:16:18.636] {Account} Fetching the Source data from Org (STAGE 1: all records) ...
 [12:16:18.636] {Account} Query string: SELECT Id, Name  FROM  Account ORDER BY Name ASC.
 [12:16:18.637] {Account} Using REST API to retrieve the data ...
 [12:16:18.836] {Account} Data retrieval (Source) has been completed. Got 18 new records.
 [12:16:18.837] {Contact} Fetching the Source data from Org (STAGE 1: all records) ...
 [12:16:18.837] {Contact} Query string: SELECT Id, FirstName, LastName, Email, $$Email$LastName$FirstName  FROM  Contact ORDER BY Email, LastName, FirstName ASC.
 [12:16:18.838] {Contact} Using REST API to retrieve the data ...
 [12:16:19.131] {Contact} Data retrieval (Source) has been completed. Got 21 new records.
 [12:16:19.132] {Opportunity} Fetching the Source data from Org (STAGE 1: all records) ...
 [12:16:19.132] {Opportunity} Query string: SELECT Id, Name  FROM  Opportunity ORDER BY Name ASC.
 [12:16:19.132] {Opportunity} Using REST API to retrieve the data ...
 [12:16:19.415] {Opportunity} Data retrieval (Source) has been completed. Got 31 new records.
 [12:16:19.415] Data retrieval (STAGE 1) has been completed.

 FETCHING THE DATA (STAGE 2) ...
 [12:16:19.416] PASS 1
 ===========
 [12:16:19.416] No records

 [12:16:19.416] PASS 2
 ===========
 [12:16:19.416] No records

 [12:16:19.416] PASS 3
 ===========
 [12:16:19.417] No records

 [12:16:19.417] PASS 4
 ===========
 [12:16:19.417] No records

 TARGET:
 ===========
 [12:16:19.417] No records
 [12:16:19.417] Data retrieval (STAGE 2) has been completed.

 TRIGGERING ADD-ON EVENTS ...
 [12:16:19.418] No Add-On modules found to run.


 DATA RETRIEVAL SUMMARY.
 [12:16:19.418] {Account} The total amount of the retrieved records: 18/0.
 [12:16:19.418] {Contact} The total amount of the retrieved records: 21/0.
 [12:16:19.418] {Opportunity} The total amount of the retrieved records: 31/0.

 UPDATING THE TARGET (STAGE 1) ...
 [12:16:19.419] {Account} Creating the file /home/runner/work/fullnsa/fullnsa/backupData/Account.csv ...
 [12:16:19.423] {Account} The Target has been updated. Totally processed 18 records.

 [12:16:19.423] {Contact} Creating the file /home/runner/work/fullnsa/fullnsa/backupData/Contact.csv ...
 [12:16:19.425] {Contact} The Target has been updated. Totally processed 21 records.

 [12:16:19.425] {Opportunity} Creating the file /home/runner/work/fullnsa/fullnsa/backupData/Opportunity.csv ...
 [12:16:19.426] {Opportunity} The Target has been updated. Totally processed 31 records.


 [12:16:19.427] The Target (STAGE 1) has been updated. Totally processed 70 records.

 UPDATING THE TARGET (STAGE 2) ...

 [12:16:19.427] Nothing was updated.

 TRIGGERING ADD-ON EVENTS ...
 [12:16:19.427] No Add-On modules found to run.


 DATA PROCESSING SUMMARY.
 [12:16:19.427] {Account} Totally processed 18 records.
 [12:16:19.428] {Contact} Totally processed 21 records.
 [12:16:19.428] {Opportunity} Totally processed 31 records.

 [12:16:19.428] Writing to /home/runner/work/fullnsa/fullnsa/backupData/MissingParentRecordsReport.csv ...


 TRIGGERING ADD-ON EVENTS ...
 [12:16:19.428] No Add-On modules found to run.


 [12:16:19.429] Command succeeded.
 [12:16:19.429] Execution of the command sfdmu:run has been completed. Exit code 0 (SUCCESS).
 [12:16:19.429] Total time elapsed: 00h 00m 18s 263ms .