
 [18:08:46.39] Execution of the command sfdmu:run has been started.

 LOADING AND VALIDATING THE EXPORT.JSON SCRIPT ...

 OBJECT SET #1 STARTED

 {
   "Running Plugin version": "4.38.0"
}
 {
   "Running Add-On API version": "1.6.0"
}

 [18:08:46.48] Loading Core Add-On Module declarations ...
 [18:08:46.125] Connecting to the org_alias using SFDX sf org display ...
 [18:08:47.861] Successfully connected to the org_alias.
 {
   "Source": "org_alias.",
   "Target": "csvfile.",
   "Package script": "/home/runner/work/fullnsa/fullnsa/backupData/export.json."
}

 GETTING AND ANALYSING OBJECT METADATA ...
 [18:08:48.793] Processing the object Account ...
 [18:08:48.793] Fetching metadata of the Account (Source) ...
 [18:08:49.968] Processing the object Contact ...
 [18:08:49.968] Fetching metadata of the Contact (Source) ...
 [18:08:50.858] Processing the object Opportunity ...
 [18:08:50.859] Fetching metadata of the Opportunity (Source) ...
 [18:08:51.539] Fetching metadata of the Group (Source) ...
 [18:08:52.54] Processing the object Opportunity ...
 [18:08:52.54] Processing the object Contact ...
 [18:08:52.54] Processing the object Account ...

 PREPARING DATA MIGRATION JOB ...
 [18:08:52.55] Building the migration strategy ...
 {
   "Order of objects to query": "Account; Contact; Opportunity"
}
 {
   "Order of objects to delete": "Opportunity; Contact; Account"
}
 {
   "Order of objects to update": "Account; Contact; Opportunity"
}
 [18:08:52.57] Preparing of the data migration job has been completed.

 ANALYSING DATA...
 [18:08:52.249] {Account} The original query string of this object is returning 18 records from the Source org.
 [18:08:52.438] {Contact} The original query string of this object is returning 21 records from the Source org.
 [18:08:52.620] {Opportunity} The original query string of this object is returning 31 records from the Source org.

 TRIGGERING ADD-ON EVENTS ...
 [18:08:52.621] No Add-On modules found to run.

 [18:08:52.621] Ready to process the data.

 DELETING OLD DATA FROM THE TARGET ...
 [18:08:52.622] {Opportunity} No records to delete.
 [18:08:52.622] {Contact} No records to delete.
 [18:08:52.622] {Account} No records to delete.
 [18:08:52.622] Deleting data was skipped.

 SOURCE:
 ===========

 FETCHING THE DATA (STAGE 1) ...
 [18:08:52.624] {Account} Fetching the Source data from Org (STAGE 1: all records) ...
 [18:08:52.624] {Account} Query string: SELECT Id, Name  FROM  Account ORDER BY Name ASC.
 [18:08:52.625] {Account} Using REST API to retrieve the data ...
 [18:08:52.812] {Account} Data retrieval (Source) has been completed. Got 18 new records.
 [18:08:52.813] {Contact} Fetching the Source data from Org (STAGE 1: all records) ...
 [18:08:52.813] {Contact} Query string: SELECT Id, FirstName, LastName, Email, $$Email$LastName$FirstName  FROM  Contact ORDER BY Email, LastName, FirstName ASC.
 [18:08:52.814] {Contact} Using REST API to retrieve the data ...
 [18:08:53.108] {Contact} Data retrieval (Source) has been completed. Got 21 new records.
 [18:08:53.108] {Opportunity} Fetching the Source data from Org (STAGE 1: all records) ...
 [18:08:53.109] {Opportunity} Query string: SELECT Id, Name  FROM  Opportunity ORDER BY Name ASC.
 [18:08:53.109] {Opportunity} Using REST API to retrieve the data ...
 [18:08:53.422] {Opportunity} Data retrieval (Source) has been completed. Got 31 new records.
 [18:08:53.423] Data retrieval (STAGE 1) has been completed.

 FETCHING THE DATA (STAGE 2) ...
 [18:08:53.423] PASS 1
 ===========
 [18:08:53.423] No records

 [18:08:53.423] PASS 2
 ===========
 [18:08:53.424] No records

 [18:08:53.424] PASS 3
 ===========
 [18:08:53.424] No records

 [18:08:53.424] PASS 4
 ===========
 [18:08:53.424] No records

 TARGET:
 ===========
 [18:08:53.425] No records
 [18:08:53.425] Data retrieval (STAGE 2) has been completed.

 TRIGGERING ADD-ON EVENTS ...
 [18:08:53.425] No Add-On modules found to run.


 DATA RETRIEVAL SUMMARY.
 [18:08:53.426] {Account} The total amount of the retrieved records: 18/0.
 [18:08:53.426] {Contact} The total amount of the retrieved records: 21/0.
 [18:08:53.426] {Opportunity} The total amount of the retrieved records: 31/0.

 UPDATING THE TARGET (STAGE 1) ...
 [18:08:53.427] {Account} Creating the file /home/runner/work/fullnsa/fullnsa/backupData/Account.csv ...
 [18:08:53.431] {Account} The Target has been updated. Totally processed 18 records.

 [18:08:53.431] {Contact} Creating the file /home/runner/work/fullnsa/fullnsa/backupData/Contact.csv ...
 [18:08:53.433] {Contact} The Target has been updated. Totally processed 21 records.

 [18:08:53.433] {Opportunity} Creating the file /home/runner/work/fullnsa/fullnsa/backupData/Opportunity.csv ...
 [18:08:53.434] {Opportunity} The Target has been updated. Totally processed 31 records.


 [18:08:53.434] The Target (STAGE 1) has been updated. Totally processed 70 records.

 UPDATING THE TARGET (STAGE 2) ...

 [18:08:53.435] Nothing was updated.

 TRIGGERING ADD-ON EVENTS ...
 [18:08:53.435] No Add-On modules found to run.


 DATA PROCESSING SUMMARY.
 [18:08:53.435] {Account} Totally processed 18 records.
 [18:08:53.436] {Contact} Totally processed 21 records.
 [18:08:53.436] {Opportunity} Totally processed 31 records.

 [18:08:53.436] Writing to /home/runner/work/fullnsa/fullnsa/backupData/MissingParentRecordsReport.csv ...


 TRIGGERING ADD-ON EVENTS ...
 [18:08:53.436] No Add-On modules found to run.


 [18:08:53.437] Command succeeded.
 [18:08:53.437] Execution of the command sfdmu:run has been completed. Exit code 0 (SUCCESS).
 [18:08:53.437] Total time elapsed: 00h 00m 07s 399ms .