
 [13:07:44.527] Execution of the command sfdmu:run has been started.

 LOADING AND VALIDATING THE EXPORT.JSON SCRIPT ...

 OBJECT SET #1 STARTED

 {
   "Running Plugin version": "4.38.0"
}
 {
   "Running Add-On API version": "1.6.0"
}

 [13:07:44.537] Loading Core Add-On Module declarations ...
 [13:07:44.604] Connecting to the org_alias using SFDX sf org display ...
 [13:07:47.374] Successfully connected to the org_alias.
 {
   "Source": "org_alias.",
   "Target": "csvfile.",
   "Package script": "/home/runner/work/fullnsa/fullnsa/backupData/export.json."
}

 GETTING AND ANALYSING OBJECT METADATA ...
 [13:07:48.457] Processing the object Account ...
 [13:07:48.458] Fetching metadata of the Account (Source) ...
 [13:07:49.644] Processing the object Contact ...
 [13:07:49.645] Fetching metadata of the Contact (Source) ...
 [13:07:50.955] Fetching metadata of the Group (Source) ...
 [13:07:51.502] Processing the object Contact ...
 [13:07:51.503] Processing the object Account ...

 PREPARING DATA MIGRATION JOB ...
 [13:07:51.504] Building the migration strategy ...
 {
   "Order of objects to query": "Account; Contact"
}
 {
   "Order of objects to delete": "Contact; Account"
}
 {
   "Order of objects to update": "Account; Contact"
}
 [13:07:51.505] Preparing of the data migration job has been completed.

 ANALYSING DATA...
 [13:07:51.738] {Account} The original query string of this object is returning 18 records from the Source org.
 [13:07:51.973] {Contact} The original query string of this object is returning 21 records from the Source org.

 TRIGGERING ADD-ON EVENTS ...
 [13:07:51.974] No Add-On modules found to run.

 [13:07:51.974] Ready to process the data.

 DELETING OLD DATA FROM THE TARGET ...
 [13:07:51.975] {Contact} No records to delete.
 [13:07:51.975] {Account} No records to delete.
 [13:07:51.975] Deleting data was skipped.

 SOURCE:
 ===========

 FETCHING THE DATA (STAGE 1) ...
 [13:07:51.977] {Account} Fetching the Source data from Org (STAGE 1: all records) ...
 [13:07:51.978] {Account} Query string: SELECT Id, Name  FROM  Account ORDER BY Name ASC.
 [13:07:51.979] {Account} Using REST API to retrieve the data ...
 [13:07:52.166] {Account} Data retrieval (Source) has been completed. Got 18 new records.
 [13:07:52.167] {Contact} Fetching the Source data from Org (STAGE 1: all records) ...
 [13:07:52.167] {Contact} Query string: SELECT Id, FirstName, LastName, Email, $$Email$LastName$FirstName  FROM  Contact ORDER BY Email, LastName, FirstName ASC.
 [13:07:52.168] {Contact} Using REST API to retrieve the data ...
 [13:07:52.475] {Contact} Data retrieval (Source) has been completed. Got 21 new records.
 [13:07:52.475] Data retrieval (STAGE 1) has been completed.

 FETCHING THE DATA (STAGE 2) ...
 [13:07:52.476] PASS 1
 ===========
 [13:07:52.476] No records

 [13:07:52.476] PASS 2
 ===========
 [13:07:52.477] No records

 [13:07:52.477] PASS 3
 ===========
 [13:07:52.477] No records

 [13:07:52.477] PASS 4
 ===========
 [13:07:52.478] No records

 TARGET:
 ===========
 [13:07:52.479] No records
 [13:07:52.479] Data retrieval (STAGE 2) has been completed.

 TRIGGERING ADD-ON EVENTS ...
 [13:07:52.479] No Add-On modules found to run.


 DATA RETRIEVAL SUMMARY.
 [13:07:52.479] {Account} The total amount of the retrieved records: 18/0.
 [13:07:52.479] {Contact} The total amount of the retrieved records: 21/0.

 UPDATING THE TARGET (STAGE 1) ...
 [13:07:52.480] {Account} Creating the file /home/runner/work/fullnsa/fullnsa/backupData/Account.csv ...
 [13:07:52.485] {Account} The Target has been updated. Totally processed 18 records.

 [13:07:52.485] {Contact} Creating the file /home/runner/work/fullnsa/fullnsa/backupData/Contact.csv ...
 [13:07:52.486] {Contact} The Target has been updated. Totally processed 21 records.


 [13:07:52.486] The Target (STAGE 1) has been updated. Totally processed 39 records.

 UPDATING THE TARGET (STAGE 2) ...

 [13:07:52.487] Nothing was updated.

 TRIGGERING ADD-ON EVENTS ...
 [13:07:52.487] No Add-On modules found to run.


 DATA PROCESSING SUMMARY.
 [13:07:52.491] {Account} Totally processed 18 records.
 [13:07:52.492] {Contact} Totally processed 21 records.

 [13:07:52.492] Writing to /home/runner/work/fullnsa/fullnsa/backupData/MissingParentRecordsReport.csv ...


 TRIGGERING ADD-ON EVENTS ...
 [13:07:52.492] No Add-On modules found to run.


 [13:07:52.494] Command succeeded.
 [13:07:52.495] Execution of the command sfdmu:run has been completed. Exit code 0 (SUCCESS).
 [13:07:52.495] Total time elapsed: 00h 00m 07s 968ms .