
 [19:46:33.103] Execution of the command sfdmu:run has been started.

 LOADING AND VALIDATING THE EXPORT.JSON SCRIPT ...

 OBJECT SET #1 STARTED

 {
   "Running Plugin version": "4.38.0"
}
 {
   "Running Add-On API version": "1.6.0"
}

 [19:46:33.113] Loading Core Add-On Module declarations ...
 [19:46:33.182] Connecting to the org_alias using SFDX sf org display ...
 [19:46:34.857] Successfully connected to the org_alias.
 {
   "Source": "org_alias.",
   "Target": "csvfile.",
   "Package script": "/home/runner/work/fullnsa/fullnsa/backupData/export.json."
}

 GETTING AND ANALYSING OBJECT METADATA ...
 [19:46:35.666] Processing the object Account ...
 [19:46:35.666] Fetching metadata of the Account (Source) ...
 [19:46:36.744] Processing the object Contact ...
 [19:46:36.745] Fetching metadata of the Contact (Source) ...
 [19:46:37.583] Processing the object Opportunity ...
 [19:46:37.583] Fetching metadata of the Opportunity (Source) ...
 [19:46:38.178] Fetching metadata of the Group (Source) ...
 [19:46:38.627] Processing the object Opportunity ...
 [19:46:38.627] Processing the object Contact ...
 [19:46:38.627] Processing the object Account ...

 PREPARING DATA MIGRATION JOB ...
 [19:46:38.628] Building the migration strategy ...
 {
   "Order of objects to query": "Account; Contact; Opportunity"
}
 {
   "Order of objects to delete": "Opportunity; Contact; Account"
}
 {
   "Order of objects to update": "Account; Contact; Opportunity"
}
 [19:46:38.630] Preparing of the data migration job has been completed.

 ANALYSING DATA...
 [19:46:38.808] {Account} The original query string of this object is returning 18 records from the Source org.
 [19:46:38.992] {Contact} The original query string of this object is returning 21 records from the Source org.
 [19:46:39.164] {Opportunity} The original query string of this object is returning 31 records from the Source org.

 TRIGGERING ADD-ON EVENTS ...
 [19:46:39.164] No Add-On modules found to run.

 [19:46:39.164] Ready to process the data.

 DELETING OLD DATA FROM THE TARGET ...
 [19:46:39.165] {Opportunity} No records to delete.
 [19:46:39.165] {Contact} No records to delete.
 [19:46:39.165] {Account} No records to delete.
 [19:46:39.165] Deleting data was skipped.

 SOURCE:
 ===========

 FETCHING THE DATA (STAGE 1) ...
 [19:46:39.167] {Account} Fetching the Source data from Org (STAGE 1: all records) ...
 [19:46:39.167] {Account} Query string: SELECT Id, Name  FROM  Account ORDER BY Name ASC.
 [19:46:39.168] {Account} Using REST API to retrieve the data ...
 [19:46:39.390] {Account} Data retrieval (Source) has been completed. Got 18 new records.
 [19:46:39.390] {Contact} Fetching the Source data from Org (STAGE 1: all records) ...
 [19:46:39.390] {Contact} Query string: SELECT Id, FirstName, LastName, Email, $$Email$LastName$FirstName  FROM  Contact ORDER BY Email, LastName, FirstName ASC.
 [19:46:39.391] {Contact} Using REST API to retrieve the data ...
 [19:46:39.578] {Contact} Data retrieval (Source) has been completed. Got 21 new records.
 [19:46:39.579] {Opportunity} Fetching the Source data from Org (STAGE 1: all records) ...
 [19:46:39.579] {Opportunity} Query string: SELECT Id, Name  FROM  Opportunity ORDER BY Name ASC.
 [19:46:39.579] {Opportunity} Using REST API to retrieve the data ...
 [19:46:39.752] {Opportunity} Data retrieval (Source) has been completed. Got 31 new records.
 [19:46:39.753] Data retrieval (STAGE 1) has been completed.

 FETCHING THE DATA (STAGE 2) ...
 [19:46:39.753] PASS 1
 ===========
 [19:46:39.753] No records

 [19:46:39.753] PASS 2
 ===========
 [19:46:39.754] No records

 [19:46:39.754] PASS 3
 ===========
 [19:46:39.754] No records

 [19:46:39.754] PASS 4
 ===========
 [19:46:39.755] No records

 TARGET:
 ===========
 [19:46:39.755] No records
 [19:46:39.755] Data retrieval (STAGE 2) has been completed.

 TRIGGERING ADD-ON EVENTS ...
 [19:46:39.755] No Add-On modules found to run.


 DATA RETRIEVAL SUMMARY.
 [19:46:39.756] {Account} The total amount of the retrieved records: 18/0.
 [19:46:39.756] {Contact} The total amount of the retrieved records: 21/0.
 [19:46:39.756] {Opportunity} The total amount of the retrieved records: 31/0.

 UPDATING THE TARGET (STAGE 1) ...
 [19:46:39.757] {Account} Creating the file /home/runner/work/fullnsa/fullnsa/backupData/Account.csv ...
 [19:46:39.761] {Account} The Target has been updated. Totally processed 18 records.

 [19:46:39.761] {Contact} Creating the file /home/runner/work/fullnsa/fullnsa/backupData/Contact.csv ...
 [19:46:39.763] {Contact} The Target has been updated. Totally processed 21 records.

 [19:46:39.763] {Opportunity} Creating the file /home/runner/work/fullnsa/fullnsa/backupData/Opportunity.csv ...
 [19:46:39.764] {Opportunity} The Target has been updated. Totally processed 31 records.


 [19:46:39.764] The Target (STAGE 1) has been updated. Totally processed 70 records.

 UPDATING THE TARGET (STAGE 2) ...

 [19:46:39.764] Nothing was updated.

 TRIGGERING ADD-ON EVENTS ...
 [19:46:39.765] No Add-On modules found to run.


 DATA PROCESSING SUMMARY.
 [19:46:39.765] {Account} Totally processed 18 records.
 [19:46:39.765] {Contact} Totally processed 21 records.
 [19:46:39.765] {Opportunity} Totally processed 31 records.

 [19:46:39.765] Writing to /home/runner/work/fullnsa/fullnsa/backupData/MissingParentRecordsReport.csv ...


 TRIGGERING ADD-ON EVENTS ...
 [19:46:39.766] No Add-On modules found to run.


 [19:46:39.766] Command succeeded.
 [19:46:39.767] Execution of the command sfdmu:run has been completed. Exit code 0 (SUCCESS).
 [19:46:39.767] Total time elapsed: 00h 00m 06s 664ms .