
 [12:13:30.715] Execution of the command sfdmu:run has been started.

 LOADING AND VALIDATING THE EXPORT.JSON SCRIPT ...

 OBJECT SET #1 STARTED

 {
   "Running Plugin version": "4.38.0"
}
 {
   "Running Add-On API version": "1.6.0"
}

 [12:13:30.725] Loading Core Add-On Module declarations ...
 [12:13:30.797] Connecting to the org_alias using SFDX sf org display ...
 [12:13:32.479] Successfully connected to the org_alias.
 {
   "Source": "org_alias.",
   "Target": "csvfile.",
   "Package script": "/home/runner/work/fullnsa/fullnsa/backupData/export.json."
}

 GETTING AND ANALYSING OBJECT METADATA ...
 [12:13:34.64] Processing the object Account ...
 [12:13:34.65] Fetching metadata of the Account (Source) ...
 [12:13:35.668] Processing the object Contact ...
 [12:13:35.669] Fetching metadata of the Contact (Source) ...
 [12:13:36.912] Processing the object Opportunity ...
 [12:13:36.913] Fetching metadata of the Opportunity (Source) ...
 [12:13:37.662] Fetching metadata of the Group (Source) ...
 [12:13:38.137] Processing the object Opportunity ...
 [12:13:38.137] Processing the object Contact ...
 [12:13:38.138] Processing the object Account ...

 PREPARING DATA MIGRATION JOB ...
 [12:13:38.138] Building the migration strategy ...
 {
   "Order of objects to query": "Account; Contact; Opportunity"
}
 {
   "Order of objects to delete": "Opportunity; Contact; Account"
}
 {
   "Order of objects to update": "Account; Contact; Opportunity"
}
 [12:13:38.140] Preparing of the data migration job has been completed.

 ANALYSING DATA...
 [12:13:38.410] {Account} The original query string of this object is returning 18 records from the Source org.
 [12:13:38.650] {Contact} The original query string of this object is returning 21 records from the Source org.
 [12:13:38.821] {Opportunity} The original query string of this object is returning 31 records from the Source org.

 TRIGGERING ADD-ON EVENTS ...
 [12:13:38.822] No Add-On modules found to run.

 [12:13:38.822] Ready to process the data.

 DELETING OLD DATA FROM THE TARGET ...
 [12:13:38.822] {Opportunity} No records to delete.
 [12:13:38.822] {Contact} No records to delete.
 [12:13:38.823] {Account} No records to delete.
 [12:13:38.823] Deleting data was skipped.

 SOURCE:
 ===========

 FETCHING THE DATA (STAGE 1) ...
 [12:13:38.824] {Account} Fetching the Source data from Org (STAGE 1: all records) ...
 [12:13:38.824] {Account} Query string: SELECT Id, Name  FROM  Account ORDER BY Name ASC.
 [12:13:38.825] {Account} Using REST API to retrieve the data ...
 [12:13:38.982] {Account} Data retrieval (Source) has been completed. Got 18 new records.
 [12:13:38.982] {Contact} Fetching the Source data from Org (STAGE 1: all records) ...
 [12:13:38.983] {Contact} Query string: SELECT Id, FirstName, LastName, Email, $$Email$LastName$FirstName  FROM  Contact ORDER BY Email, LastName, FirstName ASC.
 [12:13:38.983] {Contact} Using REST API to retrieve the data ...
 [12:13:39.150] {Contact} Data retrieval (Source) has been completed. Got 21 new records.
 [12:13:39.150] {Opportunity} Fetching the Source data from Org (STAGE 1: all records) ...
 [12:13:39.150] {Opportunity} Query string: SELECT Id, Name  FROM  Opportunity ORDER BY Name ASC.
 [12:13:39.150] {Opportunity} Using REST API to retrieve the data ...
 [12:13:39.315] {Opportunity} Data retrieval (Source) has been completed. Got 31 new records.
 [12:13:39.315] Data retrieval (STAGE 1) has been completed.

 FETCHING THE DATA (STAGE 2) ...
 [12:13:39.316] PASS 1
 ===========
 [12:13:39.316] No records

 [12:13:39.316] PASS 2
 ===========
 [12:13:39.316] No records

 [12:13:39.316] PASS 3
 ===========
 [12:13:39.317] No records

 [12:13:39.317] PASS 4
 ===========
 [12:13:39.317] No records

 TARGET:
 ===========
 [12:13:39.318] No records
 [12:13:39.318] Data retrieval (STAGE 2) has been completed.

 TRIGGERING ADD-ON EVENTS ...
 [12:13:39.318] No Add-On modules found to run.


 DATA RETRIEVAL SUMMARY.
 [12:13:39.318] {Account} The total amount of the retrieved records: 18/0.
 [12:13:39.318] {Contact} The total amount of the retrieved records: 21/0.
 [12:13:39.319] {Opportunity} The total amount of the retrieved records: 31/0.

 UPDATING THE TARGET (STAGE 1) ...
 [12:13:39.320] {Account} Creating the file /home/runner/work/fullnsa/fullnsa/backupData/Account.csv ...
 [12:13:39.324] {Account} The Target has been updated. Totally processed 18 records.

 [12:13:39.324] {Contact} Creating the file /home/runner/work/fullnsa/fullnsa/backupData/Contact.csv ...
 [12:13:39.325] {Contact} The Target has been updated. Totally processed 21 records.

 [12:13:39.326] {Opportunity} Creating the file /home/runner/work/fullnsa/fullnsa/backupData/Opportunity.csv ...
 [12:13:39.327] {Opportunity} The Target has been updated. Totally processed 31 records.


 [12:13:39.327] The Target (STAGE 1) has been updated. Totally processed 70 records.

 UPDATING THE TARGET (STAGE 2) ...

 [12:13:39.327] Nothing was updated.

 TRIGGERING ADD-ON EVENTS ...
 [12:13:39.328] No Add-On modules found to run.


 DATA PROCESSING SUMMARY.
 [12:13:39.328] {Account} Totally processed 18 records.
 [12:13:39.328] {Contact} Totally processed 21 records.
 [12:13:39.328] {Opportunity} Totally processed 31 records.

 [12:13:39.329] Writing to /home/runner/work/fullnsa/fullnsa/backupData/MissingParentRecordsReport.csv ...


 TRIGGERING ADD-ON EVENTS ...
 [12:13:39.329] No Add-On modules found to run.


 [12:13:39.330] Command succeeded.
 [12:13:39.330] Execution of the command sfdmu:run has been completed. Exit code 0 (SUCCESS).
 [12:13:39.330] Total time elapsed: 00h 00m 08s 615ms .