
 [13:45:34.173] Execution of the command sfdmu:run has been started.

 LOADING AND VALIDATING THE EXPORT.JSON SCRIPT ...

 OBJECT SET #1 STARTED

 {
   "Running Plugin version": "4.38.0"
}
 {
   "Running Add-On API version": "1.6.0"
}

 [13:45:34.182] Loading Core Add-On Module declarations ...
 [13:45:34.250] Connecting to the org_alias using SFDX sf org display ...
 [13:45:37.2] Successfully connected to the org_alias.
 {
   "Source": "org_alias.",
   "Target": "csvfile.",
   "Package script": "/home/runner/work/fullnsa/fullnsa/backupData/export.json."
}

 GETTING AND ANALYSING OBJECT METADATA ...
 [13:45:37.836] Processing the object Account ...
 [13:45:37.836] Fetching metadata of the Account (Source) ...
 [13:45:38.808] Processing the object Contact ...
 [13:45:38.809] Fetching metadata of the Contact (Source) ...
 [13:45:39.657] Fetching metadata of the Group (Source) ...
 [13:45:40.119] Processing the object Contact ...
 [13:45:40.119] Processing the object Account ...

 PREPARING DATA MIGRATION JOB ...
 [13:45:40.120] Building the migration strategy ...
 {
   "Order of objects to query": "Account; Contact"
}
 {
   "Order of objects to delete": "Contact; Account"
}
 {
   "Order of objects to update": "Account; Contact"
}
 [13:45:40.122] Preparing of the data migration job has been completed.

 ANALYSING DATA...
 [13:45:40.308] {Account} The original query string of this object is returning 18 records from the Source org.
 [13:45:40.494] {Contact} The original query string of this object is returning 21 records from the Source org.

 TRIGGERING ADD-ON EVENTS ...
 [13:45:40.495] No Add-On modules found to run.

 [13:45:40.495] Ready to process the data.

 DELETING OLD DATA FROM THE TARGET ...
 [13:45:40.496] {Contact} No records to delete.
 [13:45:40.496] {Account} No records to delete.
 [13:45:40.496] Deleting data was skipped.

 SOURCE:
 ===========

 FETCHING THE DATA (STAGE 1) ...
 [13:45:40.497] {Account} Fetching the Source data from Org (STAGE 1: all records) ...
 [13:45:40.498] {Account} Query string: SELECT Id, Name  FROM  Account ORDER BY Name ASC.
 [13:45:40.499] {Account} Using REST API to retrieve the data ...
 [13:45:40.672] {Account} Data retrieval (Source) has been completed. Got 18 new records.
 [13:45:40.673] {Contact} Fetching the Source data from Org (STAGE 1: all records) ...
 [13:45:40.673] {Contact} Query string: SELECT Id, FirstName, LastName, Email, $$Email$LastName$FirstName  FROM  Contact ORDER BY Email, LastName, FirstName ASC.
 [13:45:40.674] {Contact} Using REST API to retrieve the data ...
 [13:45:40.960] {Contact} Data retrieval (Source) has been completed. Got 21 new records.
 [13:45:40.960] Data retrieval (STAGE 1) has been completed.

 FETCHING THE DATA (STAGE 2) ...
 [13:45:40.960] PASS 1
 ===========
 [13:45:40.961] No records

 [13:45:40.961] PASS 2
 ===========
 [13:45:40.962] No records

 [13:45:40.962] PASS 3
 ===========
 [13:45:40.962] No records

 [13:45:40.962] PASS 4
 ===========
 [13:45:40.962] No records

 TARGET:
 ===========
 [13:45:40.963] No records
 [13:45:40.963] Data retrieval (STAGE 2) has been completed.

 TRIGGERING ADD-ON EVENTS ...
 [13:45:40.963] No Add-On modules found to run.


 DATA RETRIEVAL SUMMARY.
 [13:45:40.964] {Account} The total amount of the retrieved records: 18/0.
 [13:45:40.964] {Contact} The total amount of the retrieved records: 21/0.

 UPDATING THE TARGET (STAGE 1) ...
 [13:45:40.965] {Account} Creating the file /home/runner/work/fullnsa/fullnsa/backupData/Account.csv ...
 [13:45:40.969] {Account} The Target has been updated. Totally processed 18 records.

 [13:45:40.969] {Contact} Creating the file /home/runner/work/fullnsa/fullnsa/backupData/Contact.csv ...
 [13:45:40.971] {Contact} The Target has been updated. Totally processed 21 records.


 [13:45:40.971] The Target (STAGE 1) has been updated. Totally processed 39 records.

 UPDATING THE TARGET (STAGE 2) ...

 [13:45:40.971] Nothing was updated.

 TRIGGERING ADD-ON EVENTS ...
 [13:45:40.972] No Add-On modules found to run.


 DATA PROCESSING SUMMARY.
 [13:45:40.972] {Account} Totally processed 18 records.
 [13:45:40.972] {Contact} Totally processed 21 records.

 [13:45:40.972] Writing to /home/runner/work/fullnsa/fullnsa/backupData/MissingParentRecordsReport.csv ...


 TRIGGERING ADD-ON EVENTS ...
 [13:45:40.973] No Add-On modules found to run.


 [13:45:40.973] Command succeeded.
 [13:45:40.974] Execution of the command sfdmu:run has been completed. Exit code 0 (SUCCESS).
 [13:45:40.974] Total time elapsed: 00h 00m 06s 801ms .