
 [12:15:29.756] Execution of the command sfdmu:run has been started.

 LOADING AND VALIDATING THE EXPORT.JSON SCRIPT ...

 OBJECT SET #1 STARTED

 {
   "Running Plugin version": "4.38.0"
}
 {
   "Running Add-On API version": "1.6.0"
}

 [12:15:29.765] Loading Core Add-On Module declarations ...
 [12:15:29.838] Connecting to the org_alias using SFDX sf org display ...
 [12:15:31.539] Successfully connected to the org_alias.
 {
   "Source": "org_alias.",
   "Target": "csvfile.",
   "Package script": "/home/runner/work/fullnsa/fullnsa/backupData/export.json."
}

 GETTING AND ANALYSING OBJECT METADATA ...
 [12:15:33.349] Processing the object Account ...
 [12:15:33.350] Fetching metadata of the Account (Source) ...
 [12:15:36.533] Processing the object Contact ...
 [12:15:36.534] Fetching metadata of the Contact (Source) ...
 [12:15:37.725] Processing the object Opportunity ...
 [12:15:37.725] Fetching metadata of the Opportunity (Source) ...
 [12:15:38.528] Fetching metadata of the Group (Source) ...
 [12:15:39.155] Processing the object Opportunity ...
 [12:15:39.156] Processing the object Contact ...
 [12:15:39.156] Processing the object Account ...

 PREPARING DATA MIGRATION JOB ...
 [12:15:39.157] Building the migration strategy ...
 {
   "Order of objects to query": "Account; Contact; Opportunity"
}
 {
   "Order of objects to delete": "Opportunity; Contact; Account"
}
 {
   "Order of objects to update": "Account; Contact; Opportunity"
}
 [12:15:39.159] Preparing of the data migration job has been completed.

 ANALYSING DATA...
 [12:15:39.357] {Account} The original query string of this object is returning 18 records from the Source org.
 [12:15:39.573] {Contact} The original query string of this object is returning 21 records from the Source org.
 [12:15:39.741] {Opportunity} The original query string of this object is returning 31 records from the Source org.

 TRIGGERING ADD-ON EVENTS ...
 [12:15:39.742] No Add-On modules found to run.

 [12:15:39.742] Ready to process the data.

 DELETING OLD DATA FROM THE TARGET ...
 [12:15:39.742] {Opportunity} No records to delete.
 [12:15:39.743] {Contact} No records to delete.
 [12:15:39.743] {Account} No records to delete.
 [12:15:39.743] Deleting data was skipped.

 SOURCE:
 ===========

 FETCHING THE DATA (STAGE 1) ...
 [12:15:39.744] {Account} Fetching the Source data from Org (STAGE 1: all records) ...
 [12:15:39.745] {Account} Query string: SELECT Id, Name  FROM  Account ORDER BY Name ASC.
 [12:15:39.746] {Account} Using REST API to retrieve the data ...
 [12:15:40.126] {Account} Data retrieval (Source) has been completed. Got 18 new records.
 [12:15:40.127] {Contact} Fetching the Source data from Org (STAGE 1: all records) ...
 [12:15:40.127] {Contact} Query string: SELECT Id, FirstName, LastName, Email, $$Email$LastName$FirstName  FROM  Contact ORDER BY Email, LastName, FirstName ASC.
 [12:15:40.128] {Contact} Using REST API to retrieve the data ...
 [12:15:40.434] {Contact} Data retrieval (Source) has been completed. Got 21 new records.
 [12:15:40.434] {Opportunity} Fetching the Source data from Org (STAGE 1: all records) ...
 [12:15:40.434] {Opportunity} Query string: SELECT Id, Name  FROM  Opportunity ORDER BY Name ASC.
 [12:15:40.434] {Opportunity} Using REST API to retrieve the data ...
 [12:15:40.638] {Opportunity} Data retrieval (Source) has been completed. Got 31 new records.
 [12:15:40.638] Data retrieval (STAGE 1) has been completed.

 FETCHING THE DATA (STAGE 2) ...
 [12:15:40.639] PASS 1
 ===========
 [12:15:40.639] No records

 [12:15:40.639] PASS 2
 ===========
 [12:15:40.639] No records

 [12:15:40.640] PASS 3
 ===========
 [12:15:40.640] No records

 [12:15:40.640] PASS 4
 ===========
 [12:15:40.640] No records

 TARGET:
 ===========
 [12:15:40.641] No records
 [12:15:40.641] Data retrieval (STAGE 2) has been completed.

 TRIGGERING ADD-ON EVENTS ...
 [12:15:40.641] No Add-On modules found to run.


 DATA RETRIEVAL SUMMARY.
 [12:15:40.642] {Account} The total amount of the retrieved records: 18/0.
 [12:15:40.642] {Contact} The total amount of the retrieved records: 21/0.
 [12:15:40.642] {Opportunity} The total amount of the retrieved records: 31/0.

 UPDATING THE TARGET (STAGE 1) ...
 [12:15:40.643] {Account} Creating the file /home/runner/work/fullnsa/fullnsa/backupData/Account.csv ...
 [12:15:40.647] {Account} The Target has been updated. Totally processed 18 records.

 [12:15:40.647] {Contact} Creating the file /home/runner/work/fullnsa/fullnsa/backupData/Contact.csv ...
 [12:15:40.649] {Contact} The Target has been updated. Totally processed 21 records.

 [12:15:40.649] {Opportunity} Creating the file /home/runner/work/fullnsa/fullnsa/backupData/Opportunity.csv ...
 [12:15:40.651] {Opportunity} The Target has been updated. Totally processed 31 records.


 [12:15:40.651] The Target (STAGE 1) has been updated. Totally processed 70 records.

 UPDATING THE TARGET (STAGE 2) ...

 [12:15:40.651] Nothing was updated.

 TRIGGERING ADD-ON EVENTS ...
 [12:15:40.651] No Add-On modules found to run.


 DATA PROCESSING SUMMARY.
 [12:15:40.652] {Account} Totally processed 18 records.
 [12:15:40.652] {Contact} Totally processed 21 records.
 [12:15:40.652] {Opportunity} Totally processed 31 records.

 [12:15:40.652] Writing to /home/runner/work/fullnsa/fullnsa/backupData/MissingParentRecordsReport.csv ...


 TRIGGERING ADD-ON EVENTS ...
 [12:15:40.653] No Add-On modules found to run.


 [12:15:40.653] Command succeeded.
 [12:15:40.654] Execution of the command sfdmu:run has been completed. Exit code 0 (SUCCESS).
 [12:15:40.654] Total time elapsed: 00h 00m 10s 898ms .