
 [19:42:13.893] Execution of the command sfdmu:run has been started.

 LOADING AND VALIDATING THE EXPORT.JSON SCRIPT ...

 OBJECT SET #1 STARTED

 {
   "Running Plugin version": "4.38.0"
}
 {
   "Running Add-On API version": "1.6.0"
}

 [19:42:13.902] Loading Core Add-On Module declarations ...
 [19:42:13.971] Connecting to the org_alias using SFDX sf org display ...
 [19:42:16.869] Successfully connected to the org_alias.
 {
   "Source": "org_alias.",
   "Target": "csvfile.",
   "Package script": "/home/runner/work/fullnsa/fullnsa/backupData/export.json."
}

 GETTING AND ANALYSING OBJECT METADATA ...
 [19:42:18.359] Processing the object Account ...
 [19:42:18.360] Fetching metadata of the Account (Source) ...
 [19:42:19.559] Processing the object Contact ...
 [19:42:19.559] Fetching metadata of the Contact (Source) ...
 [19:42:20.604] Processing the object Opportunity ...
 [19:42:20.605] Fetching metadata of the Opportunity (Source) ...
 [19:42:21.895] Fetching metadata of the Group (Source) ...
 [19:42:22.483] Processing the object Opportunity ...
 [19:42:22.484] Processing the object Contact ...
 [19:42:22.484] Processing the object Account ...

 PREPARING DATA MIGRATION JOB ...
 [19:42:22.485] Building the migration strategy ...
 {
   "Order of objects to query": "Account; Contact; Opportunity"
}
 {
   "Order of objects to delete": "Opportunity; Contact; Account"
}
 {
   "Order of objects to update": "Account; Contact; Opportunity"
}
 [19:42:22.487] Preparing of the data migration job has been completed.

 ANALYSING DATA...
 [19:42:23.219] {Account} The original query string of this object is returning 18 records from the Source org.
 [19:42:23.476] {Contact} The original query string of this object is returning 21 records from the Source org.
 [19:42:23.724] {Opportunity} The original query string of this object is returning 31 records from the Source org.

 TRIGGERING ADD-ON EVENTS ...
 [19:42:23.725] No Add-On modules found to run.

 [19:42:23.725] Ready to process the data.

 DELETING OLD DATA FROM THE TARGET ...
 [19:42:23.726] {Opportunity} No records to delete.
 [19:42:23.726] {Contact} No records to delete.
 [19:42:23.726] {Account} No records to delete.
 [19:42:23.726] Deleting data was skipped.

 SOURCE:
 ===========

 FETCHING THE DATA (STAGE 1) ...
 [19:42:23.727] {Account} Fetching the Source data from Org (STAGE 1: all records) ...
 [19:42:23.727] {Account} Query string: SELECT Id, Name  FROM  Account ORDER BY Name ASC.
 [19:42:23.729] {Account} Using REST API to retrieve the data ...
 [19:42:23.991] {Account} Data retrieval (Source) has been completed. Got 18 new records.
 [19:42:23.991] {Contact} Fetching the Source data from Org (STAGE 1: all records) ...
 [19:42:23.991] {Contact} Query string: SELECT Id, FirstName, LastName, Email, $$Email$LastName$FirstName  FROM  Contact ORDER BY Email, LastName, FirstName ASC.
 [19:42:23.992] {Contact} Using REST API to retrieve the data ...
 [19:42:24.234] {Contact} Data retrieval (Source) has been completed. Got 21 new records.
 [19:42:24.235] {Opportunity} Fetching the Source data from Org (STAGE 1: all records) ...
 [19:42:24.235] {Opportunity} Query string: SELECT Id, Name  FROM  Opportunity ORDER BY Name ASC.
 [19:42:24.235] {Opportunity} Using REST API to retrieve the data ...
 [19:42:24.459] {Opportunity} Data retrieval (Source) has been completed. Got 31 new records.
 [19:42:24.459] Data retrieval (STAGE 1) has been completed.

 FETCHING THE DATA (STAGE 2) ...
 [19:42:24.460] PASS 1
 ===========
 [19:42:24.460] No records

 [19:42:24.460] PASS 2
 ===========
 [19:42:24.460] No records

 [19:42:24.460] PASS 3
 ===========
 [19:42:24.461] No records

 [19:42:24.461] PASS 4
 ===========
 [19:42:24.461] No records

 TARGET:
 ===========
 [19:42:24.462] No records
 [19:42:24.462] Data retrieval (STAGE 2) has been completed.

 TRIGGERING ADD-ON EVENTS ...
 [19:42:24.462] No Add-On modules found to run.


 DATA RETRIEVAL SUMMARY.
 [19:42:24.462] {Account} The total amount of the retrieved records: 18/0.
 [19:42:24.462] {Contact} The total amount of the retrieved records: 21/0.
 [19:42:24.463] {Opportunity} The total amount of the retrieved records: 31/0.

 UPDATING THE TARGET (STAGE 1) ...
 [19:42:24.463] {Account} Creating the file /home/runner/work/fullnsa/fullnsa/backupData/Account.csv ...
 [19:42:24.468] {Account} The Target has been updated. Totally processed 18 records.

 [19:42:24.468] {Contact} Creating the file /home/runner/work/fullnsa/fullnsa/backupData/Contact.csv ...
 [19:42:24.469] {Contact} The Target has been updated. Totally processed 21 records.

 [19:42:24.469] {Opportunity} Creating the file /home/runner/work/fullnsa/fullnsa/backupData/Opportunity.csv ...
 [19:42:24.471] {Opportunity} The Target has been updated. Totally processed 31 records.


 [19:42:24.471] The Target (STAGE 1) has been updated. Totally processed 70 records.

 UPDATING THE TARGET (STAGE 2) ...

 [19:42:24.471] Nothing was updated.

 TRIGGERING ADD-ON EVENTS ...
 [19:42:24.472] No Add-On modules found to run.


 DATA PROCESSING SUMMARY.
 [19:42:24.472] {Account} Totally processed 18 records.
 [19:42:24.472] {Contact} Totally processed 21 records.
 [19:42:24.472] {Opportunity} Totally processed 31 records.

 [19:42:24.472] Writing to /home/runner/work/fullnsa/fullnsa/backupData/MissingParentRecordsReport.csv ...


 TRIGGERING ADD-ON EVENTS ...
 [19:42:24.473] No Add-On modules found to run.


 [19:42:24.473] Command succeeded.
 [19:42:24.473] Execution of the command sfdmu:run has been completed. Exit code 0 (SUCCESS).
 [19:42:24.474] Total time elapsed: 00h 00m 10s 581ms .