
 [12:14:38.483] Execution of the command sfdmu:run has been started.

 LOADING AND VALIDATING THE EXPORT.JSON SCRIPT ...

 OBJECT SET #1 STARTED

 {
   "Running Plugin version": "4.38.0"
}
 {
   "Running Add-On API version": "1.6.0"
}

 [12:14:38.491] Loading Core Add-On Module declarations ...
 [12:14:38.559] Connecting to the org_alias using SFDX sf org display ...
 [12:14:40.270] Successfully connected to the org_alias.
 {
   "Source": "org_alias.",
   "Target": "csvfile.",
   "Package script": "/home/runner/work/fullnsa/fullnsa/backupData/export.json."
}

 GETTING AND ANALYSING OBJECT METADATA ...
 [12:14:42.242] Processing the object Account ...
 [12:14:42.243] Fetching metadata of the Account (Source) ...
 [12:14:45.12] Processing the object Contact ...
 [12:14:45.12] Fetching metadata of the Contact (Source) ...
 [12:14:45.929] Processing the object Opportunity ...
 [12:14:45.929] Fetching metadata of the Opportunity (Source) ...
 [12:14:46.665] Fetching metadata of the Group (Source) ...
 [12:14:47.171] Processing the object Opportunity ...
 [12:14:47.171] Processing the object Contact ...
 [12:14:47.171] Processing the object Account ...

 PREPARING DATA MIGRATION JOB ...
 [12:14:47.172] Building the migration strategy ...
 {
   "Order of objects to query": "Account; Contact; Opportunity"
}
 {
   "Order of objects to delete": "Opportunity; Contact; Account"
}
 {
   "Order of objects to update": "Account; Contact; Opportunity"
}
 [12:14:47.174] Preparing of the data migration job has been completed.

 ANALYSING DATA...
 [12:14:47.389] {Account} The original query string of this object is returning 18 records from the Source org.
 [12:14:47.577] {Contact} The original query string of this object is returning 21 records from the Source org.
 [12:14:47.770] {Opportunity} The original query string of this object is returning 31 records from the Source org.

 TRIGGERING ADD-ON EVENTS ...
 [12:14:47.770] No Add-On modules found to run.

 [12:14:47.770] Ready to process the data.

 DELETING OLD DATA FROM THE TARGET ...
 [12:14:47.771] {Opportunity} No records to delete.
 [12:14:47.771] {Contact} No records to delete.
 [12:14:47.771] {Account} No records to delete.
 [12:14:47.771] Deleting data was skipped.

 SOURCE:
 ===========

 FETCHING THE DATA (STAGE 1) ...
 [12:14:47.773] {Account} Fetching the Source data from Org (STAGE 1: all records) ...
 [12:14:47.773] {Account} Query string: SELECT Id, Name  FROM  Account ORDER BY Name ASC.
 [12:14:47.774] {Account} Using REST API to retrieve the data ...
 [12:14:47.940] {Account} Data retrieval (Source) has been completed. Got 18 new records.
 [12:14:47.941] {Contact} Fetching the Source data from Org (STAGE 1: all records) ...
 [12:14:47.941] {Contact} Query string: SELECT Id, FirstName, LastName, Email, $$Email$LastName$FirstName  FROM  Contact ORDER BY Email, LastName, FirstName ASC.
 [12:14:47.941] {Contact} Using REST API to retrieve the data ...
 [12:14:48.264] {Contact} Data retrieval (Source) has been completed. Got 21 new records.
 [12:14:48.265] {Opportunity} Fetching the Source data from Org (STAGE 1: all records) ...
 [12:14:48.265] {Opportunity} Query string: SELECT Id, Name  FROM  Opportunity ORDER BY Name ASC.
 [12:14:48.265] {Opportunity} Using REST API to retrieve the data ...
 [12:14:48.472] {Opportunity} Data retrieval (Source) has been completed. Got 31 new records.
 [12:14:48.472] Data retrieval (STAGE 1) has been completed.

 FETCHING THE DATA (STAGE 2) ...
 [12:14:48.472] PASS 1
 ===========
 [12:14:48.473] No records

 [12:14:48.473] PASS 2
 ===========
 [12:14:48.473] No records

 [12:14:48.473] PASS 3
 ===========
 [12:14:48.474] No records

 [12:14:48.474] PASS 4
 ===========
 [12:14:48.474] No records

 TARGET:
 ===========
 [12:14:48.475] No records
 [12:14:48.475] Data retrieval (STAGE 2) has been completed.

 TRIGGERING ADD-ON EVENTS ...
 [12:14:48.475] No Add-On modules found to run.


 DATA RETRIEVAL SUMMARY.
 [12:14:48.475] {Account} The total amount of the retrieved records: 18/0.
 [12:14:48.475] {Contact} The total amount of the retrieved records: 21/0.
 [12:14:48.476] {Opportunity} The total amount of the retrieved records: 31/0.

 UPDATING THE TARGET (STAGE 1) ...
 [12:14:48.477] {Account} Creating the file /home/runner/work/fullnsa/fullnsa/backupData/Account.csv ...
 [12:14:48.481] {Account} The Target has been updated. Totally processed 18 records.

 [12:14:48.481] {Contact} Creating the file /home/runner/work/fullnsa/fullnsa/backupData/Contact.csv ...
 [12:14:48.482] {Contact} The Target has been updated. Totally processed 21 records.

 [12:14:48.482] {Opportunity} Creating the file /home/runner/work/fullnsa/fullnsa/backupData/Opportunity.csv ...
 [12:14:48.484] {Opportunity} The Target has been updated. Totally processed 31 records.


 [12:14:48.484] The Target (STAGE 1) has been updated. Totally processed 70 records.

 UPDATING THE TARGET (STAGE 2) ...

 [12:14:48.484] Nothing was updated.

 TRIGGERING ADD-ON EVENTS ...
 [12:14:48.485] No Add-On modules found to run.


 DATA PROCESSING SUMMARY.
 [12:14:48.485] {Account} Totally processed 18 records.
 [12:14:48.485] {Contact} Totally processed 21 records.
 [12:14:48.485] {Opportunity} Totally processed 31 records.

 [12:14:48.485] Writing to /home/runner/work/fullnsa/fullnsa/backupData/MissingParentRecordsReport.csv ...


 TRIGGERING ADD-ON EVENTS ...
 [12:14:48.486] No Add-On modules found to run.


 [12:14:48.486] Command succeeded.
 [12:14:48.487] Execution of the command sfdmu:run has been completed. Exit code 0 (SUCCESS).
 [12:14:48.487] Total time elapsed: 00h 00m 10s 004ms .