
 [12:15:05.131] Execution of the command sfdmu:run has been started.

 LOADING AND VALIDATING THE EXPORT.JSON SCRIPT ...

 OBJECT SET #1 STARTED

 {
   "Running Plugin version": "4.38.0"
}
 {
   "Running Add-On API version": "1.6.0"
}

 [12:15:05.148] Loading Core Add-On Module declarations ...
 [12:15:05.242] Connecting to the org_alias using SFDX sf org display ...
 [12:15:06.983] Successfully connected to the org_alias.
 {
   "Source": "org_alias.",
   "Target": "csvfile.",
   "Package script": "/home/runner/work/fullnsa/fullnsa/backupData/export.json."
}

 GETTING AND ANALYSING OBJECT METADATA ...
 [12:15:08.593] Processing the object Account ...
 [12:15:08.593] Fetching metadata of the Account (Source) ...
 [12:15:11.404] Processing the object Contact ...
 [12:15:11.404] Fetching metadata of the Contact (Source) ...
 [12:15:12.308] Processing the object Opportunity ...
 [12:15:12.309] Fetching metadata of the Opportunity (Source) ...
 [12:15:13.92] Fetching metadata of the Group (Source) ...
 [12:15:13.708] Processing the object Opportunity ...
 [12:15:13.708] Processing the object Contact ...
 [12:15:13.708] Processing the object Account ...

 PREPARING DATA MIGRATION JOB ...
 [12:15:13.709] Building the migration strategy ...
 {
   "Order of objects to query": "Account; Contact; Opportunity"
}
 {
   "Order of objects to delete": "Opportunity; Contact; Account"
}
 {
   "Order of objects to update": "Account; Contact; Opportunity"
}
 [12:15:13.711] Preparing of the data migration job has been completed.

 ANALYSING DATA...
 [12:15:13.942] {Account} The original query string of this object is returning 18 records from the Source org.
 [12:15:14.226] {Contact} The original query string of this object is returning 21 records from the Source org.
 [12:15:14.458] {Opportunity} The original query string of this object is returning 31 records from the Source org.

 TRIGGERING ADD-ON EVENTS ...
 [12:15:14.459] No Add-On modules found to run.

 [12:15:14.459] Ready to process the data.

 DELETING OLD DATA FROM THE TARGET ...
 [12:15:14.459] {Opportunity} No records to delete.
 [12:15:14.459] {Contact} No records to delete.
 [12:15:14.460] {Account} No records to delete.
 [12:15:14.460] Deleting data was skipped.

 SOURCE:
 ===========

 FETCHING THE DATA (STAGE 1) ...
 [12:15:14.461] {Account} Fetching the Source data from Org (STAGE 1: all records) ...
 [12:15:14.461] {Account} Query string: SELECT Id, Name  FROM  Account ORDER BY Name ASC.
 [12:15:14.462] {Account} Using REST API to retrieve the data ...
 [12:15:14.644] {Account} Data retrieval (Source) has been completed. Got 18 new records.
 [12:15:14.644] {Contact} Fetching the Source data from Org (STAGE 1: all records) ...
 [12:15:14.644] {Contact} Query string: SELECT Id, FirstName, LastName, Email, $$Email$LastName$FirstName  FROM  Contact ORDER BY Email, LastName, FirstName ASC.
 [12:15:14.645] {Contact} Using REST API to retrieve the data ...
 [12:15:14.947] {Contact} Data retrieval (Source) has been completed. Got 21 new records.
 [12:15:14.947] {Opportunity} Fetching the Source data from Org (STAGE 1: all records) ...
 [12:15:14.947] {Opportunity} Query string: SELECT Id, Name  FROM  Opportunity ORDER BY Name ASC.
 [12:15:14.948] {Opportunity} Using REST API to retrieve the data ...
 [12:15:15.134] {Opportunity} Data retrieval (Source) has been completed. Got 31 new records.
 [12:15:15.134] Data retrieval (STAGE 1) has been completed.

 FETCHING THE DATA (STAGE 2) ...
 [12:15:15.135] PASS 1
 ===========
 [12:15:15.135] No records

 [12:15:15.135] PASS 2
 ===========
 [12:15:15.135] No records

 [12:15:15.135] PASS 3
 ===========
 [12:15:15.136] No records

 [12:15:15.136] PASS 4
 ===========
 [12:15:15.136] No records

 TARGET:
 ===========
 [12:15:15.137] No records
 [12:15:15.137] Data retrieval (STAGE 2) has been completed.

 TRIGGERING ADD-ON EVENTS ...
 [12:15:15.137] No Add-On modules found to run.


 DATA RETRIEVAL SUMMARY.
 [12:15:15.137] {Account} The total amount of the retrieved records: 18/0.
 [12:15:15.137] {Contact} The total amount of the retrieved records: 21/0.
 [12:15:15.138] {Opportunity} The total amount of the retrieved records: 31/0.

 UPDATING THE TARGET (STAGE 1) ...
 [12:15:15.139] {Account} Creating the file /home/runner/work/fullnsa/fullnsa/backupData/Account.csv ...
 [12:15:15.143] {Account} The Target has been updated. Totally processed 18 records.

 [12:15:15.143] {Contact} Creating the file /home/runner/work/fullnsa/fullnsa/backupData/Contact.csv ...
 [12:15:15.144] {Contact} The Target has been updated. Totally processed 21 records.

 [12:15:15.145] {Opportunity} Creating the file /home/runner/work/fullnsa/fullnsa/backupData/Opportunity.csv ...
 [12:15:15.146] {Opportunity} The Target has been updated. Totally processed 31 records.


 [12:15:15.146] The Target (STAGE 1) has been updated. Totally processed 70 records.

 UPDATING THE TARGET (STAGE 2) ...

 [12:15:15.147] Nothing was updated.

 TRIGGERING ADD-ON EVENTS ...
 [12:15:15.147] No Add-On modules found to run.


 DATA PROCESSING SUMMARY.
 [12:15:15.147] {Account} Totally processed 18 records.
 [12:15:15.147] {Contact} Totally processed 21 records.
 [12:15:15.147] {Opportunity} Totally processed 31 records.

 [12:15:15.148] Writing to /home/runner/work/fullnsa/fullnsa/backupData/MissingParentRecordsReport.csv ...


 TRIGGERING ADD-ON EVENTS ...
 [12:15:15.148] No Add-On modules found to run.


 [12:15:15.149] Command succeeded.
 [12:15:15.149] Execution of the command sfdmu:run has been completed. Exit code 0 (SUCCESS).
 [12:15:15.149] Total time elapsed: 00h 00m 10s 020ms .