
 [16:23:36.711] Execution of the command sfdmu:run has been started.

 LOADING AND VALIDATING THE EXPORT.JSON SCRIPT ...

 OBJECT SET #1 STARTED

 {
   "Running Plugin version": "4.38.0"
}
 {
   "Running Add-On API version": "1.6.0"
}

 [16:23:36.724] Loading Core Add-On Module declarations ...
 [16:23:36.792] Connecting to the org_alias using SFDX sf org display ...
 [16:23:38.490] Successfully connected to the org_alias.
 {
   "Source": "org_alias.",
   "Target": "csvfile.",
   "Package script": "/home/runner/work/fullnsa/fullnsa/backupData/export.json."
}

 GETTING AND ANALYSING OBJECT METADATA ...
 [16:23:39.366] Processing the object Account ...
 [16:23:39.366] Fetching metadata of the Account (Source) ...
 [16:23:41.240] Processing the object Contact ...
 [16:23:41.241] Fetching metadata of the Contact (Source) ...
 [16:23:42.533] Processing the object Opportunity ...
 [16:23:42.534] Fetching metadata of the Opportunity (Source) ...
 [16:23:43.302] Fetching metadata of the Group (Source) ...
 [16:23:43.816] Processing the object Opportunity ...
 [16:23:43.817] Processing the object Contact ...
 [16:23:43.817] Processing the object Account ...

 PREPARING DATA MIGRATION JOB ...
 [16:23:43.818] Building the migration strategy ...
 {
   "Order of objects to query": "Account; Contact; Opportunity"
}
 {
   "Order of objects to delete": "Opportunity; Contact; Account"
}
 {
   "Order of objects to update": "Account; Contact; Opportunity"
}
 [16:23:43.820] Preparing of the data migration job has been completed.

 ANALYSING DATA...
 [16:23:44.5] {Account} The original query string of this object is returning 18 records from the Source org.
 [16:23:44.182] {Contact} The original query string of this object is returning 21 records from the Source org.
 [16:23:44.351] {Opportunity} The original query string of this object is returning 31 records from the Source org.

 TRIGGERING ADD-ON EVENTS ...
 [16:23:44.352] No Add-On modules found to run.

 [16:23:44.352] Ready to process the data.

 DELETING OLD DATA FROM THE TARGET ...
 [16:23:44.353] {Opportunity} No records to delete.
 [16:23:44.353] {Contact} No records to delete.
 [16:23:44.353] {Account} No records to delete.
 [16:23:44.353] Deleting data was skipped.

 SOURCE:
 ===========

 FETCHING THE DATA (STAGE 1) ...
 [16:23:44.354] {Account} Fetching the Source data from Org (STAGE 1: all records) ...
 [16:23:44.355] {Account} Query string: SELECT Id, Name  FROM  Account ORDER BY Name ASC.
 [16:23:44.356] {Account} Using REST API to retrieve the data ...
 [16:23:44.541] {Account} Data retrieval (Source) has been completed. Got 18 new records.
 [16:23:44.541] {Contact} Fetching the Source data from Org (STAGE 1: all records) ...
 [16:23:44.541] {Contact} Query string: SELECT Id, FirstName, LastName, Email, $$Email$LastName$FirstName  FROM  Contact ORDER BY Email, LastName, FirstName ASC.
 [16:23:44.542] {Contact} Using REST API to retrieve the data ...
 [16:23:44.843] {Contact} Data retrieval (Source) has been completed. Got 21 new records.
 [16:23:44.844] {Opportunity} Fetching the Source data from Org (STAGE 1: all records) ...
 [16:23:44.844] {Opportunity} Query string: SELECT Id, Name  FROM  Opportunity ORDER BY Name ASC.
 [16:23:44.844] {Opportunity} Using REST API to retrieve the data ...
 [16:23:45.18] {Opportunity} Data retrieval (Source) has been completed. Got 31 new records.
 [16:23:45.18] Data retrieval (STAGE 1) has been completed.

 FETCHING THE DATA (STAGE 2) ...
 [16:23:45.19] PASS 1
 ===========
 [16:23:45.19] No records

 [16:23:45.19] PASS 2
 ===========
 [16:23:45.19] No records

 [16:23:45.19] PASS 3
 ===========
 [16:23:45.20] No records

 [16:23:45.20] PASS 4
 ===========
 [16:23:45.20] No records

 TARGET:
 ===========
 [16:23:45.21] No records
 [16:23:45.21] Data retrieval (STAGE 2) has been completed.

 TRIGGERING ADD-ON EVENTS ...
 [16:23:45.21] No Add-On modules found to run.


 DATA RETRIEVAL SUMMARY.
 [16:23:45.21] {Account} The total amount of the retrieved records: 18/0.
 [16:23:45.21] {Contact} The total amount of the retrieved records: 21/0.
 [16:23:45.22] {Opportunity} The total amount of the retrieved records: 31/0.

 UPDATING THE TARGET (STAGE 1) ...
 [16:23:45.23] {Account} Creating the file /home/runner/work/fullnsa/fullnsa/backupData/Account.csv ...
 [16:23:45.27] {Account} The Target has been updated. Totally processed 18 records.

 [16:23:45.27] {Contact} Creating the file /home/runner/work/fullnsa/fullnsa/backupData/Contact.csv ...
 [16:23:45.28] {Contact} The Target has been updated. Totally processed 21 records.

 [16:23:45.28] {Opportunity} Creating the file /home/runner/work/fullnsa/fullnsa/backupData/Opportunity.csv ...
 [16:23:45.30] {Opportunity} The Target has been updated. Totally processed 31 records.


 [16:23:45.30] The Target (STAGE 1) has been updated. Totally processed 70 records.

 UPDATING THE TARGET (STAGE 2) ...

 [16:23:45.30] Nothing was updated.

 TRIGGERING ADD-ON EVENTS ...
 [16:23:45.31] No Add-On modules found to run.


 DATA PROCESSING SUMMARY.
 [16:23:45.31] {Account} Totally processed 18 records.
 [16:23:45.31] {Contact} Totally processed 21 records.
 [16:23:45.31] {Opportunity} Totally processed 31 records.

 [16:23:45.31] Writing to /home/runner/work/fullnsa/fullnsa/backupData/MissingParentRecordsReport.csv ...


 TRIGGERING ADD-ON EVENTS ...
 [16:23:45.32] No Add-On modules found to run.


 [16:23:45.32] Command succeeded.
 [16:23:45.33] Execution of the command sfdmu:run has been completed. Exit code 0 (SUCCESS).
 [16:23:45.33] Total time elapsed: 00h 00m 08s 322ms .