
 [14:47:03.819] Execution of the command sfdmu:run has been started.

 LOADING AND VALIDATING THE EXPORT.JSON SCRIPT ...

 OBJECT SET #1 STARTED

 {
   "Running Plugin version": "4.38.0"
}
 {
   "Running Add-On API version": "1.6.0"
}

 [14:47:03.828] Loading Core Add-On Module declarations ...
 [14:47:03.897] Connecting to the org_alias using SFDX sf org display ...
 [14:47:06.685] Successfully connected to the org_alias.
 {
   "Source": "org_alias.",
   "Target": "csvfile.",
   "Package script": "/home/runner/work/fullnsa/fullnsa/backupData/export.json."
}

 GETTING AND ANALYSING OBJECT METADATA ...
 [14:47:07.606] Processing the object Account ...
 [14:47:07.606] Fetching metadata of the Account (Source) ...
 [14:47:08.572] Processing the object Contact ...
 [14:47:08.573] Fetching metadata of the Contact (Source) ...
 [14:47:09.465] Processing the object Opportunity ...
 [14:47:09.466] Fetching metadata of the Opportunity (Source) ...
 [14:47:10.179] Fetching metadata of the Group (Source) ...
 [14:47:10.585] Processing the object Opportunity ...
 [14:47:10.585] Processing the object Contact ...
 [14:47:10.586] Processing the object Account ...

 PREPARING DATA MIGRATION JOB ...
 [14:47:10.586] Building the migration strategy ...
 {
   "Order of objects to query": "Account; Contact; Opportunity"
}
 {
   "Order of objects to delete": "Opportunity; Contact; Account"
}
 {
   "Order of objects to update": "Account; Contact; Opportunity"
}
 [14:47:10.588] Preparing of the data migration job has been completed.

 ANALYSING DATA...
 [14:47:10.815] {Account} The original query string of this object is returning 18 records from the Source org.
 [14:47:11.14] {Contact} The original query string of this object is returning 21 records from the Source org.
 [14:47:11.216] {Opportunity} The original query string of this object is returning 31 records from the Source org.

 TRIGGERING ADD-ON EVENTS ...
 [14:47:11.217] No Add-On modules found to run.

 [14:47:11.217] Ready to process the data.

 DELETING OLD DATA FROM THE TARGET ...
 [14:47:11.217] {Opportunity} No records to delete.
 [14:47:11.218] {Contact} No records to delete.
 [14:47:11.218] {Account} No records to delete.
 [14:47:11.218] Deleting data was skipped.

 SOURCE:
 ===========

 FETCHING THE DATA (STAGE 1) ...
 [14:47:11.219] {Account} Fetching the Source data from Org (STAGE 1: all records) ...
 [14:47:11.220] {Account} Query string: SELECT Id, Name  FROM  Account ORDER BY Name ASC.
 [14:47:11.221] {Account} Using REST API to retrieve the data ...
 [14:47:11.424] {Account} Data retrieval (Source) has been completed. Got 18 new records.
 [14:47:11.424] {Contact} Fetching the Source data from Org (STAGE 1: all records) ...
 [14:47:11.425] {Contact} Query string: SELECT Id, FirstName, LastName, Email, $$Email$LastName$FirstName  FROM  Contact ORDER BY Email, LastName, FirstName ASC.
 [14:47:11.425] {Contact} Using REST API to retrieve the data ...
 [14:47:11.734] {Contact} Data retrieval (Source) has been completed. Got 21 new records.
 [14:47:11.735] {Opportunity} Fetching the Source data from Org (STAGE 1: all records) ...
 [14:47:11.735] {Opportunity} Query string: SELECT Id, Name  FROM  Opportunity ORDER BY Name ASC.
 [14:47:11.736] {Opportunity} Using REST API to retrieve the data ...
 [14:47:11.924] {Opportunity} Data retrieval (Source) has been completed. Got 31 new records.
 [14:47:11.924] Data retrieval (STAGE 1) has been completed.

 FETCHING THE DATA (STAGE 2) ...
 [14:47:11.924] PASS 1
 ===========
 [14:47:11.924] No records

 [14:47:11.925] PASS 2
 ===========
 [14:47:11.925] No records

 [14:47:11.925] PASS 3
 ===========
 [14:47:11.925] No records

 [14:47:11.925] PASS 4
 ===========
 [14:47:11.926] No records

 TARGET:
 ===========
 [14:47:11.926] No records
 [14:47:11.926] Data retrieval (STAGE 2) has been completed.

 TRIGGERING ADD-ON EVENTS ...
 [14:47:11.926] No Add-On modules found to run.


 DATA RETRIEVAL SUMMARY.
 [14:47:11.927] {Account} The total amount of the retrieved records: 18/0.
 [14:47:11.927] {Contact} The total amount of the retrieved records: 21/0.
 [14:47:11.927] {Opportunity} The total amount of the retrieved records: 31/0.

 UPDATING THE TARGET (STAGE 1) ...
 [14:47:11.928] {Account} Creating the file /home/runner/work/fullnsa/fullnsa/backupData/Account.csv ...
 [14:47:11.932] {Account} The Target has been updated. Totally processed 18 records.

 [14:47:11.932] {Contact} Creating the file /home/runner/work/fullnsa/fullnsa/backupData/Contact.csv ...
 [14:47:11.934] {Contact} The Target has been updated. Totally processed 21 records.

 [14:47:11.934] {Opportunity} Creating the file /home/runner/work/fullnsa/fullnsa/backupData/Opportunity.csv ...
 [14:47:11.935] {Opportunity} The Target has been updated. Totally processed 31 records.


 [14:47:11.935] The Target (STAGE 1) has been updated. Totally processed 70 records.

 UPDATING THE TARGET (STAGE 2) ...

 [14:47:11.936] Nothing was updated.

 TRIGGERING ADD-ON EVENTS ...
 [14:47:11.936] No Add-On modules found to run.


 DATA PROCESSING SUMMARY.
 [14:47:11.936] {Account} Totally processed 18 records.
 [14:47:11.936] {Contact} Totally processed 21 records.
 [14:47:11.937] {Opportunity} Totally processed 31 records.

 [14:47:11.937] Writing to /home/runner/work/fullnsa/fullnsa/backupData/MissingParentRecordsReport.csv ...


 TRIGGERING ADD-ON EVENTS ...
 [14:47:11.937] No Add-On modules found to run.


 [14:47:11.938] Command succeeded.
 [14:47:11.938] Execution of the command sfdmu:run has been completed. Exit code 0 (SUCCESS).
 [14:47:11.938] Total time elapsed: 00h 00m 08s 120ms .