
 [12:12:52.619] Execution of the command sfdmu:run has been started.

 LOADING AND VALIDATING THE EXPORT.JSON SCRIPT ...

 OBJECT SET #1 STARTED

 {
   "Running Plugin version": "4.38.0"
}
 {
   "Running Add-On API version": "1.6.0"
}

 [12:12:52.628] Loading Core Add-On Module declarations ...
 [12:12:52.700] Connecting to the org_alias using SFDX sf org display ...
 [12:12:54.414] Successfully connected to the org_alias.
 {
   "Source": "org_alias.",
   "Target": "csvfile.",
   "Package script": "/home/runner/work/fullnsa/fullnsa/backupData/export.json."
}

 GETTING AND ANALYSING OBJECT METADATA ...
 [12:12:55.794] Processing the object Account ...
 [12:12:55.794] Fetching metadata of the Account (Source) ...
 [12:12:57.536] Processing the object Contact ...
 [12:12:57.536] Fetching metadata of the Contact (Source) ...
 [12:12:58.448] Processing the object Opportunity ...
 [12:12:58.449] Fetching metadata of the Opportunity (Source) ...
 [12:12:59.140] Fetching metadata of the Group (Source) ...
 [12:12:59.765] Processing the object Opportunity ...
 [12:12:59.765] Processing the object Contact ...
 [12:12:59.766] Processing the object Account ...

 PREPARING DATA MIGRATION JOB ...
 [12:12:59.766] Building the migration strategy ...
 {
   "Order of objects to query": "Account; Contact; Opportunity"
}
 {
   "Order of objects to delete": "Opportunity; Contact; Account"
}
 {
   "Order of objects to update": "Account; Contact; Opportunity"
}
 [12:12:59.768] Preparing of the data migration job has been completed.

 ANALYSING DATA...
 [12:12:59.942] {Account} The original query string of this object is returning 18 records from the Source org.
 [12:13:00.108] {Contact} The original query string of this object is returning 21 records from the Source org.
 [12:13:00.297] {Opportunity} The original query string of this object is returning 31 records from the Source org.

 TRIGGERING ADD-ON EVENTS ...
 [12:13:00.298] No Add-On modules found to run.

 [12:13:00.298] Ready to process the data.

 DELETING OLD DATA FROM THE TARGET ...
 [12:13:00.298] {Opportunity} No records to delete.
 [12:13:00.298] {Contact} No records to delete.
 [12:13:00.299] {Account} No records to delete.
 [12:13:00.299] Deleting data was skipped.

 SOURCE:
 ===========

 FETCHING THE DATA (STAGE 1) ...
 [12:13:00.300] {Account} Fetching the Source data from Org (STAGE 1: all records) ...
 [12:13:00.300] {Account} Query string: SELECT Id, Name  FROM  Account ORDER BY Name ASC.
 [12:13:00.301] {Account} Using REST API to retrieve the data ...
 [12:13:00.456] {Account} Data retrieval (Source) has been completed. Got 18 new records.
 [12:13:00.456] {Contact} Fetching the Source data from Org (STAGE 1: all records) ...
 [12:13:00.456] {Contact} Query string: SELECT Id, FirstName, LastName, Email, $$Email$LastName$FirstName  FROM  Contact ORDER BY Email, LastName, FirstName ASC.
 [12:13:00.457] {Contact} Using REST API to retrieve the data ...
 [12:13:00.811] {Contact} Data retrieval (Source) has been completed. Got 21 new records.
 [12:13:00.811] {Opportunity} Fetching the Source data from Org (STAGE 1: all records) ...
 [12:13:00.811] {Opportunity} Query string: SELECT Id, Name  FROM  Opportunity ORDER BY Name ASC.
 [12:13:00.812] {Opportunity} Using REST API to retrieve the data ...
 [12:13:01.104] {Opportunity} Data retrieval (Source) has been completed. Got 31 new records.
 [12:13:01.104] Data retrieval (STAGE 1) has been completed.

 FETCHING THE DATA (STAGE 2) ...
 [12:13:01.105] PASS 1
 ===========
 [12:13:01.105] No records

 [12:13:01.105] PASS 2
 ===========
 [12:13:01.105] No records

 [12:13:01.106] PASS 3
 ===========
 [12:13:01.106] No records

 [12:13:01.106] PASS 4
 ===========
 [12:13:01.106] No records

 TARGET:
 ===========
 [12:13:01.107] No records
 [12:13:01.107] Data retrieval (STAGE 2) has been completed.

 TRIGGERING ADD-ON EVENTS ...
 [12:13:01.107] No Add-On modules found to run.


 DATA RETRIEVAL SUMMARY.
 [12:13:01.107] {Account} The total amount of the retrieved records: 18/0.
 [12:13:01.108] {Contact} The total amount of the retrieved records: 21/0.
 [12:13:01.108] {Opportunity} The total amount of the retrieved records: 31/0.

 UPDATING THE TARGET (STAGE 1) ...
 [12:13:01.109] {Account} Creating the file /home/runner/work/fullnsa/fullnsa/backupData/Account.csv ...
 [12:13:01.113] {Account} The Target has been updated. Totally processed 18 records.

 [12:13:01.113] {Contact} Creating the file /home/runner/work/fullnsa/fullnsa/backupData/Contact.csv ...
 [12:13:01.114] {Contact} The Target has been updated. Totally processed 21 records.

 [12:13:01.115] {Opportunity} Creating the file /home/runner/work/fullnsa/fullnsa/backupData/Opportunity.csv ...
 [12:13:01.116] {Opportunity} The Target has been updated. Totally processed 31 records.


 [12:13:01.116] The Target (STAGE 1) has been updated. Totally processed 70 records.

 UPDATING THE TARGET (STAGE 2) ...

 [12:13:01.116] Nothing was updated.

 TRIGGERING ADD-ON EVENTS ...
 [12:13:01.117] No Add-On modules found to run.


 DATA PROCESSING SUMMARY.
 [12:13:01.117] {Account} Totally processed 18 records.
 [12:13:01.117] {Contact} Totally processed 21 records.
 [12:13:01.117] {Opportunity} Totally processed 31 records.

 [12:13:01.118] Writing to /home/runner/work/fullnsa/fullnsa/backupData/MissingParentRecordsReport.csv ...


 TRIGGERING ADD-ON EVENTS ...
 [12:13:01.118] No Add-On modules found to run.


 [12:13:01.119] Command succeeded.
 [12:13:01.119] Execution of the command sfdmu:run has been completed. Exit code 0 (SUCCESS).
 [12:13:01.119] Total time elapsed: 00h 00m 08s 500ms .