
 [18:59:47.996] Execution of the command sfdmu:run has been started.

 LOADING AND VALIDATING THE EXPORT.JSON SCRIPT ...

 OBJECT SET #1 STARTED

 {
   "Running Plugin version": "4.38.0"
}
 {
   "Running Add-On API version": "1.6.0"
}

 [18:59:48.5] Loading Core Add-On Module declarations ...
 [18:59:48.75] Connecting to the org_alias using SFDX sf org display ...
 [18:59:49.911] Successfully connected to the org_alias.
 {
   "Source": "org_alias.",
   "Target": "csvfile.",
   "Package script": "/home/runner/work/fullnsa/fullnsa/backupData/export.json."
}

 GETTING AND ANALYSING OBJECT METADATA ...
 [18:59:51.6] Processing the object Account ...
 [18:59:51.6] Fetching metadata of the Account (Source) ...
 [18:59:51.858] Processing the object Contact ...
 [18:59:51.861] Fetching metadata of the Contact (Source) ...
 [18:59:52.929] Processing the object Opportunity ...
 [18:59:52.930] Fetching metadata of the Opportunity (Source) ...
 [18:59:53.882] Fetching metadata of the Group (Source) ...
 [18:59:54.485] Processing the object Opportunity ...
 [18:59:54.485] Processing the object Contact ...
 [18:59:54.485] Processing the object Account ...

 PREPARING DATA MIGRATION JOB ...
 [18:59:54.486] Building the migration strategy ...
 {
   "Order of objects to query": "Account; Contact; Opportunity"
}
 {
   "Order of objects to delete": "Opportunity; Contact; Account"
}
 {
   "Order of objects to update": "Account; Contact; Opportunity"
}
 [18:59:54.488] Preparing of the data migration job has been completed.

 ANALYSING DATA...
 [18:59:54.710] {Account} The original query string of this object is returning 18 records from the Source org.
 [18:59:54.936] {Contact} The original query string of this object is returning 21 records from the Source org.
 [18:59:55.174] {Opportunity} The original query string of this object is returning 31 records from the Source org.

 TRIGGERING ADD-ON EVENTS ...
 [18:59:55.175] No Add-On modules found to run.

 [18:59:55.175] Ready to process the data.

 DELETING OLD DATA FROM THE TARGET ...
 [18:59:55.176] {Opportunity} No records to delete.
 [18:59:55.176] {Contact} No records to delete.
 [18:59:55.176] {Account} No records to delete.
 [18:59:55.176] Deleting data was skipped.

 SOURCE:
 ===========

 FETCHING THE DATA (STAGE 1) ...
 [18:59:55.177] {Account} Fetching the Source data from Org (STAGE 1: all records) ...
 [18:59:55.178] {Account} Query string: SELECT Id, Name  FROM  Account ORDER BY Name ASC.
 [18:59:55.179] {Account} Using REST API to retrieve the data ...
 [18:59:55.430] {Account} Data retrieval (Source) has been completed. Got 18 new records.
 [18:59:55.431] {Contact} Fetching the Source data from Org (STAGE 1: all records) ...
 [18:59:55.431] {Contact} Query string: SELECT Id, FirstName, LastName, Email, $$Email$LastName$FirstName  FROM  Contact ORDER BY Email, LastName, FirstName ASC.
 [18:59:55.431] {Contact} Using REST API to retrieve the data ...
 [18:59:55.673] {Contact} Data retrieval (Source) has been completed. Got 21 new records.
 [18:59:55.674] {Opportunity} Fetching the Source data from Org (STAGE 1: all records) ...
 [18:59:55.674] {Opportunity} Query string: SELECT Id, Name  FROM  Opportunity ORDER BY Name ASC.
 [18:59:55.674] {Opportunity} Using REST API to retrieve the data ...
 [18:59:55.897] {Opportunity} Data retrieval (Source) has been completed. Got 31 new records.
 [18:59:55.897] Data retrieval (STAGE 1) has been completed.

 FETCHING THE DATA (STAGE 2) ...
 [18:59:55.898] PASS 1
 ===========
 [18:59:55.898] No records

 [18:59:55.898] PASS 2
 ===========
 [18:59:55.898] No records

 [18:59:55.899] PASS 3
 ===========
 [18:59:55.899] No records

 [18:59:55.899] PASS 4
 ===========
 [18:59:55.899] No records

 TARGET:
 ===========
 [18:59:55.900] No records
 [18:59:55.900] Data retrieval (STAGE 2) has been completed.

 TRIGGERING ADD-ON EVENTS ...
 [18:59:55.900] No Add-On modules found to run.


 DATA RETRIEVAL SUMMARY.
 [18:59:55.900] {Account} The total amount of the retrieved records: 18/0.
 [18:59:55.900] {Contact} The total amount of the retrieved records: 21/0.
 [18:59:55.901] {Opportunity} The total amount of the retrieved records: 31/0.

 UPDATING THE TARGET (STAGE 1) ...
 [18:59:55.901] {Account} Creating the file /home/runner/work/fullnsa/fullnsa/backupData/Account.csv ...
 [18:59:55.905] {Account} The Target has been updated. Totally processed 18 records.

 [18:59:55.906] {Contact} Creating the file /home/runner/work/fullnsa/fullnsa/backupData/Contact.csv ...
 [18:59:55.907] {Contact} The Target has been updated. Totally processed 21 records.

 [18:59:55.907] {Opportunity} Creating the file /home/runner/work/fullnsa/fullnsa/backupData/Opportunity.csv ...
 [18:59:55.908] {Opportunity} The Target has been updated. Totally processed 31 records.


 [18:59:55.909] The Target (STAGE 1) has been updated. Totally processed 70 records.

 UPDATING THE TARGET (STAGE 2) ...

 [18:59:55.909] Nothing was updated.

 TRIGGERING ADD-ON EVENTS ...
 [18:59:55.909] No Add-On modules found to run.


 DATA PROCESSING SUMMARY.
 [18:59:55.909] {Account} Totally processed 18 records.
 [18:59:55.910] {Contact} Totally processed 21 records.
 [18:59:55.910] {Opportunity} Totally processed 31 records.

 [18:59:55.910] Writing to /home/runner/work/fullnsa/fullnsa/backupData/MissingParentRecordsReport.csv ...


 TRIGGERING ADD-ON EVENTS ...
 [18:59:55.910] No Add-On modules found to run.


 [18:59:55.911] Command succeeded.
 [18:59:55.911] Execution of the command sfdmu:run has been completed. Exit code 0 (SUCCESS).
 [18:59:55.911] Total time elapsed: 00h 00m 07s 916ms .