
 [12:30:12.294] Execution of the command sfdmu:run has been started.

 LOADING AND VALIDATING THE EXPORT.JSON SCRIPT ...

 OBJECT SET #1 STARTED

 {
   "Running Plugin version": "4.38.0"
}
 {
   "Running Add-On API version": "1.6.0"
}

 [12:30:12.303] Loading Core Add-On Module declarations ...
 [12:30:12.373] Connecting to the org_alias using SFDX sf org display ...
 [12:30:14.58] Successfully connected to the org_alias.
 {
   "Source": "org_alias.",
   "Target": "csvfile.",
   "Package script": "/home/runner/work/fullnsa/fullnsa/backupData/export.json."
}

 GETTING AND ANALYSING OBJECT METADATA ...
 [12:30:15.515] Processing the object Account ...
 [12:30:15.515] Fetching metadata of the Account (Source) ...
 [12:30:18.644] Processing the object Contact ...
 [12:30:18.645] Fetching metadata of the Contact (Source) ...
 [12:30:19.674] Processing the object Opportunity ...
 [12:30:19.675] Fetching metadata of the Opportunity (Source) ...
 [12:30:20.413] Fetching metadata of the Group (Source) ...
 [12:30:20.946] Processing the object Opportunity ...
 [12:30:20.946] Processing the object Contact ...
 [12:30:20.947] Processing the object Account ...

 PREPARING DATA MIGRATION JOB ...
 [12:30:20.947] Building the migration strategy ...
 {
   "Order of objects to query": "Account; Contact; Opportunity"
}
 {
   "Order of objects to delete": "Opportunity; Contact; Account"
}
 {
   "Order of objects to update": "Account; Contact; Opportunity"
}
 [12:30:20.949] Preparing of the data migration job has been completed.

 ANALYSING DATA...
 [12:30:21.202] {Account} The original query string of this object is returning 18 records from the Source org.
 [12:30:21.385] {Contact} The original query string of this object is returning 21 records from the Source org.
 [12:30:21.612] {Opportunity} The original query string of this object is returning 31 records from the Source org.

 TRIGGERING ADD-ON EVENTS ...
 [12:30:21.612] No Add-On modules found to run.

 [12:30:21.612] Ready to process the data.

 DELETING OLD DATA FROM THE TARGET ...
 [12:30:21.613] {Opportunity} No records to delete.
 [12:30:21.613] {Contact} No records to delete.
 [12:30:21.613] {Account} No records to delete.
 [12:30:21.613] Deleting data was skipped.

 SOURCE:
 ===========

 FETCHING THE DATA (STAGE 1) ...
 [12:30:21.614] {Account} Fetching the Source data from Org (STAGE 1: all records) ...
 [12:30:21.615] {Account} Query string: SELECT Id, Name  FROM  Account ORDER BY Name ASC.
 [12:30:21.616] {Account} Using REST API to retrieve the data ...
 [12:30:21.804] {Account} Data retrieval (Source) has been completed. Got 18 new records.
 [12:30:21.804] {Contact} Fetching the Source data from Org (STAGE 1: all records) ...
 [12:30:21.804] {Contact} Query string: SELECT Id, FirstName, LastName, Email, $$Email$LastName$FirstName  FROM  Contact ORDER BY Email, LastName, FirstName ASC.
 [12:30:21.805] {Contact} Using REST API to retrieve the data ...
 [12:30:22.147] {Contact} Data retrieval (Source) has been completed. Got 21 new records.
 [12:30:22.147] {Opportunity} Fetching the Source data from Org (STAGE 1: all records) ...
 [12:30:22.147] {Opportunity} Query string: SELECT Id, Name  FROM  Opportunity ORDER BY Name ASC.
 [12:30:22.148] {Opportunity} Using REST API to retrieve the data ...
 [12:30:22.310] {Opportunity} Data retrieval (Source) has been completed. Got 31 new records.
 [12:30:22.310] Data retrieval (STAGE 1) has been completed.

 FETCHING THE DATA (STAGE 2) ...
 [12:30:22.311] PASS 1
 ===========
 [12:30:22.311] No records

 [12:30:22.311] PASS 2
 ===========
 [12:30:22.311] No records

 [12:30:22.311] PASS 3
 ===========
 [12:30:22.312] No records

 [12:30:22.312] PASS 4
 ===========
 [12:30:22.312] No records

 TARGET:
 ===========
 [12:30:22.313] No records
 [12:30:22.313] Data retrieval (STAGE 2) has been completed.

 TRIGGERING ADD-ON EVENTS ...
 [12:30:22.313] No Add-On modules found to run.


 DATA RETRIEVAL SUMMARY.
 [12:30:22.313] {Account} The total amount of the retrieved records: 18/0.
 [12:30:22.313] {Contact} The total amount of the retrieved records: 21/0.
 [12:30:22.314] {Opportunity} The total amount of the retrieved records: 31/0.

 UPDATING THE TARGET (STAGE 1) ...
 [12:30:22.315] {Account} Creating the file /home/runner/work/fullnsa/fullnsa/backupData/Account.csv ...
 [12:30:22.319] {Account} The Target has been updated. Totally processed 18 records.

 [12:30:22.319] {Contact} Creating the file /home/runner/work/fullnsa/fullnsa/backupData/Contact.csv ...
 [12:30:22.320] {Contact} The Target has been updated. Totally processed 21 records.

 [12:30:22.320] {Opportunity} Creating the file /home/runner/work/fullnsa/fullnsa/backupData/Opportunity.csv ...
 [12:30:22.322] {Opportunity} The Target has been updated. Totally processed 31 records.


 [12:30:22.322] The Target (STAGE 1) has been updated. Totally processed 70 records.

 UPDATING THE TARGET (STAGE 2) ...

 [12:30:22.322] Nothing was updated.

 TRIGGERING ADD-ON EVENTS ...
 [12:30:22.323] No Add-On modules found to run.


 DATA PROCESSING SUMMARY.
 [12:30:22.323] {Account} Totally processed 18 records.
 [12:30:22.323] {Contact} Totally processed 21 records.
 [12:30:22.323] {Opportunity} Totally processed 31 records.

 [12:30:22.323] Writing to /home/runner/work/fullnsa/fullnsa/backupData/MissingParentRecordsReport.csv ...


 TRIGGERING ADD-ON EVENTS ...
 [12:30:22.324] No Add-On modules found to run.


 [12:30:22.324] Command succeeded.
 [12:30:22.325] Execution of the command sfdmu:run has been completed. Exit code 0 (SUCCESS).
 [12:30:22.325] Total time elapsed: 00h 00m 10s 030ms .