
 [12:16:05.697] Execution of the command sfdmu:run has been started.

 LOADING AND VALIDATING THE EXPORT.JSON SCRIPT ...

 OBJECT SET #1 STARTED

 {
   "Running Plugin version": "4.38.0"
}
 {
   "Running Add-On API version": "1.6.0"
}

 [12:16:05.706] Loading Core Add-On Module declarations ...
 [12:16:05.780] Connecting to the org_alias using SFDX sf org display ...
 [12:16:08.705] Successfully connected to the org_alias.
 {
   "Source": "org_alias.",
   "Target": "csvfile.",
   "Package script": "/home/runner/work/fullnsa/fullnsa/backupData/export.json."
}

 GETTING AND ANALYSING OBJECT METADATA ...
 [12:16:10.695] Processing the object Account ...
 [12:16:10.696] Fetching metadata of the Account (Source) ...
 [12:16:13.891] Processing the object Contact ...
 [12:16:13.892] Fetching metadata of the Contact (Source) ...
 [12:16:15.292] Processing the object Opportunity ...
 [12:16:15.292] Fetching metadata of the Opportunity (Source) ...
 [12:16:16.420] Fetching metadata of the Group (Source) ...
 [12:16:17.184] Processing the object Opportunity ...
 [12:16:17.184] Processing the object Contact ...
 [12:16:17.184] Processing the object Account ...

 PREPARING DATA MIGRATION JOB ...
 [12:16:17.185] Building the migration strategy ...
 {
   "Order of objects to query": "Account; Contact; Opportunity"
}
 {
   "Order of objects to delete": "Opportunity; Contact; Account"
}
 {
   "Order of objects to update": "Account; Contact; Opportunity"
}
 [12:16:17.187] Preparing of the data migration job has been completed.

 ANALYSING DATA...
 [12:16:17.424] {Account} The original query string of this object is returning 18 records from the Source org.
 [12:16:17.647] {Contact} The original query string of this object is returning 21 records from the Source org.
 [12:16:17.869] {Opportunity} The original query string of this object is returning 31 records from the Source org.

 TRIGGERING ADD-ON EVENTS ...
 [12:16:17.869] No Add-On modules found to run.

 [12:16:17.869] Ready to process the data.

 DELETING OLD DATA FROM THE TARGET ...
 [12:16:17.870] {Opportunity} No records to delete.
 [12:16:17.870] {Contact} No records to delete.
 [12:16:17.870] {Account} No records to delete.
 [12:16:17.870] Deleting data was skipped.

 SOURCE:
 ===========

 FETCHING THE DATA (STAGE 1) ...
 [12:16:17.872] {Account} Fetching the Source data from Org (STAGE 1: all records) ...
 [12:16:17.872] {Account} Query string: SELECT Id, Name  FROM  Account ORDER BY Name ASC.
 [12:16:17.873] {Account} Using REST API to retrieve the data ...
 [12:16:18.141] {Account} Data retrieval (Source) has been completed. Got 18 new records.
 [12:16:18.141] {Contact} Fetching the Source data from Org (STAGE 1: all records) ...
 [12:16:18.141] {Contact} Query string: SELECT Id, FirstName, LastName, Email, $$Email$LastName$FirstName  FROM  Contact ORDER BY Email, LastName, FirstName ASC.
 [12:16:18.142] {Contact} Using REST API to retrieve the data ...
 [12:16:18.536] {Contact} Data retrieval (Source) has been completed. Got 21 new records.
 [12:16:18.536] {Opportunity} Fetching the Source data from Org (STAGE 1: all records) ...
 [12:16:18.536] {Opportunity} Query string: SELECT Id, Name  FROM  Opportunity ORDER BY Name ASC.
 [12:16:18.537] {Opportunity} Using REST API to retrieve the data ...
 [12:16:18.911] {Opportunity} Data retrieval (Source) has been completed. Got 31 new records.
 [12:16:18.912] Data retrieval (STAGE 1) has been completed.

 FETCHING THE DATA (STAGE 2) ...
 [12:16:18.912] PASS 1
 ===========
 [12:16:18.912] No records

 [12:16:18.912] PASS 2
 ===========
 [12:16:18.913] No records

 [12:16:18.913] PASS 3
 ===========
 [12:16:18.913] No records

 [12:16:18.913] PASS 4
 ===========
 [12:16:18.913] No records

 TARGET:
 ===========
 [12:16:18.914] No records
 [12:16:18.914] Data retrieval (STAGE 2) has been completed.

 TRIGGERING ADD-ON EVENTS ...
 [12:16:18.914] No Add-On modules found to run.


 DATA RETRIEVAL SUMMARY.
 [12:16:18.915] {Account} The total amount of the retrieved records: 18/0.
 [12:16:18.915] {Contact} The total amount of the retrieved records: 21/0.
 [12:16:18.915] {Opportunity} The total amount of the retrieved records: 31/0.

 UPDATING THE TARGET (STAGE 1) ...
 [12:16:18.916] {Account} Creating the file /home/runner/work/fullnsa/fullnsa/backupData/Account.csv ...
 [12:16:18.920] {Account} The Target has been updated. Totally processed 18 records.

 [12:16:18.920] {Contact} Creating the file /home/runner/work/fullnsa/fullnsa/backupData/Contact.csv ...
 [12:16:18.922] {Contact} The Target has been updated. Totally processed 21 records.

 [12:16:18.922] {Opportunity} Creating the file /home/runner/work/fullnsa/fullnsa/backupData/Opportunity.csv ...
 [12:16:18.923] {Opportunity} The Target has been updated. Totally processed 31 records.


 [12:16:18.923] The Target (STAGE 1) has been updated. Totally processed 70 records.

 UPDATING THE TARGET (STAGE 2) ...

 [12:16:18.924] Nothing was updated.

 TRIGGERING ADD-ON EVENTS ...
 [12:16:18.924] No Add-On modules found to run.


 DATA PROCESSING SUMMARY.
 [12:16:18.924] {Account} Totally processed 18 records.
 [12:16:18.924] {Contact} Totally processed 21 records.
 [12:16:18.925] {Opportunity} Totally processed 31 records.

 [12:16:18.925] Writing to /home/runner/work/fullnsa/fullnsa/backupData/MissingParentRecordsReport.csv ...


 TRIGGERING ADD-ON EVENTS ...
 [12:16:18.925] No Add-On modules found to run.


 [12:16:18.926] Command succeeded.
 [12:16:18.926] Execution of the command sfdmu:run has been completed. Exit code 0 (SUCCESS).
 [12:16:18.926] Total time elapsed: 00h 00m 13s 230ms .