
 [12:28:58.227] Execution of the command sfdmu:run has been started.

 LOADING AND VALIDATING THE EXPORT.JSON SCRIPT ...

 OBJECT SET #1 STARTED

 {
   "Running Plugin version": "4.38.0"
}
 {
   "Running Add-On API version": "1.6.0"
}

 [12:28:58.236] Loading Core Add-On Module declarations ...
 [12:28:58.302] Connecting to the org_alias using SFDX sf org display ...
 [12:28:59.985] Successfully connected to the org_alias.
 {
   "Source": "org_alias.",
   "Target": "csvfile.",
   "Package script": "/home/runner/work/fullnsa/fullnsa/backupData/export.json."
}

 GETTING AND ANALYSING OBJECT METADATA ...
 [12:29:01.90] Processing the object Account ...
 [12:29:01.91] Fetching metadata of the Account (Source) ...
 [12:29:02.828] Processing the object Contact ...
 [12:29:02.828] Fetching metadata of the Contact (Source) ...
 [12:29:03.798] Processing the object Opportunity ...
 [12:29:03.798] Fetching metadata of the Opportunity (Source) ...
 [12:29:04.469] Fetching metadata of the Group (Source) ...
 [12:29:05.45] Processing the object Opportunity ...
 [12:29:05.45] Processing the object Contact ...
 [12:29:05.45] Processing the object Account ...

 PREPARING DATA MIGRATION JOB ...
 [12:29:05.46] Building the migration strategy ...
 {
   "Order of objects to query": "Account; Contact; Opportunity"
}
 {
   "Order of objects to delete": "Opportunity; Contact; Account"
}
 {
   "Order of objects to update": "Account; Contact; Opportunity"
}
 [12:29:05.48] Preparing of the data migration job has been completed.

 ANALYSING DATA...
 [12:29:05.265] {Account} The original query string of this object is returning 18 records from the Source org.
 [12:29:05.466] {Contact} The original query string of this object is returning 21 records from the Source org.
 [12:29:05.691] {Opportunity} The original query string of this object is returning 31 records from the Source org.

 TRIGGERING ADD-ON EVENTS ...
 [12:29:05.691] No Add-On modules found to run.

 [12:29:05.692] Ready to process the data.

 DELETING OLD DATA FROM THE TARGET ...
 [12:29:05.692] {Opportunity} No records to delete.
 [12:29:05.692] {Contact} No records to delete.
 [12:29:05.692] {Account} No records to delete.
 [12:29:05.692] Deleting data was skipped.

 SOURCE:
 ===========

 FETCHING THE DATA (STAGE 1) ...
 [12:29:05.694] {Account} Fetching the Source data from Org (STAGE 1: all records) ...
 [12:29:05.694] {Account} Query string: SELECT Id, Name  FROM  Account ORDER BY Name ASC.
 [12:29:05.696] {Account} Using REST API to retrieve the data ...
 [12:29:05.877] {Account} Data retrieval (Source) has been completed. Got 18 new records.
 [12:29:05.877] {Contact} Fetching the Source data from Org (STAGE 1: all records) ...
 [12:29:05.877] {Contact} Query string: SELECT Id, FirstName, LastName, Email, $$Email$LastName$FirstName  FROM  Contact ORDER BY Email, LastName, FirstName ASC.
 [12:29:05.878] {Contact} Using REST API to retrieve the data ...
 [12:29:06.74] {Contact} Data retrieval (Source) has been completed. Got 21 new records.
 [12:29:06.74] {Opportunity} Fetching the Source data from Org (STAGE 1: all records) ...
 [12:29:06.74] {Opportunity} Query string: SELECT Id, Name  FROM  Opportunity ORDER BY Name ASC.
 [12:29:06.75] {Opportunity} Using REST API to retrieve the data ...
 [12:29:06.564] {Opportunity} Data retrieval (Source) has been completed. Got 31 new records.
 [12:29:06.564] Data retrieval (STAGE 1) has been completed.

 FETCHING THE DATA (STAGE 2) ...
 [12:29:06.565] PASS 1
 ===========
 [12:29:06.565] No records

 [12:29:06.565] PASS 2
 ===========
 [12:29:06.565] No records

 [12:29:06.566] PASS 3
 ===========
 [12:29:06.566] No records

 [12:29:06.566] PASS 4
 ===========
 [12:29:06.566] No records

 TARGET:
 ===========
 [12:29:06.567] No records
 [12:29:06.567] Data retrieval (STAGE 2) has been completed.

 TRIGGERING ADD-ON EVENTS ...
 [12:29:06.567] No Add-On modules found to run.


 DATA RETRIEVAL SUMMARY.
 [12:29:06.567] {Account} The total amount of the retrieved records: 18/0.
 [12:29:06.567] {Contact} The total amount of the retrieved records: 21/0.
 [12:29:06.568] {Opportunity} The total amount of the retrieved records: 31/0.

 UPDATING THE TARGET (STAGE 1) ...
 [12:29:06.568] {Account} Creating the file /home/runner/work/fullnsa/fullnsa/backupData/Account.csv ...
 [12:29:06.573] {Account} The Target has been updated. Totally processed 18 records.

 [12:29:06.573] {Contact} Creating the file /home/runner/work/fullnsa/fullnsa/backupData/Contact.csv ...
 [12:29:06.574] {Contact} The Target has been updated. Totally processed 21 records.

 [12:29:06.574] {Opportunity} Creating the file /home/runner/work/fullnsa/fullnsa/backupData/Opportunity.csv ...
 [12:29:06.576] {Opportunity} The Target has been updated. Totally processed 31 records.


 [12:29:06.576] The Target (STAGE 1) has been updated. Totally processed 70 records.

 UPDATING THE TARGET (STAGE 2) ...

 [12:29:06.576] Nothing was updated.

 TRIGGERING ADD-ON EVENTS ...
 [12:29:06.577] No Add-On modules found to run.


 DATA PROCESSING SUMMARY.
 [12:29:06.577] {Account} Totally processed 18 records.
 [12:29:06.577] {Contact} Totally processed 21 records.
 [12:29:06.577] {Opportunity} Totally processed 31 records.

 [12:29:06.577] Writing to /home/runner/work/fullnsa/fullnsa/backupData/MissingParentRecordsReport.csv ...


 TRIGGERING ADD-ON EVENTS ...
 [12:29:06.578] No Add-On modules found to run.


 [12:29:06.578] Command succeeded.
 [12:29:06.578] Execution of the command sfdmu:run has been completed. Exit code 0 (SUCCESS).
 [12:29:06.579] Total time elapsed: 00h 00m 08s 352ms .