
 [15:17:38.220] Execution of the command sfdmu:run has been started.

 LOADING AND VALIDATING THE EXPORT.JSON SCRIPT ...

 OBJECT SET #1 STARTED

 {
   "Running Plugin version": "4.38.0"
}
 {
   "Running Add-On API version": "1.6.0"
}

 [15:17:38.229] Loading Core Add-On Module declarations ...
 [15:17:38.297] Connecting to the org_alias using SFDX sf org display ...
 [15:17:41.172] Successfully connected to the org_alias.
 {
   "Source": "org_alias.",
   "Target": "csvfile.",
   "Package script": "/home/runner/work/fullnsa/fullnsa/backupData/export.json."
}

 GETTING AND ANALYSING OBJECT METADATA ...
 [15:17:42.554] Processing the object Account ...
 [15:17:42.555] Fetching metadata of the Account (Source) ...
 [15:17:43.876] Processing the object Contact ...
 [15:17:43.876] Fetching metadata of the Contact (Source) ...
 [15:17:44.937] Processing the object Opportunity ...
 [15:17:44.937] Fetching metadata of the Opportunity (Source) ...
 [15:17:45.778] Fetching metadata of the Group (Source) ...
 [15:17:46.419] Processing the object Opportunity ...
 [15:17:46.419] Processing the object Contact ...
 [15:17:46.419] Processing the object Account ...

 PREPARING DATA MIGRATION JOB ...
 [15:17:46.420] Building the migration strategy ...
 {
   "Order of objects to query": "Account; Contact; Opportunity"
}
 {
   "Order of objects to delete": "Opportunity; Contact; Account"
}
 {
   "Order of objects to update": "Account; Contact; Opportunity"
}
 [15:17:46.422] Preparing of the data migration job has been completed.

 ANALYSING DATA...
 [15:17:46.668] {Account} The original query string of this object is returning 18 records from the Source org.
 [15:17:46.934] {Contact} The original query string of this object is returning 21 records from the Source org.
 [15:17:47.179] {Opportunity} The original query string of this object is returning 31 records from the Source org.

 TRIGGERING ADD-ON EVENTS ...
 [15:17:47.180] No Add-On modules found to run.

 [15:17:47.180] Ready to process the data.

 DELETING OLD DATA FROM THE TARGET ...
 [15:17:47.181] {Opportunity} No records to delete.
 [15:17:47.181] {Contact} No records to delete.
 [15:17:47.181] {Account} No records to delete.
 [15:17:47.181] Deleting data was skipped.

 SOURCE:
 ===========

 FETCHING THE DATA (STAGE 1) ...
 [15:17:47.182] {Account} Fetching the Source data from Org (STAGE 1: all records) ...
 [15:17:47.183] {Account} Query string: SELECT Id, Name  FROM  Account ORDER BY Name ASC.
 [15:17:47.184] {Account} Using REST API to retrieve the data ...
 [15:17:47.413] {Account} Data retrieval (Source) has been completed. Got 18 new records.
 [15:17:47.413] {Contact} Fetching the Source data from Org (STAGE 1: all records) ...
 [15:17:47.413] {Contact} Query string: SELECT Id, FirstName, LastName, Email, $$Email$LastName$FirstName  FROM  Contact ORDER BY Email, LastName, FirstName ASC.
 [15:17:47.415] {Contact} Using REST API to retrieve the data ...
 [15:17:47.655] {Contact} Data retrieval (Source) has been completed. Got 21 new records.
 [15:17:47.655] {Opportunity} Fetching the Source data from Org (STAGE 1: all records) ...
 [15:17:47.655] {Opportunity} Query string: SELECT Id, Name  FROM  Opportunity ORDER BY Name ASC.
 [15:17:47.655] {Opportunity} Using REST API to retrieve the data ...
 [15:17:47.887] {Opportunity} Data retrieval (Source) has been completed. Got 31 new records.
 [15:17:47.887] Data retrieval (STAGE 1) has been completed.

 FETCHING THE DATA (STAGE 2) ...
 [15:17:47.888] PASS 1
 ===========
 [15:17:47.888] No records

 [15:17:47.888] PASS 2
 ===========
 [15:17:47.888] No records

 [15:17:47.889] PASS 3
 ===========
 [15:17:47.889] No records

 [15:17:47.889] PASS 4
 ===========
 [15:17:47.889] No records

 TARGET:
 ===========
 [15:17:47.890] No records
 [15:17:47.890] Data retrieval (STAGE 2) has been completed.

 TRIGGERING ADD-ON EVENTS ...
 [15:17:47.890] No Add-On modules found to run.


 DATA RETRIEVAL SUMMARY.
 [15:17:47.890] {Account} The total amount of the retrieved records: 18/0.
 [15:17:47.890] {Contact} The total amount of the retrieved records: 21/0.
 [15:17:47.891] {Opportunity} The total amount of the retrieved records: 31/0.

 UPDATING THE TARGET (STAGE 1) ...
 [15:17:47.891] {Account} Creating the file /home/runner/work/fullnsa/fullnsa/backupData/Account.csv ...
 [15:17:47.895] {Account} The Target has been updated. Totally processed 18 records.

 [15:17:47.896] {Contact} Creating the file /home/runner/work/fullnsa/fullnsa/backupData/Contact.csv ...
 [15:17:47.897] {Contact} The Target has been updated. Totally processed 21 records.

 [15:17:47.897] {Opportunity} Creating the file /home/runner/work/fullnsa/fullnsa/backupData/Opportunity.csv ...
 [15:17:47.899] {Opportunity} The Target has been updated. Totally processed 31 records.


 [15:17:47.899] The Target (STAGE 1) has been updated. Totally processed 70 records.

 UPDATING THE TARGET (STAGE 2) ...

 [15:17:47.899] Nothing was updated.

 TRIGGERING ADD-ON EVENTS ...
 [15:17:47.899] No Add-On modules found to run.


 DATA PROCESSING SUMMARY.
 [15:17:47.900] {Account} Totally processed 18 records.
 [15:17:47.900] {Contact} Totally processed 21 records.
 [15:17:47.900] {Opportunity} Totally processed 31 records.

 [15:17:47.900] Writing to /home/runner/work/fullnsa/fullnsa/backupData/MissingParentRecordsReport.csv ...


 TRIGGERING ADD-ON EVENTS ...
 [15:17:47.900] No Add-On modules found to run.


 [15:17:47.901] Command succeeded.
 [15:17:47.901] Execution of the command sfdmu:run has been completed. Exit code 0 (SUCCESS).
 [15:17:47.901] Total time elapsed: 00h 00m 09s 682ms .