
 [13:52:53.704] Execution of the command sfdmu:run has been started.

 LOADING AND VALIDATING THE EXPORT.JSON SCRIPT ...

 OBJECT SET #1 STARTED

 {
   "Running Plugin version": "4.38.0"
}
 {
   "Running Add-On API version": "1.6.0"
}

 [13:52:53.713] Loading Core Add-On Module declarations ...
 [13:52:53.782] Connecting to the org_alias using SFDX sf org display ...
 [13:52:56.777] Successfully connected to the org_alias.
 {
   "Source": "org_alias.",
   "Target": "csvfile.",
   "Package script": "/home/runner/work/fullnsa/fullnsa/backupData/export.json."
}

 GETTING AND ANALYSING OBJECT METADATA ...
 [13:52:57.603] Processing the object Account ...
 [13:52:57.604] Fetching metadata of the Account (Source) ...
 [13:52:58.566] Processing the object Contact ...
 [13:52:58.566] Fetching metadata of the Contact (Source) ...
 [13:52:59.404] Processing the object Opportunity ...
 [13:52:59.405] Fetching metadata of the Opportunity (Source) ...
 [13:53:00.136] Fetching metadata of the Group (Source) ...
 [13:53:00.668] Processing the object Opportunity ...
 [13:53:00.668] Processing the object Contact ...
 [13:53:00.668] Processing the object Account ...

 PREPARING DATA MIGRATION JOB ...
 [13:53:00.669] Building the migration strategy ...
 {
   "Order of objects to query": "Account; Contact; Opportunity"
}
 {
   "Order of objects to delete": "Opportunity; Contact; Account"
}
 {
   "Order of objects to update": "Account; Contact; Opportunity"
}
 [13:53:00.671] Preparing of the data migration job has been completed.

 ANALYSING DATA...
 [13:53:00.857] {Account} The original query string of this object is returning 18 records from the Source org.
 [13:53:01.28] {Contact} The original query string of this object is returning 21 records from the Source org.
 [13:53:01.223] {Opportunity} The original query string of this object is returning 31 records from the Source org.

 TRIGGERING ADD-ON EVENTS ...
 [13:53:01.224] No Add-On modules found to run.

 [13:53:01.224] Ready to process the data.

 DELETING OLD DATA FROM THE TARGET ...
 [13:53:01.225] {Opportunity} No records to delete.
 [13:53:01.225] {Contact} No records to delete.
 [13:53:01.225] {Account} No records to delete.
 [13:53:01.225] Deleting data was skipped.

 SOURCE:
 ===========

 FETCHING THE DATA (STAGE 1) ...
 [13:53:01.227] {Account} Fetching the Source data from Org (STAGE 1: all records) ...
 [13:53:01.227] {Account} Query string: SELECT Id, Name  FROM  Account ORDER BY Name ASC.
 [13:53:01.228] {Account} Using REST API to retrieve the data ...
 [13:53:01.396] {Account} Data retrieval (Source) has been completed. Got 18 new records.
 [13:53:01.396] {Contact} Fetching the Source data from Org (STAGE 1: all records) ...
 [13:53:01.396] {Contact} Query string: SELECT Id, FirstName, LastName, Email, $$Email$LastName$FirstName  FROM  Contact ORDER BY Email, LastName, FirstName ASC.
 [13:53:01.397] {Contact} Using REST API to retrieve the data ...
 [13:53:01.578] {Contact} Data retrieval (Source) has been completed. Got 21 new records.
 [13:53:01.579] {Opportunity} Fetching the Source data from Org (STAGE 1: all records) ...
 [13:53:01.579] {Opportunity} Query string: SELECT Id, Name  FROM  Opportunity ORDER BY Name ASC.
 [13:53:01.579] {Opportunity} Using REST API to retrieve the data ...
 [13:53:01.752] {Opportunity} Data retrieval (Source) has been completed. Got 31 new records.
 [13:53:01.753] Data retrieval (STAGE 1) has been completed.

 FETCHING THE DATA (STAGE 2) ...
 [13:53:01.753] PASS 1
 ===========
 [13:53:01.753] No records

 [13:53:01.753] PASS 2
 ===========
 [13:53:01.754] No records

 [13:53:01.754] PASS 3
 ===========
 [13:53:01.754] No records

 [13:53:01.754] PASS 4
 ===========
 [13:53:01.754] No records

 TARGET:
 ===========
 [13:53:01.755] No records
 [13:53:01.755] Data retrieval (STAGE 2) has been completed.

 TRIGGERING ADD-ON EVENTS ...
 [13:53:01.755] No Add-On modules found to run.


 DATA RETRIEVAL SUMMARY.
 [13:53:01.756] {Account} The total amount of the retrieved records: 18/0.
 [13:53:01.756] {Contact} The total amount of the retrieved records: 21/0.
 [13:53:01.756] {Opportunity} The total amount of the retrieved records: 31/0.

 UPDATING THE TARGET (STAGE 1) ...
 [13:53:01.757] {Account} Creating the file /home/runner/work/fullnsa/fullnsa/backupData/Account.csv ...
 [13:53:01.761] {Account} The Target has been updated. Totally processed 18 records.

 [13:53:01.761] {Contact} Creating the file /home/runner/work/fullnsa/fullnsa/backupData/Contact.csv ...
 [13:53:01.762] {Contact} The Target has been updated. Totally processed 21 records.

 [13:53:01.763] {Opportunity} Creating the file /home/runner/work/fullnsa/fullnsa/backupData/Opportunity.csv ...
 [13:53:01.764] {Opportunity} The Target has been updated. Totally processed 31 records.


 [13:53:01.764] The Target (STAGE 1) has been updated. Totally processed 70 records.

 UPDATING THE TARGET (STAGE 2) ...

 [13:53:01.764] Nothing was updated.

 TRIGGERING ADD-ON EVENTS ...
 [13:53:01.765] No Add-On modules found to run.


 DATA PROCESSING SUMMARY.
 [13:53:01.765] {Account} Totally processed 18 records.
 [13:53:01.765] {Contact} Totally processed 21 records.
 [13:53:01.765] {Opportunity} Totally processed 31 records.

 [13:53:01.765] Writing to /home/runner/work/fullnsa/fullnsa/backupData/MissingParentRecordsReport.csv ...


 TRIGGERING ADD-ON EVENTS ...
 [13:53:01.766] No Add-On modules found to run.


 [13:53:01.766] Command succeeded.
 [13:53:01.766] Execution of the command sfdmu:run has been completed. Exit code 0 (SUCCESS).
 [13:53:01.767] Total time elapsed: 00h 00m 08s 063ms .