
 [18:16:31.763] Execution of the command sfdmu:run has been started.

 LOADING AND VALIDATING THE EXPORT.JSON SCRIPT ...

 OBJECT SET #1 STARTED

 {
   "Running Plugin version": "4.38.0"
}
 {
   "Running Add-On API version": "1.6.0"
}

 [18:16:31.772] Loading Core Add-On Module declarations ...
 [18:16:31.841] Connecting to the org_alias using SFDX sf org display ...
 [18:16:34.836] Successfully connected to the org_alias.
 {
   "Source": "org_alias.",
   "Target": "csvfile.",
   "Package script": "/home/runner/work/fullnsa/fullnsa/backupData/export.json."
}

 GETTING AND ANALYSING OBJECT METADATA ...
 [18:16:36.210] Processing the object Account ...
 [18:16:36.210] Fetching metadata of the Account (Source) ...
 [18:16:37.428] Processing the object Contact ...
 [18:16:37.428] Fetching metadata of the Contact (Source) ...
 [18:16:38.426] Processing the object Opportunity ...
 [18:16:38.427] Fetching metadata of the Opportunity (Source) ...
 [18:16:39.217] Fetching metadata of the Group (Source) ...
 [18:16:40.141] Processing the object Opportunity ...
 [18:16:40.142] Processing the object Contact ...
 [18:16:40.142] Processing the object Account ...

 PREPARING DATA MIGRATION JOB ...
 [18:16:40.142] Building the migration strategy ...
 {
   "Order of objects to query": "Account; Contact; Opportunity"
}
 {
   "Order of objects to delete": "Opportunity; Contact; Account"
}
 {
   "Order of objects to update": "Account; Contact; Opportunity"
}
 [18:16:40.144] Preparing of the data migration job has been completed.

 ANALYSING DATA...
 [18:16:40.375] {Account} The original query string of this object is returning 18 records from the Source org.
 [18:16:40.619] {Contact} The original query string of this object is returning 21 records from the Source org.
 [18:16:40.845] {Opportunity} The original query string of this object is returning 31 records from the Source org.

 TRIGGERING ADD-ON EVENTS ...
 [18:16:40.846] No Add-On modules found to run.

 [18:16:40.846] Ready to process the data.

 DELETING OLD DATA FROM THE TARGET ...
 [18:16:40.846] {Opportunity} No records to delete.
 [18:16:40.847] {Contact} No records to delete.
 [18:16:40.847] {Account} No records to delete.
 [18:16:40.847] Deleting data was skipped.

 SOURCE:
 ===========

 FETCHING THE DATA (STAGE 1) ...
 [18:16:40.849] {Account} Fetching the Source data from Org (STAGE 1: all records) ...
 [18:16:40.849] {Account} Query string: SELECT Id, Name  FROM  Account ORDER BY Name ASC.
 [18:16:40.850] {Account} Using REST API to retrieve the data ...
 [18:16:41.74] {Account} Data retrieval (Source) has been completed. Got 18 new records.
 [18:16:41.74] {Contact} Fetching the Source data from Org (STAGE 1: all records) ...
 [18:16:41.75] {Contact} Query string: SELECT Id, FirstName, LastName, Email, $$Email$LastName$FirstName  FROM  Contact ORDER BY Email, LastName, FirstName ASC.
 [18:16:41.75] {Contact} Using REST API to retrieve the data ...
 [18:16:41.301] {Contact} Data retrieval (Source) has been completed. Got 21 new records.
 [18:16:41.301] {Opportunity} Fetching the Source data from Org (STAGE 1: all records) ...
 [18:16:41.301] {Opportunity} Query string: SELECT Id, Name  FROM  Opportunity ORDER BY Name ASC.
 [18:16:41.302] {Opportunity} Using REST API to retrieve the data ...
 [18:16:41.535] {Opportunity} Data retrieval (Source) has been completed. Got 31 new records.
 [18:16:41.535] Data retrieval (STAGE 1) has been completed.

 FETCHING THE DATA (STAGE 2) ...
 [18:16:41.535] PASS 1
 ===========
 [18:16:41.536] No records

 [18:16:41.536] PASS 2
 ===========
 [18:16:41.536] No records

 [18:16:41.536] PASS 3
 ===========
 [18:16:41.536] No records

 [18:16:41.537] PASS 4
 ===========
 [18:16:41.537] No records

 TARGET:
 ===========
 [18:16:41.537] No records
 [18:16:41.538] Data retrieval (STAGE 2) has been completed.

 TRIGGERING ADD-ON EVENTS ...
 [18:16:41.538] No Add-On modules found to run.


 DATA RETRIEVAL SUMMARY.
 [18:16:41.538] {Account} The total amount of the retrieved records: 18/0.
 [18:16:41.538] {Contact} The total amount of the retrieved records: 21/0.
 [18:16:41.538] {Opportunity} The total amount of the retrieved records: 31/0.

 UPDATING THE TARGET (STAGE 1) ...
 [18:16:41.539] {Account} Creating the file /home/runner/work/fullnsa/fullnsa/backupData/Account.csv ...
 [18:16:41.543] {Account} The Target has been updated. Totally processed 18 records.

 [18:16:41.544] {Contact} Creating the file /home/runner/work/fullnsa/fullnsa/backupData/Contact.csv ...
 [18:16:41.545] {Contact} The Target has been updated. Totally processed 21 records.

 [18:16:41.545] {Opportunity} Creating the file /home/runner/work/fullnsa/fullnsa/backupData/Opportunity.csv ...
 [18:16:41.547] {Opportunity} The Target has been updated. Totally processed 31 records.


 [18:16:41.547] The Target (STAGE 1) has been updated. Totally processed 70 records.

 UPDATING THE TARGET (STAGE 2) ...

 [18:16:41.547] Nothing was updated.

 TRIGGERING ADD-ON EVENTS ...
 [18:16:41.547] No Add-On modules found to run.


 DATA PROCESSING SUMMARY.
 [18:16:41.548] {Account} Totally processed 18 records.
 [18:16:41.548] {Contact} Totally processed 21 records.
 [18:16:41.548] {Opportunity} Totally processed 31 records.

 [18:16:41.548] Writing to /home/runner/work/fullnsa/fullnsa/backupData/MissingParentRecordsReport.csv ...


 TRIGGERING ADD-ON EVENTS ...
 [18:16:41.549] No Add-On modules found to run.


 [18:16:41.549] Command succeeded.
 [18:16:41.549] Execution of the command sfdmu:run has been completed. Exit code 0 (SUCCESS).
 [18:16:41.550] Total time elapsed: 00h 00m 09s 787ms .