
 [12:30:34.871] Execution of the command sfdmu:run has been started.

 LOADING AND VALIDATING THE EXPORT.JSON SCRIPT ...

 OBJECT SET #1 STARTED

 {
   "Running Plugin version": "4.38.0"
}
 {
   "Running Add-On API version": "1.6.0"
}

 [12:30:34.881] Loading Core Add-On Module declarations ...
 [12:30:34.953] Connecting to the org_alias using SFDX sf org display ...
 [12:30:36.663] Successfully connected to the org_alias.
 {
   "Source": "org_alias.",
   "Target": "csvfile.",
   "Package script": "/home/runner/work/fullnsa/fullnsa/backupData/export.json."
}

 GETTING AND ANALYSING OBJECT METADATA ...
 [12:30:38.324] Processing the object Account ...
 [12:30:38.324] Fetching metadata of the Account (Source) ...
 [12:30:41.101] Processing the object Contact ...
 [12:30:41.101] Fetching metadata of the Contact (Source) ...
 [12:30:42.94] Processing the object Opportunity ...
 [12:30:42.94] Fetching metadata of the Opportunity (Source) ...
 [12:30:42.843] Fetching metadata of the Group (Source) ...
 [12:30:43.457] Processing the object Opportunity ...
 [12:30:43.458] Processing the object Contact ...
 [12:30:43.458] Processing the object Account ...

 PREPARING DATA MIGRATION JOB ...
 [12:30:43.459] Building the migration strategy ...
 {
   "Order of objects to query": "Account; Contact; Opportunity"
}
 {
   "Order of objects to delete": "Opportunity; Contact; Account"
}
 {
   "Order of objects to update": "Account; Contact; Opportunity"
}
 [12:30:43.460] Preparing of the data migration job has been completed.

 ANALYSING DATA...
 [12:30:43.712] {Account} The original query string of this object is returning 18 records from the Source org.
 [12:30:43.939] {Contact} The original query string of this object is returning 21 records from the Source org.
 [12:30:44.175] {Opportunity} The original query string of this object is returning 31 records from the Source org.

 TRIGGERING ADD-ON EVENTS ...
 [12:30:44.176] No Add-On modules found to run.

 [12:30:44.176] Ready to process the data.

 DELETING OLD DATA FROM THE TARGET ...
 [12:30:44.176] {Opportunity} No records to delete.
 [12:30:44.180] {Contact} No records to delete.
 [12:30:44.180] {Account} No records to delete.
 [12:30:44.181] Deleting data was skipped.

 SOURCE:
 ===========

 FETCHING THE DATA (STAGE 1) ...
 [12:30:44.182] {Account} Fetching the Source data from Org (STAGE 1: all records) ...
 [12:30:44.183] {Account} Query string: SELECT Id, Name  FROM  Account ORDER BY Name ASC.
 [12:30:44.184] {Account} Using REST API to retrieve the data ...
 [12:30:44.383] {Account} Data retrieval (Source) has been completed. Got 18 new records.
 [12:30:44.384] {Contact} Fetching the Source data from Org (STAGE 1: all records) ...
 [12:30:44.384] {Contact} Query string: SELECT Id, FirstName, LastName, Email, $$Email$LastName$FirstName  FROM  Contact ORDER BY Email, LastName, FirstName ASC.
 [12:30:44.385] {Contact} Using REST API to retrieve the data ...
 [12:30:44.595] {Contact} Data retrieval (Source) has been completed. Got 21 new records.
 [12:30:44.596] {Opportunity} Fetching the Source data from Org (STAGE 1: all records) ...
 [12:30:44.596] {Opportunity} Query string: SELECT Id, Name  FROM  Opportunity ORDER BY Name ASC.
 [12:30:44.596] {Opportunity} Using REST API to retrieve the data ...
 [12:30:44.903] {Opportunity} Data retrieval (Source) has been completed. Got 31 new records.
 [12:30:44.903] Data retrieval (STAGE 1) has been completed.

 FETCHING THE DATA (STAGE 2) ...
 [12:30:44.903] PASS 1
 ===========
 [12:30:44.903] No records

 [12:30:44.903] PASS 2
 ===========
 [12:30:44.904] No records

 [12:30:44.904] PASS 3
 ===========
 [12:30:44.904] No records

 [12:30:44.904] PASS 4
 ===========
 [12:30:44.904] No records

 TARGET:
 ===========
 [12:30:44.905] No records
 [12:30:44.905] Data retrieval (STAGE 2) has been completed.

 TRIGGERING ADD-ON EVENTS ...
 [12:30:44.905] No Add-On modules found to run.


 DATA RETRIEVAL SUMMARY.
 [12:30:44.905] {Account} The total amount of the retrieved records: 18/0.
 [12:30:44.906] {Contact} The total amount of the retrieved records: 21/0.
 [12:30:44.906] {Opportunity} The total amount of the retrieved records: 31/0.

 UPDATING THE TARGET (STAGE 1) ...
 [12:30:44.907] {Account} Creating the file /home/runner/work/fullnsa/fullnsa/backupData/Account.csv ...
 [12:30:44.910] {Account} The Target has been updated. Totally processed 18 records.

 [12:30:44.911] {Contact} Creating the file /home/runner/work/fullnsa/fullnsa/backupData/Contact.csv ...
 [12:30:44.912] {Contact} The Target has been updated. Totally processed 21 records.

 [12:30:44.912] {Opportunity} Creating the file /home/runner/work/fullnsa/fullnsa/backupData/Opportunity.csv ...
 [12:30:44.913] {Opportunity} The Target has been updated. Totally processed 31 records.


 [12:30:44.914] The Target (STAGE 1) has been updated. Totally processed 70 records.

 UPDATING THE TARGET (STAGE 2) ...

 [12:30:44.914] Nothing was updated.

 TRIGGERING ADD-ON EVENTS ...
 [12:30:44.914] No Add-On modules found to run.


 DATA PROCESSING SUMMARY.
 [12:30:44.915] {Account} Totally processed 18 records.
 [12:30:44.915] {Contact} Totally processed 21 records.
 [12:30:44.915] {Opportunity} Totally processed 31 records.

 [12:30:44.915] Writing to /home/runner/work/fullnsa/fullnsa/backupData/MissingParentRecordsReport.csv ...


 TRIGGERING ADD-ON EVENTS ...
 [12:30:44.915] No Add-On modules found to run.


 [12:30:44.916] Command succeeded.
 [12:30:44.916] Execution of the command sfdmu:run has been completed. Exit code 0 (SUCCESS).
 [12:30:44.916] Total time elapsed: 00h 00m 10s 045ms .