
 [12:13:34.399] Execution of the command sfdmu:run has been started.

 LOADING AND VALIDATING THE EXPORT.JSON SCRIPT ...

 OBJECT SET #1 STARTED

 {
   "Running Plugin version": "4.38.0"
}
 {
   "Running Add-On API version": "1.6.0"
}

 [12:13:34.412] Loading Core Add-On Module declarations ...
 [12:13:34.482] Connecting to the org_alias using SFDX sf org display ...
 [12:13:36.400] Successfully connected to the org_alias.
 {
   "Source": "org_alias.",
   "Target": "csvfile.",
   "Package script": "/home/runner/work/fullnsa/fullnsa/backupData/export.json."
}

 GETTING AND ANALYSING OBJECT METADATA ...
 [12:13:38.420] Processing the object Account ...
 [12:13:38.420] Fetching metadata of the Account (Source) ...
 [12:13:40.363] Processing the object Contact ...
 [12:13:40.363] Fetching metadata of the Contact (Source) ...
 [12:13:41.945] Processing the object Opportunity ...
 [12:13:41.946] Fetching metadata of the Opportunity (Source) ...
 [12:13:42.770] Fetching metadata of the Group (Source) ...
 [12:13:43.492] Processing the object Opportunity ...
 [12:13:43.493] Processing the object Contact ...
 [12:13:43.493] Processing the object Account ...

 PREPARING DATA MIGRATION JOB ...
 [12:13:43.494] Building the migration strategy ...
 {
   "Order of objects to query": "Account; Contact; Opportunity"
}
 {
   "Order of objects to delete": "Opportunity; Contact; Account"
}
 {
   "Order of objects to update": "Account; Contact; Opportunity"
}
 [12:13:43.495] Preparing of the data migration job has been completed.

 ANALYSING DATA...
 [12:13:43.821] {Account} The original query string of this object is returning 18 records from the Source org.
 [12:13:44.495] {Contact} The original query string of this object is returning 21 records from the Source org.
 [12:13:44.732] {Opportunity} The original query string of this object is returning 31 records from the Source org.

 TRIGGERING ADD-ON EVENTS ...
 [12:13:44.732] No Add-On modules found to run.

 [12:13:44.733] Ready to process the data.

 DELETING OLD DATA FROM THE TARGET ...
 [12:13:44.733] {Opportunity} No records to delete.
 [12:13:44.733] {Contact} No records to delete.
 [12:13:44.733] {Account} No records to delete.
 [12:13:44.733] Deleting data was skipped.

 SOURCE:
 ===========

 FETCHING THE DATA (STAGE 1) ...
 [12:13:44.735] {Account} Fetching the Source data from Org (STAGE 1: all records) ...
 [12:13:44.735] {Account} Query string: SELECT Id, Name  FROM  Account ORDER BY Name ASC.
 [12:13:44.736] {Account} Using REST API to retrieve the data ...
 [12:13:44.980] {Account} Data retrieval (Source) has been completed. Got 18 new records.
 [12:13:44.980] {Contact} Fetching the Source data from Org (STAGE 1: all records) ...
 [12:13:44.980] {Contact} Query string: SELECT Id, FirstName, LastName, Email, $$Email$LastName$FirstName  FROM  Contact ORDER BY Email, LastName, FirstName ASC.
 [12:13:44.981] {Contact} Using REST API to retrieve the data ...
 [12:13:45.214] {Contact} Data retrieval (Source) has been completed. Got 21 new records.
 [12:13:45.214] {Opportunity} Fetching the Source data from Org (STAGE 1: all records) ...
 [12:13:45.214] {Opportunity} Query string: SELECT Id, Name  FROM  Opportunity ORDER BY Name ASC.
 [12:13:45.215] {Opportunity} Using REST API to retrieve the data ...
 [12:13:45.582] {Opportunity} Data retrieval (Source) has been completed. Got 31 new records.
 [12:13:45.582] Data retrieval (STAGE 1) has been completed.

 FETCHING THE DATA (STAGE 2) ...
 [12:13:45.582] PASS 1
 ===========
 [12:13:45.583] No records

 [12:13:45.583] PASS 2
 ===========
 [12:13:45.583] No records

 [12:13:45.583] PASS 3
 ===========
 [12:13:45.584] No records

 [12:13:45.584] PASS 4
 ===========
 [12:13:45.584] No records

 TARGET:
 ===========
 [12:13:45.585] No records
 [12:13:45.585] Data retrieval (STAGE 2) has been completed.

 TRIGGERING ADD-ON EVENTS ...
 [12:13:45.585] No Add-On modules found to run.


 DATA RETRIEVAL SUMMARY.
 [12:13:45.585] {Account} The total amount of the retrieved records: 18/0.
 [12:13:45.585] {Contact} The total amount of the retrieved records: 21/0.
 [12:13:45.586] {Opportunity} The total amount of the retrieved records: 31/0.

 UPDATING THE TARGET (STAGE 1) ...
 [12:13:45.587] {Account} Creating the file /home/runner/work/fullnsa/fullnsa/backupData/Account.csv ...
 [12:13:45.591] {Account} The Target has been updated. Totally processed 18 records.

 [12:13:45.591] {Contact} Creating the file /home/runner/work/fullnsa/fullnsa/backupData/Contact.csv ...
 [12:13:45.593] {Contact} The Target has been updated. Totally processed 21 records.

 [12:13:45.593] {Opportunity} Creating the file /home/runner/work/fullnsa/fullnsa/backupData/Opportunity.csv ...
 [12:13:45.594] {Opportunity} The Target has been updated. Totally processed 31 records.


 [12:13:45.594] The Target (STAGE 1) has been updated. Totally processed 70 records.

 UPDATING THE TARGET (STAGE 2) ...

 [12:13:45.595] Nothing was updated.

 TRIGGERING ADD-ON EVENTS ...
 [12:13:45.595] No Add-On modules found to run.


 DATA PROCESSING SUMMARY.
 [12:13:45.595] {Account} Totally processed 18 records.
 [12:13:45.595] {Contact} Totally processed 21 records.
 [12:13:45.596] {Opportunity} Totally processed 31 records.

 [12:13:45.596] Writing to /home/runner/work/fullnsa/fullnsa/backupData/MissingParentRecordsReport.csv ...


 TRIGGERING ADD-ON EVENTS ...
 [12:13:45.596] No Add-On modules found to run.


 [12:13:45.597] Command succeeded.
 [12:13:45.597] Execution of the command sfdmu:run has been completed. Exit code 0 (SUCCESS).
 [12:13:45.597] Total time elapsed: 00h 00m 11s 199ms .