
 [12:26:41.637] Execution of the command sfdmu:run has been started.

 LOADING AND VALIDATING THE EXPORT.JSON SCRIPT ...

 OBJECT SET #1 STARTED

 {
   "Running Plugin version": "4.38.0"
}
 {
   "Running Add-On API version": "1.6.0"
}

 [12:26:41.652] Loading Core Add-On Module declarations ...
 [12:26:41.740] Connecting to the org_alias using SFDX sf org display ...
 [12:26:44.670] Successfully connected to the org_alias.
 {
   "Source": "org_alias.",
   "Target": "csvfile.",
   "Package script": "/home/runner/work/fullnsa/fullnsa/backupData/export.json."
}

 GETTING AND ANALYSING OBJECT METADATA ...
 [12:26:46.242] Processing the object Account ...
 [12:26:46.243] Fetching metadata of the Account (Source) ...
 [12:26:48.735] Processing the object Contact ...
 [12:26:48.736] Fetching metadata of the Contact (Source) ...
 [12:26:49.941] Processing the object Opportunity ...
 [12:26:49.941] Fetching metadata of the Opportunity (Source) ...
 [12:26:50.882] Fetching metadata of the Group (Source) ...
 [12:26:51.583] Processing the object Opportunity ...
 [12:26:51.584] Processing the object Contact ...
 [12:26:51.584] Processing the object Account ...

 PREPARING DATA MIGRATION JOB ...
 [12:26:51.585] Building the migration strategy ...
 {
   "Order of objects to query": "Account; Contact; Opportunity"
}
 {
   "Order of objects to delete": "Opportunity; Contact; Account"
}
 {
   "Order of objects to update": "Account; Contact; Opportunity"
}
 [12:26:51.586] Preparing of the data migration job has been completed.

 ANALYSING DATA...
 [12:26:51.854] {Account} The original query string of this object is returning 18 records from the Source org.
 [12:26:52.118] {Contact} The original query string of this object is returning 21 records from the Source org.
 [12:26:52.374] {Opportunity} The original query string of this object is returning 31 records from the Source org.

 TRIGGERING ADD-ON EVENTS ...
 [12:26:52.375] No Add-On modules found to run.

 [12:26:52.375] Ready to process the data.

 DELETING OLD DATA FROM THE TARGET ...
 [12:26:52.375] {Opportunity} No records to delete.
 [12:26:52.375] {Contact} No records to delete.
 [12:26:52.375] {Account} No records to delete.
 [12:26:52.376] Deleting data was skipped.

 SOURCE:
 ===========

 FETCHING THE DATA (STAGE 1) ...
 [12:26:52.377] {Account} Fetching the Source data from Org (STAGE 1: all records) ...
 [12:26:52.377] {Account} Query string: SELECT Id, Name  FROM  Account ORDER BY Name ASC.
 [12:26:52.378] {Account} Using REST API to retrieve the data ...
 [12:26:52.631] {Account} Data retrieval (Source) has been completed. Got 18 new records.
 [12:26:52.632] {Contact} Fetching the Source data from Org (STAGE 1: all records) ...
 [12:26:52.632] {Contact} Query string: SELECT Id, FirstName, LastName, Email, $$Email$LastName$FirstName  FROM  Contact ORDER BY Email, LastName, FirstName ASC.
 [12:26:52.632] {Contact} Using REST API to retrieve the data ...
 [12:26:52.878] {Contact} Data retrieval (Source) has been completed. Got 21 new records.
 [12:26:52.878] {Opportunity} Fetching the Source data from Org (STAGE 1: all records) ...
 [12:26:52.879] {Opportunity} Query string: SELECT Id, Name  FROM  Opportunity ORDER BY Name ASC.
 [12:26:52.879] {Opportunity} Using REST API to retrieve the data ...
 [12:26:53.125] {Opportunity} Data retrieval (Source) has been completed. Got 31 new records.
 [12:26:53.125] Data retrieval (STAGE 1) has been completed.

 FETCHING THE DATA (STAGE 2) ...
 [12:26:53.126] PASS 1
 ===========
 [12:26:53.126] No records

 [12:26:53.126] PASS 2
 ===========
 [12:26:53.126] No records

 [12:26:53.127] PASS 3
 ===========
 [12:26:53.127] No records

 [12:26:53.127] PASS 4
 ===========
 [12:26:53.127] No records

 TARGET:
 ===========
 [12:26:53.128] No records
 [12:26:53.128] Data retrieval (STAGE 2) has been completed.

 TRIGGERING ADD-ON EVENTS ...
 [12:26:53.128] No Add-On modules found to run.


 DATA RETRIEVAL SUMMARY.
 [12:26:53.129] {Account} The total amount of the retrieved records: 18/0.
 [12:26:53.129] {Contact} The total amount of the retrieved records: 21/0.
 [12:26:53.129] {Opportunity} The total amount of the retrieved records: 31/0.

 UPDATING THE TARGET (STAGE 1) ...
 [12:26:53.130] {Account} Creating the file /home/runner/work/fullnsa/fullnsa/backupData/Account.csv ...
 [12:26:53.134] {Account} The Target has been updated. Totally processed 18 records.

 [12:26:53.134] {Contact} Creating the file /home/runner/work/fullnsa/fullnsa/backupData/Contact.csv ...
 [12:26:53.136] {Contact} The Target has been updated. Totally processed 21 records.

 [12:26:53.136] {Opportunity} Creating the file /home/runner/work/fullnsa/fullnsa/backupData/Opportunity.csv ...
 [12:26:53.137] {Opportunity} The Target has been updated. Totally processed 31 records.


 [12:26:53.138] The Target (STAGE 1) has been updated. Totally processed 70 records.

 UPDATING THE TARGET (STAGE 2) ...

 [12:26:53.138] Nothing was updated.

 TRIGGERING ADD-ON EVENTS ...
 [12:26:53.138] No Add-On modules found to run.


 DATA PROCESSING SUMMARY.
 [12:26:53.139] {Account} Totally processed 18 records.
 [12:26:53.139] {Contact} Totally processed 21 records.
 [12:26:53.139] {Opportunity} Totally processed 31 records.

 [12:26:53.139] Writing to /home/runner/work/fullnsa/fullnsa/backupData/MissingParentRecordsReport.csv ...


 TRIGGERING ADD-ON EVENTS ...
 [12:26:53.139] No Add-On modules found to run.


 [12:26:53.140] Command succeeded.
 [12:26:53.140] Execution of the command sfdmu:run has been completed. Exit code 0 (SUCCESS).
 [12:26:53.140] Total time elapsed: 00h 00m 11s 504ms .