
 [14:29:43.65] Execution of the command sfdmu:run has been started.

 LOADING AND VALIDATING THE EXPORT.JSON SCRIPT ...

 OBJECT SET #1 STARTED

 {
   "Running Plugin version": "4.38.0"
}
 {
   "Running Add-On API version": "1.6.0"
}

 [14:29:43.74] Loading Core Add-On Module declarations ...
 [14:29:43.145] Connecting to the org_alias using SFDX sf org display ...
 [14:29:45.870] Successfully connected to the org_alias.
 {
   "Source": "org_alias.",
   "Target": "csvfile.",
   "Package script": "/home/runner/work/fullnsa/fullnsa/backupData/export.json."
}

 GETTING AND ANALYSING OBJECT METADATA ...
 [14:29:46.799] Processing the object Account ...
 [14:29:46.800] Fetching metadata of the Account (Source) ...
 [14:29:47.731] Processing the object Contact ...
 [14:29:47.732] Fetching metadata of the Contact (Source) ...
 [14:29:48.527] Processing the object Opportunity ...
 [14:29:48.528] Fetching metadata of the Opportunity (Source) ...
 [14:29:49.65] Fetching metadata of the Group (Source) ...
 [14:29:49.605] Processing the object Opportunity ...
 [14:29:49.605] Processing the object Contact ...
 [14:29:49.606] Processing the object Account ...

 PREPARING DATA MIGRATION JOB ...
 [14:29:49.607] Building the migration strategy ...
 {
   "Order of objects to query": "Account; Contact; Opportunity"
}
 {
   "Order of objects to delete": "Opportunity; Contact; Account"
}
 {
   "Order of objects to update": "Account; Contact; Opportunity"
}
 [14:29:49.609] Preparing of the data migration job has been completed.

 ANALYSING DATA...
 [14:29:49.788] {Account} The original query string of this object is returning 18 records from the Source org.
 [14:29:49.979] {Contact} The original query string of this object is returning 21 records from the Source org.
 [14:29:50.163] {Opportunity} The original query string of this object is returning 31 records from the Source org.

 TRIGGERING ADD-ON EVENTS ...
 [14:29:50.164] No Add-On modules found to run.

 [14:29:50.164] Ready to process the data.

 DELETING OLD DATA FROM THE TARGET ...
 [14:29:50.164] {Opportunity} No records to delete.
 [14:29:50.164] {Contact} No records to delete.
 [14:29:50.165] {Account} No records to delete.
 [14:29:50.165] Deleting data was skipped.

 SOURCE:
 ===========

 FETCHING THE DATA (STAGE 1) ...
 [14:29:50.166] {Account} Fetching the Source data from Org (STAGE 1: all records) ...
 [14:29:50.166] {Account} Query string: SELECT Id, Name  FROM  Account ORDER BY Name ASC.
 [14:29:50.167] {Account} Using REST API to retrieve the data ...
 [14:29:50.358] {Account} Data retrieval (Source) has been completed. Got 18 new records.
 [14:29:50.358] {Contact} Fetching the Source data from Org (STAGE 1: all records) ...
 [14:29:50.358] {Contact} Query string: SELECT Id, FirstName, LastName, Email, $$Email$LastName$FirstName  FROM  Contact ORDER BY Email, LastName, FirstName ASC.
 [14:29:50.359] {Contact} Using REST API to retrieve the data ...
 [14:29:50.551] {Contact} Data retrieval (Source) has been completed. Got 21 new records.
 [14:29:50.551] {Opportunity} Fetching the Source data from Org (STAGE 1: all records) ...
 [14:29:50.552] {Opportunity} Query string: SELECT Id, Name  FROM  Opportunity ORDER BY Name ASC.
 [14:29:50.552] {Opportunity} Using REST API to retrieve the data ...
 [14:29:50.724] {Opportunity} Data retrieval (Source) has been completed. Got 31 new records.
 [14:29:50.724] Data retrieval (STAGE 1) has been completed.

 FETCHING THE DATA (STAGE 2) ...
 [14:29:50.725] PASS 1
 ===========
 [14:29:50.725] No records

 [14:29:50.725] PASS 2
 ===========
 [14:29:50.725] No records

 [14:29:50.726] PASS 3
 ===========
 [14:29:50.726] No records

 [14:29:50.726] PASS 4
 ===========
 [14:29:50.726] No records

 TARGET:
 ===========
 [14:29:50.727] No records
 [14:29:50.727] Data retrieval (STAGE 2) has been completed.

 TRIGGERING ADD-ON EVENTS ...
 [14:29:50.727] No Add-On modules found to run.


 DATA RETRIEVAL SUMMARY.
 [14:29:50.727] {Account} The total amount of the retrieved records: 18/0.
 [14:29:50.727] {Contact} The total amount of the retrieved records: 21/0.
 [14:29:50.728] {Opportunity} The total amount of the retrieved records: 31/0.

 UPDATING THE TARGET (STAGE 1) ...
 [14:29:50.728] {Account} Creating the file /home/runner/work/fullnsa/fullnsa/backupData/Account.csv ...
 [14:29:50.733] {Account} The Target has been updated. Totally processed 18 records.

 [14:29:50.733] {Contact} Creating the file /home/runner/work/fullnsa/fullnsa/backupData/Contact.csv ...
 [14:29:50.734] {Contact} The Target has been updated. Totally processed 21 records.

 [14:29:50.734] {Opportunity} Creating the file /home/runner/work/fullnsa/fullnsa/backupData/Opportunity.csv ...
 [14:29:50.736] {Opportunity} The Target has been updated. Totally processed 31 records.


 [14:29:50.736] The Target (STAGE 1) has been updated. Totally processed 70 records.

 UPDATING THE TARGET (STAGE 2) ...

 [14:29:50.736] Nothing was updated.

 TRIGGERING ADD-ON EVENTS ...
 [14:29:50.736] No Add-On modules found to run.


 DATA PROCESSING SUMMARY.
 [14:29:50.737] {Account} Totally processed 18 records.
 [14:29:50.737] {Contact} Totally processed 21 records.
 [14:29:50.737] {Opportunity} Totally processed 31 records.

 [14:29:50.737] Writing to /home/runner/work/fullnsa/fullnsa/backupData/MissingParentRecordsReport.csv ...


 TRIGGERING ADD-ON EVENTS ...
 [14:29:50.737] No Add-On modules found to run.


 [14:29:50.738] Command succeeded.
 [14:29:50.738] Execution of the command sfdmu:run has been completed. Exit code 0 (SUCCESS).
 [14:29:50.738] Total time elapsed: 00h 00m 07s 674ms .