
 [12:14:06.585] Execution of the command sfdmu:run has been started.

 LOADING AND VALIDATING THE EXPORT.JSON SCRIPT ...

 OBJECT SET #1 STARTED

 {
   "Running Plugin version": "4.38.0"
}
 {
   "Running Add-On API version": "1.6.0"
}

 [12:14:06.594] Loading Core Add-On Module declarations ...
 [12:14:06.669] Connecting to the org_alias using SFDX sf org display ...
 [12:14:09.785] Successfully connected to the org_alias.
 {
   "Source": "org_alias.",
   "Target": "csvfile.",
   "Package script": "/home/runner/work/fullnsa/fullnsa/backupData/export.json."
}

 GETTING AND ANALYSING OBJECT METADATA ...
 [12:14:11.223] Processing the object Account ...
 [12:14:11.224] Fetching metadata of the Account (Source) ...
 [12:14:13.264] Processing the object Contact ...
 [12:14:13.265] Fetching metadata of the Contact (Source) ...
 [12:14:15.125] Processing the object Opportunity ...
 [12:14:15.125] Fetching metadata of the Opportunity (Source) ...
 [12:14:16.145] Fetching metadata of the Group (Source) ...
 [12:14:16.938] Processing the object Opportunity ...
 [12:14:16.938] Processing the object Contact ...
 [12:14:16.939] Processing the object Account ...

 PREPARING DATA MIGRATION JOB ...
 [12:14:16.939] Building the migration strategy ...
 {
   "Order of objects to query": "Account; Contact; Opportunity"
}
 {
   "Order of objects to delete": "Opportunity; Contact; Account"
}
 {
   "Order of objects to update": "Account; Contact; Opportunity"
}
 [12:14:16.941] Preparing of the data migration job has been completed.

 ANALYSING DATA...
 [12:14:17.203] {Account} The original query string of this object is returning 18 records from the Source org.
 [12:14:17.448] {Contact} The original query string of this object is returning 21 records from the Source org.
 [12:14:18.166] {Opportunity} The original query string of this object is returning 31 records from the Source org.

 TRIGGERING ADD-ON EVENTS ...
 [12:14:18.166] No Add-On modules found to run.

 [12:14:18.167] Ready to process the data.

 DELETING OLD DATA FROM THE TARGET ...
 [12:14:18.167] {Opportunity} No records to delete.
 [12:14:18.167] {Contact} No records to delete.
 [12:14:18.168] {Account} No records to delete.
 [12:14:18.168] Deleting data was skipped.

 SOURCE:
 ===========

 FETCHING THE DATA (STAGE 1) ...
 [12:14:18.169] {Account} Fetching the Source data from Org (STAGE 1: all records) ...
 [12:14:18.169] {Account} Query string: SELECT Id, Name  FROM  Account ORDER BY Name ASC.
 [12:14:18.170] {Account} Using REST API to retrieve the data ...
 [12:14:18.408] {Account} Data retrieval (Source) has been completed. Got 18 new records.
 [12:14:18.408] {Contact} Fetching the Source data from Org (STAGE 1: all records) ...
 [12:14:18.408] {Contact} Query string: SELECT Id, FirstName, LastName, Email, $$Email$LastName$FirstName  FROM  Contact ORDER BY Email, LastName, FirstName ASC.
 [12:14:18.409] {Contact} Using REST API to retrieve the data ...
 [12:14:18.801] {Contact} Data retrieval (Source) has been completed. Got 21 new records.
 [12:14:18.801] {Opportunity} Fetching the Source data from Org (STAGE 1: all records) ...
 [12:14:18.801] {Opportunity} Query string: SELECT Id, Name  FROM  Opportunity ORDER BY Name ASC.
 [12:14:18.802] {Opportunity} Using REST API to retrieve the data ...
 [12:14:19.48] {Opportunity} Data retrieval (Source) has been completed. Got 31 new records.
 [12:14:19.48] Data retrieval (STAGE 1) has been completed.

 FETCHING THE DATA (STAGE 2) ...
 [12:14:19.49] PASS 1
 ===========
 [12:14:19.49] No records

 [12:14:19.49] PASS 2
 ===========
 [12:14:19.49] No records

 [12:14:19.49] PASS 3
 ===========
 [12:14:19.50] No records

 [12:14:19.50] PASS 4
 ===========
 [12:14:19.50] No records

 TARGET:
 ===========
 [12:14:19.51] No records
 [12:14:19.51] Data retrieval (STAGE 2) has been completed.

 TRIGGERING ADD-ON EVENTS ...
 [12:14:19.51] No Add-On modules found to run.


 DATA RETRIEVAL SUMMARY.
 [12:14:19.51] {Account} The total amount of the retrieved records: 18/0.
 [12:14:19.52] {Contact} The total amount of the retrieved records: 21/0.
 [12:14:19.52] {Opportunity} The total amount of the retrieved records: 31/0.

 UPDATING THE TARGET (STAGE 1) ...
 [12:14:19.53] {Account} Creating the file /home/runner/work/fullnsa/fullnsa/backupData/Account.csv ...
 [12:14:19.57] {Account} The Target has been updated. Totally processed 18 records.

 [12:14:19.57] {Contact} Creating the file /home/runner/work/fullnsa/fullnsa/backupData/Contact.csv ...
 [12:14:19.59] {Contact} The Target has been updated. Totally processed 21 records.

 [12:14:19.59] {Opportunity} Creating the file /home/runner/work/fullnsa/fullnsa/backupData/Opportunity.csv ...
 [12:14:19.60] {Opportunity} The Target has been updated. Totally processed 31 records.


 [12:14:19.60] The Target (STAGE 1) has been updated. Totally processed 70 records.

 UPDATING THE TARGET (STAGE 2) ...

 [12:14:19.61] Nothing was updated.

 TRIGGERING ADD-ON EVENTS ...
 [12:14:19.61] No Add-On modules found to run.


 DATA PROCESSING SUMMARY.
 [12:14:19.61] {Account} Totally processed 18 records.
 [12:14:19.62] {Contact} Totally processed 21 records.
 [12:14:19.62] {Opportunity} Totally processed 31 records.

 [12:14:19.62] Writing to /home/runner/work/fullnsa/fullnsa/backupData/MissingParentRecordsReport.csv ...


 TRIGGERING ADD-ON EVENTS ...
 [12:14:19.62] No Add-On modules found to run.


 [12:14:19.63] Command succeeded.
 [12:14:19.63] Execution of the command sfdmu:run has been completed. Exit code 0 (SUCCESS).
 [12:14:19.63] Total time elapsed: 00h 00m 12s 479ms .