
 [09:57:45.775] Execution of the command sfdmu:run has been started.

 LOADING AND VALIDATING THE EXPORT.JSON SCRIPT ...

 OBJECT SET #1 STARTED

 {
   "Running Plugin version": "4.38.0"
}
 {
   "Running Add-On API version": "1.6.0"
}

 [09:57:45.784] Loading Core Add-On Module declarations ...
 [09:57:45.852] Connecting to the org_alias using SFDX sf org display ...
 [09:57:47.557] Successfully connected to the org_alias.
 {
   "Source": "org_alias.",
   "Target": "csvfile.",
   "Package script": "/home/runner/work/fullnsa/fullnsa/backupData/export.json."
}

 GETTING AND ANALYSING OBJECT METADATA ...
 [09:57:49.636] Processing the object Account ...
 [09:57:49.637] Fetching metadata of the Account (Source) ...
 [09:57:52.683] Processing the object Contact ...
 [09:57:52.683] Fetching metadata of the Contact (Source) ...
 [09:57:53.811] Processing the object Opportunity ...
 [09:57:53.812] Fetching metadata of the Opportunity (Source) ...
 [09:57:54.511] Fetching metadata of the Group (Source) ...
 [09:57:55.88] Processing the object Opportunity ...
 [09:57:55.89] Processing the object Contact ...
 [09:57:55.89] Processing the object Account ...

 PREPARING DATA MIGRATION JOB ...
 [09:57:55.90] Building the migration strategy ...
 {
   "Order of objects to query": "Account; Contact; Opportunity"
}
 {
   "Order of objects to delete": "Opportunity; Contact; Account"
}
 {
   "Order of objects to update": "Account; Contact; Opportunity"
}
 [09:57:55.91] Preparing of the data migration job has been completed.

 ANALYSING DATA...
 [09:57:55.317] {Account} The original query string of this object is returning 18 records from the Source org.
 [09:57:55.515] {Contact} The original query string of this object is returning 21 records from the Source org.
 [09:57:55.717] {Opportunity} The original query string of this object is returning 31 records from the Source org.

 TRIGGERING ADD-ON EVENTS ...
 [09:57:55.718] No Add-On modules found to run.

 [09:57:55.718] Ready to process the data.

 DELETING OLD DATA FROM THE TARGET ...
 [09:57:55.718] {Opportunity} No records to delete.
 [09:57:55.718] {Contact} No records to delete.
 [09:57:55.719] {Account} No records to delete.
 [09:57:55.719] Deleting data was skipped.

 SOURCE:
 ===========

 FETCHING THE DATA (STAGE 1) ...
 [09:57:55.720] {Account} Fetching the Source data from Org (STAGE 1: all records) ...
 [09:57:55.720] {Account} Query string: SELECT Id, Name  FROM  Account ORDER BY Name ASC.
 [09:57:55.721] {Account} Using REST API to retrieve the data ...
 [09:57:55.898] {Account} Data retrieval (Source) has been completed. Got 18 new records.
 [09:57:55.898] {Contact} Fetching the Source data from Org (STAGE 1: all records) ...
 [09:57:55.899] {Contact} Query string: SELECT Id, FirstName, LastName, Email, $$Email$LastName$FirstName  FROM  Contact ORDER BY Email, LastName, FirstName ASC.
 [09:57:55.899] {Contact} Using REST API to retrieve the data ...
 [09:57:56.217] {Contact} Data retrieval (Source) has been completed. Got 21 new records.
 [09:57:56.217] {Opportunity} Fetching the Source data from Org (STAGE 1: all records) ...
 [09:57:56.217] {Opportunity} Query string: SELECT Id, Name  FROM  Opportunity ORDER BY Name ASC.
 [09:57:56.218] {Opportunity} Using REST API to retrieve the data ...
 [09:57:56.496] {Opportunity} Data retrieval (Source) has been completed. Got 31 new records.
 [09:57:56.496] Data retrieval (STAGE 1) has been completed.

 FETCHING THE DATA (STAGE 2) ...
 [09:57:56.496] PASS 1
 ===========
 [09:57:56.496] No records

 [09:57:56.497] PASS 2
 ===========
 [09:57:56.497] No records

 [09:57:56.497] PASS 3
 ===========
 [09:57:56.497] No records

 [09:57:56.497] PASS 4
 ===========
 [09:57:56.498] No records

 TARGET:
 ===========
 [09:57:56.498] No records
 [09:57:56.498] Data retrieval (STAGE 2) has been completed.

 TRIGGERING ADD-ON EVENTS ...
 [09:57:56.499] No Add-On modules found to run.


 DATA RETRIEVAL SUMMARY.
 [09:57:56.499] {Account} The total amount of the retrieved records: 18/0.
 [09:57:56.499] {Contact} The total amount of the retrieved records: 21/0.
 [09:57:56.499] {Opportunity} The total amount of the retrieved records: 31/0.

 UPDATING THE TARGET (STAGE 1) ...
 [09:57:56.500] {Account} Creating the file /home/runner/work/fullnsa/fullnsa/backupData/Account.csv ...
 [09:57:56.504] {Account} The Target has been updated. Totally processed 18 records.

 [09:57:56.504] {Contact} Creating the file /home/runner/work/fullnsa/fullnsa/backupData/Contact.csv ...
 [09:57:56.506] {Contact} The Target has been updated. Totally processed 21 records.

 [09:57:56.506] {Opportunity} Creating the file /home/runner/work/fullnsa/fullnsa/backupData/Opportunity.csv ...
 [09:57:56.507] {Opportunity} The Target has been updated. Totally processed 31 records.


 [09:57:56.508] The Target (STAGE 1) has been updated. Totally processed 70 records.

 UPDATING THE TARGET (STAGE 2) ...

 [09:57:56.508] Nothing was updated.

 TRIGGERING ADD-ON EVENTS ...
 [09:57:56.508] No Add-On modules found to run.


 DATA PROCESSING SUMMARY.
 [09:57:56.509] {Account} Totally processed 18 records.
 [09:57:56.509] {Contact} Totally processed 21 records.
 [09:57:56.509] {Opportunity} Totally processed 31 records.

 [09:57:56.509] Writing to /home/runner/work/fullnsa/fullnsa/backupData/MissingParentRecordsReport.csv ...


 TRIGGERING ADD-ON EVENTS ...
 [09:57:56.509] No Add-On modules found to run.


 [09:57:56.510] Command succeeded.
 [09:57:56.510] Execution of the command sfdmu:run has been completed. Exit code 0 (SUCCESS).
 [09:57:56.510] Total time elapsed: 00h 00m 10s 736ms .