
 [12:15:41.154] Execution of the command sfdmu:run has been started.

 LOADING AND VALIDATING THE EXPORT.JSON SCRIPT ...

 OBJECT SET #1 STARTED

 {
   "Running Plugin version": "4.38.0"
}
 {
   "Running Add-On API version": "1.6.0"
}

 [12:15:41.163] Loading Core Add-On Module declarations ...
 [12:15:41.233] Connecting to the org_alias using SFDX sf org display ...
 [12:15:42.943] Successfully connected to the org_alias.
 {
   "Source": "org_alias.",
   "Target": "csvfile.",
   "Package script": "/home/runner/work/fullnsa/fullnsa/backupData/export.json."
}

 GETTING AND ANALYSING OBJECT METADATA ...
 [12:15:44.105] Processing the object Account ...
 [12:15:44.105] Fetching metadata of the Account (Source) ...
 [12:15:45.891] Processing the object Contact ...
 [12:15:45.892] Fetching metadata of the Contact (Source) ...
 [12:15:46.929] Processing the object Opportunity ...
 [12:15:46.930] Fetching metadata of the Opportunity (Source) ...
 [12:15:47.705] Fetching metadata of the Group (Source) ...
 [12:15:48.232] Processing the object Opportunity ...
 [12:15:48.233] Processing the object Contact ...
 [12:15:48.233] Processing the object Account ...

 PREPARING DATA MIGRATION JOB ...
 [12:15:48.234] Building the migration strategy ...
 {
   "Order of objects to query": "Account; Contact; Opportunity"
}
 {
   "Order of objects to delete": "Opportunity; Contact; Account"
}
 {
   "Order of objects to update": "Account; Contact; Opportunity"
}
 [12:15:48.235] Preparing of the data migration job has been completed.

 ANALYSING DATA...
 [12:15:48.421] {Account} The original query string of this object is returning 18 records from the Source org.
 [12:15:48.598] {Contact} The original query string of this object is returning 21 records from the Source org.
 [12:15:48.766] {Opportunity} The original query string of this object is returning 31 records from the Source org.

 TRIGGERING ADD-ON EVENTS ...
 [12:15:48.766] No Add-On modules found to run.

 [12:15:48.767] Ready to process the data.

 DELETING OLD DATA FROM THE TARGET ...
 [12:15:48.767] {Opportunity} No records to delete.
 [12:15:48.767] {Contact} No records to delete.
 [12:15:48.767] {Account} No records to delete.
 [12:15:48.767] Deleting data was skipped.

 SOURCE:
 ===========

 FETCHING THE DATA (STAGE 1) ...
 [12:15:48.769] {Account} Fetching the Source data from Org (STAGE 1: all records) ...
 [12:15:48.769] {Account} Query string: SELECT Id, Name  FROM  Account ORDER BY Name ASC.
 [12:15:48.770] {Account} Using REST API to retrieve the data ...
 [12:15:48.947] {Account} Data retrieval (Source) has been completed. Got 18 new records.
 [12:15:48.947] {Contact} Fetching the Source data from Org (STAGE 1: all records) ...
 [12:15:48.947] {Contact} Query string: SELECT Id, FirstName, LastName, Email, $$Email$LastName$FirstName  FROM  Contact ORDER BY Email, LastName, FirstName ASC.
 [12:15:48.948] {Contact} Using REST API to retrieve the data ...
 [12:15:49.394] {Contact} Data retrieval (Source) has been completed. Got 21 new records.
 [12:15:49.394] {Opportunity} Fetching the Source data from Org (STAGE 1: all records) ...
 [12:15:49.394] {Opportunity} Query string: SELECT Id, Name  FROM  Opportunity ORDER BY Name ASC.
 [12:15:49.395] {Opportunity} Using REST API to retrieve the data ...
 [12:15:49.579] {Opportunity} Data retrieval (Source) has been completed. Got 31 new records.
 [12:15:49.580] Data retrieval (STAGE 1) has been completed.

 FETCHING THE DATA (STAGE 2) ...
 [12:15:49.580] PASS 1
 ===========
 [12:15:49.580] No records

 [12:15:49.580] PASS 2
 ===========
 [12:15:49.580] No records

 [12:15:49.581] PASS 3
 ===========
 [12:15:49.581] No records

 [12:15:49.581] PASS 4
 ===========
 [12:15:49.581] No records

 TARGET:
 ===========
 [12:15:49.582] No records
 [12:15:49.582] Data retrieval (STAGE 2) has been completed.

 TRIGGERING ADD-ON EVENTS ...
 [12:15:49.582] No Add-On modules found to run.


 DATA RETRIEVAL SUMMARY.
 [12:15:49.583] {Account} The total amount of the retrieved records: 18/0.
 [12:15:49.583] {Contact} The total amount of the retrieved records: 21/0.
 [12:15:49.583] {Opportunity} The total amount of the retrieved records: 31/0.

 UPDATING THE TARGET (STAGE 1) ...
 [12:15:49.584] {Account} Creating the file /home/runner/work/fullnsa/fullnsa/backupData/Account.csv ...
 [12:15:49.588] {Account} The Target has been updated. Totally processed 18 records.

 [12:15:49.588] {Contact} Creating the file /home/runner/work/fullnsa/fullnsa/backupData/Contact.csv ...
 [12:15:49.590] {Contact} The Target has been updated. Totally processed 21 records.

 [12:15:49.590] {Opportunity} Creating the file /home/runner/work/fullnsa/fullnsa/backupData/Opportunity.csv ...
 [12:15:49.591] {Opportunity} The Target has been updated. Totally processed 31 records.


 [12:15:49.591] The Target (STAGE 1) has been updated. Totally processed 70 records.

 UPDATING THE TARGET (STAGE 2) ...

 [12:15:49.592] Nothing was updated.

 TRIGGERING ADD-ON EVENTS ...
 [12:15:49.592] No Add-On modules found to run.


 DATA PROCESSING SUMMARY.
 [12:15:49.592] {Account} Totally processed 18 records.
 [12:15:49.592] {Contact} Totally processed 21 records.
 [12:15:49.593] {Opportunity} Totally processed 31 records.

 [12:15:49.593] Writing to /home/runner/work/fullnsa/fullnsa/backupData/MissingParentRecordsReport.csv ...


 TRIGGERING ADD-ON EVENTS ...
 [12:15:49.593] No Add-On modules found to run.


 [12:15:49.594] Command succeeded.
 [12:15:49.594] Execution of the command sfdmu:run has been completed. Exit code 0 (SUCCESS).
 [12:15:49.594] Total time elapsed: 00h 00m 08s 441ms .