
 [12:15:36.369] Execution of the command sfdmu:run has been started.

 LOADING AND VALIDATING THE EXPORT.JSON SCRIPT ...

 OBJECT SET #1 STARTED

 {
   "Running Plugin version": "4.38.0"
}
 {
   "Running Add-On API version": "1.6.0"
}

 [12:15:36.378] Loading Core Add-On Module declarations ...
 [12:15:36.451] Connecting to the org_alias using SFDX sf org display ...
 [12:15:39.369] Successfully connected to the org_alias.
 {
   "Source": "org_alias.",
   "Target": "csvfile.",
   "Package script": "/home/runner/work/fullnsa/fullnsa/backupData/export.json."
}

 GETTING AND ANALYSING OBJECT METADATA ...
 [12:15:41.274] Processing the object Account ...
 [12:15:41.275] Fetching metadata of the Account (Source) ...
 [12:15:44.264] Processing the object Contact ...
 [12:15:44.264] Fetching metadata of the Contact (Source) ...
 [12:15:45.317] Processing the object Opportunity ...
 [12:15:45.318] Fetching metadata of the Opportunity (Source) ...
 [12:15:46.210] Fetching metadata of the Group (Source) ...
 [12:15:46.870] Processing the object Opportunity ...
 [12:15:46.870] Processing the object Contact ...
 [12:15:46.871] Processing the object Account ...

 PREPARING DATA MIGRATION JOB ...
 [12:15:46.871] Building the migration strategy ...
 {
   "Order of objects to query": "Account; Contact; Opportunity"
}
 {
   "Order of objects to delete": "Opportunity; Contact; Account"
}
 {
   "Order of objects to update": "Account; Contact; Opportunity"
}
 [12:15:46.873] Preparing of the data migration job has been completed.

 ANALYSING DATA...
 [12:15:47.154] {Account} The original query string of this object is returning 18 records from the Source org.
 [12:15:47.391] {Contact} The original query string of this object is returning 21 records from the Source org.
 [12:15:47.645] {Opportunity} The original query string of this object is returning 31 records from the Source org.

 TRIGGERING ADD-ON EVENTS ...
 [12:15:47.645] No Add-On modules found to run.

 [12:15:47.646] Ready to process the data.

 DELETING OLD DATA FROM THE TARGET ...
 [12:15:47.646] {Opportunity} No records to delete.
 [12:15:47.646] {Contact} No records to delete.
 [12:15:47.646] {Account} No records to delete.
 [12:15:47.647] Deleting data was skipped.

 SOURCE:
 ===========

 FETCHING THE DATA (STAGE 1) ...
 [12:15:47.648] {Account} Fetching the Source data from Org (STAGE 1: all records) ...
 [12:15:47.648] {Account} Query string: SELECT Id, Name  FROM  Account ORDER BY Name ASC.
 [12:15:47.649] {Account} Using REST API to retrieve the data ...
 [12:15:48.21] {Account} Data retrieval (Source) has been completed. Got 18 new records.
 [12:15:48.22] {Contact} Fetching the Source data from Org (STAGE 1: all records) ...
 [12:15:48.22] {Contact} Query string: SELECT Id, FirstName, LastName, Email, $$Email$LastName$FirstName  FROM  Contact ORDER BY Email, LastName, FirstName ASC.
 [12:15:48.23] {Contact} Using REST API to retrieve the data ...
 [12:15:48.267] {Contact} Data retrieval (Source) has been completed. Got 21 new records.
 [12:15:48.267] {Opportunity} Fetching the Source data from Org (STAGE 1: all records) ...
 [12:15:48.267] {Opportunity} Query string: SELECT Id, Name  FROM  Opportunity ORDER BY Name ASC.
 [12:15:48.268] {Opportunity} Using REST API to retrieve the data ...
 [12:15:48.516] {Opportunity} Data retrieval (Source) has been completed. Got 31 new records.
 [12:15:48.516] Data retrieval (STAGE 1) has been completed.

 FETCHING THE DATA (STAGE 2) ...
 [12:15:48.516] PASS 1
 ===========
 [12:15:48.517] No records

 [12:15:48.517] PASS 2
 ===========
 [12:15:48.517] No records

 [12:15:48.517] PASS 3
 ===========
 [12:15:48.518] No records

 [12:15:48.518] PASS 4
 ===========
 [12:15:48.518] No records

 TARGET:
 ===========
 [12:15:48.519] No records
 [12:15:48.519] Data retrieval (STAGE 2) has been completed.

 TRIGGERING ADD-ON EVENTS ...
 [12:15:48.519] No Add-On modules found to run.


 DATA RETRIEVAL SUMMARY.
 [12:15:48.519] {Account} The total amount of the retrieved records: 18/0.
 [12:15:48.519] {Contact} The total amount of the retrieved records: 21/0.
 [12:15:48.520] {Opportunity} The total amount of the retrieved records: 31/0.

 UPDATING THE TARGET (STAGE 1) ...
 [12:15:48.520] {Account} Creating the file /home/runner/work/fullnsa/fullnsa/backupData/Account.csv ...
 [12:15:48.525] {Account} The Target has been updated. Totally processed 18 records.

 [12:15:48.525] {Contact} Creating the file /home/runner/work/fullnsa/fullnsa/backupData/Contact.csv ...
 [12:15:48.526] {Contact} The Target has been updated. Totally processed 21 records.

 [12:15:48.526] {Opportunity} Creating the file /home/runner/work/fullnsa/fullnsa/backupData/Opportunity.csv ...
 [12:15:48.528] {Opportunity} The Target has been updated. Totally processed 31 records.


 [12:15:48.528] The Target (STAGE 1) has been updated. Totally processed 70 records.

 UPDATING THE TARGET (STAGE 2) ...

 [12:15:48.528] Nothing was updated.

 TRIGGERING ADD-ON EVENTS ...
 [12:15:48.529] No Add-On modules found to run.


 DATA PROCESSING SUMMARY.
 [12:15:48.529] {Account} Totally processed 18 records.
 [12:15:48.529] {Contact} Totally processed 21 records.
 [12:15:48.529] {Opportunity} Totally processed 31 records.

 [12:15:48.530] Writing to /home/runner/work/fullnsa/fullnsa/backupData/MissingParentRecordsReport.csv ...


 TRIGGERING ADD-ON EVENTS ...
 [12:15:48.530] No Add-On modules found to run.


 [12:15:48.531] Command succeeded.
 [12:15:48.531] Execution of the command sfdmu:run has been completed. Exit code 0 (SUCCESS).
 [12:15:48.531] Total time elapsed: 00h 00m 12s 161ms .