
 [17:57:44.323] Execution of the command sfdmu:run has been started.

 LOADING AND VALIDATING THE EXPORT.JSON SCRIPT ...

 OBJECT SET #1 STARTED

 {
   "Running Plugin version": "4.38.0"
}
 {
   "Running Add-On API version": "1.6.0"
}

 [17:57:44.332] Loading Core Add-On Module declarations ...
 [17:57:44.404] Connecting to the org_alias using SFDX sf org display ...
 [17:57:46.104] Successfully connected to the org_alias.
 {
   "Source": "org_alias.",
   "Target": "csvfile.",
   "Package script": "/home/runner/work/fullnsa/fullnsa/backupData/export.json."
}

 GETTING AND ANALYSING OBJECT METADATA ...
 [17:57:46.887] Processing the object Account ...
 [17:57:46.887] Fetching metadata of the Account (Source) ...
 [17:57:48.354] Processing the object Contact ...
 [17:57:48.354] Fetching metadata of the Contact (Source) ...
 [17:57:48.948] Processing the object Opportunity ...
 [17:57:48.949] Fetching metadata of the Opportunity (Source) ...
 [17:57:49.650] Fetching metadata of the Group (Source) ...
 [17:57:50.117] Processing the object Opportunity ...
 [17:57:50.117] Processing the object Contact ...
 [17:57:50.118] Processing the object Account ...

 PREPARING DATA MIGRATION JOB ...
 [17:57:50.118] Building the migration strategy ...
 {
   "Order of objects to query": "Account; Contact; Opportunity"
}
 {
   "Order of objects to delete": "Opportunity; Contact; Account"
}
 {
   "Order of objects to update": "Account; Contact; Opportunity"
}
 [17:57:50.120] Preparing of the data migration job has been completed.

 ANALYSING DATA...
 [17:57:50.290] {Account} The original query string of this object is returning 18 records from the Source org.
 [17:57:50.801] {Contact} The original query string of this object is returning 21 records from the Source org.
 [17:57:50.974] {Opportunity} The original query string of this object is returning 31 records from the Source org.

 TRIGGERING ADD-ON EVENTS ...
 [17:57:50.975] No Add-On modules found to run.

 [17:57:50.975] Ready to process the data.

 DELETING OLD DATA FROM THE TARGET ...
 [17:57:50.975] {Opportunity} No records to delete.
 [17:57:50.976] {Contact} No records to delete.
 [17:57:50.976] {Account} No records to delete.
 [17:57:50.976] Deleting data was skipped.

 SOURCE:
 ===========

 FETCHING THE DATA (STAGE 1) ...
 [17:57:50.977] {Account} Fetching the Source data from Org (STAGE 1: all records) ...
 [17:57:50.977] {Account} Query string: SELECT Id, Name  FROM  Account ORDER BY Name ASC.
 [17:57:50.978] {Account} Using REST API to retrieve the data ...
 [17:57:51.158] {Account} Data retrieval (Source) has been completed. Got 18 new records.
 [17:57:51.159] {Contact} Fetching the Source data from Org (STAGE 1: all records) ...
 [17:57:51.159] {Contact} Query string: SELECT Id, FirstName, LastName, Email, $$Email$LastName$FirstName  FROM  Contact ORDER BY Email, LastName, FirstName ASC.
 [17:57:51.160] {Contact} Using REST API to retrieve the data ...
 [17:57:51.340] {Contact} Data retrieval (Source) has been completed. Got 21 new records.
 [17:57:51.340] {Opportunity} Fetching the Source data from Org (STAGE 1: all records) ...
 [17:57:51.340] {Opportunity} Query string: SELECT Id, Name  FROM  Opportunity ORDER BY Name ASC.
 [17:57:51.341] {Opportunity} Using REST API to retrieve the data ...
 [17:57:51.508] {Opportunity} Data retrieval (Source) has been completed. Got 31 new records.
 [17:57:51.508] Data retrieval (STAGE 1) has been completed.

 FETCHING THE DATA (STAGE 2) ...
 [17:57:51.509] PASS 1
 ===========
 [17:57:51.509] No records

 [17:57:51.509] PASS 2
 ===========
 [17:57:51.509] No records

 [17:57:51.509] PASS 3
 ===========
 [17:57:51.510] No records

 [17:57:51.510] PASS 4
 ===========
 [17:57:51.510] No records

 TARGET:
 ===========
 [17:57:51.510] No records
 [17:57:51.510] Data retrieval (STAGE 2) has been completed.

 TRIGGERING ADD-ON EVENTS ...
 [17:57:51.511] No Add-On modules found to run.


 DATA RETRIEVAL SUMMARY.
 [17:57:51.511] {Account} The total amount of the retrieved records: 18/0.
 [17:57:51.511] {Contact} The total amount of the retrieved records: 21/0.
 [17:57:51.511] {Opportunity} The total amount of the retrieved records: 31/0.

 UPDATING THE TARGET (STAGE 1) ...
 [17:57:51.512] {Account} Creating the file /home/runner/work/fullnsa/fullnsa/backupData/Account.csv ...
 [17:57:51.516] {Account} The Target has been updated. Totally processed 18 records.

 [17:57:51.516] {Contact} Creating the file /home/runner/work/fullnsa/fullnsa/backupData/Contact.csv ...
 [17:57:51.518] {Contact} The Target has been updated. Totally processed 21 records.

 [17:57:51.518] {Opportunity} Creating the file /home/runner/work/fullnsa/fullnsa/backupData/Opportunity.csv ...
 [17:57:51.519] {Opportunity} The Target has been updated. Totally processed 31 records.


 [17:57:51.520] The Target (STAGE 1) has been updated. Totally processed 70 records.

 UPDATING THE TARGET (STAGE 2) ...

 [17:57:51.520] Nothing was updated.

 TRIGGERING ADD-ON EVENTS ...
 [17:57:51.520] No Add-On modules found to run.


 DATA PROCESSING SUMMARY.
 [17:57:51.520] {Account} Totally processed 18 records.
 [17:57:51.521] {Contact} Totally processed 21 records.
 [17:57:51.521] {Opportunity} Totally processed 31 records.

 [17:57:51.521] Writing to /home/runner/work/fullnsa/fullnsa/backupData/MissingParentRecordsReport.csv ...


 TRIGGERING ADD-ON EVENTS ...
 [17:57:51.521] No Add-On modules found to run.


 [17:57:51.522] Command succeeded.
 [17:57:51.522] Execution of the command sfdmu:run has been completed. Exit code 0 (SUCCESS).
 [17:57:51.522] Total time elapsed: 00h 00m 07s 200ms .