
 [12:11:25.902] Execution of the command sfdmu:run has been started.

 LOADING AND VALIDATING THE EXPORT.JSON SCRIPT ...

 OBJECT SET #1 STARTED

 {
   "Running Plugin version": "4.38.0"
}
 {
   "Running Add-On API version": "1.6.0"
}

 [12:11:25.911] Loading Core Add-On Module declarations ...
 [12:11:25.979] Connecting to the org_alias using SFDX sf org display ...
 [12:11:28.922] Successfully connected to the org_alias.
 {
   "Source": "org_alias.",
   "Target": "csvfile.",
   "Package script": "/home/runner/work/fullnsa/fullnsa/backupData/export.json."
}

 GETTING AND ANALYSING OBJECT METADATA ...
 [12:11:30.915] Processing the object Account ...
 [12:11:30.915] Fetching metadata of the Account (Source) ...
 [12:11:33.610] Processing the object Contact ...
 [12:11:33.610] Fetching metadata of the Contact (Source) ...
 [12:11:35.27] Processing the object Opportunity ...
 [12:11:35.27] Fetching metadata of the Opportunity (Source) ...
 [12:11:35.967] Fetching metadata of the Group (Source) ...
 [12:11:36.630] Processing the object Opportunity ...
 [12:11:36.630] Processing the object Contact ...
 [12:11:36.631] Processing the object Account ...

 PREPARING DATA MIGRATION JOB ...
 [12:11:36.631] Building the migration strategy ...
 {
   "Order of objects to query": "Account; Contact; Opportunity"
}
 {
   "Order of objects to delete": "Opportunity; Contact; Account"
}
 {
   "Order of objects to update": "Account; Contact; Opportunity"
}
 [12:11:36.633] Preparing of the data migration job has been completed.

 ANALYSING DATA...
 [12:11:36.879] {Account} The original query string of this object is returning 18 records from the Source org.
 [12:11:37.122] {Contact} The original query string of this object is returning 21 records from the Source org.
 [12:11:37.384] {Opportunity} The original query string of this object is returning 31 records from the Source org.

 TRIGGERING ADD-ON EVENTS ...
 [12:11:37.384] No Add-On modules found to run.

 [12:11:37.384] Ready to process the data.

 DELETING OLD DATA FROM THE TARGET ...
 [12:11:37.385] {Opportunity} No records to delete.
 [12:11:37.385] {Contact} No records to delete.
 [12:11:37.385] {Account} No records to delete.
 [12:11:37.385] Deleting data was skipped.

 SOURCE:
 ===========

 FETCHING THE DATA (STAGE 1) ...
 [12:11:37.387] {Account} Fetching the Source data from Org (STAGE 1: all records) ...
 [12:11:37.387] {Account} Query string: SELECT Id, Name  FROM  Account ORDER BY Name ASC.
 [12:11:37.388] {Account} Using REST API to retrieve the data ...
 [12:11:37.647] {Account} Data retrieval (Source) has been completed. Got 18 new records.
 [12:11:37.647] {Contact} Fetching the Source data from Org (STAGE 1: all records) ...
 [12:11:37.648] {Contact} Query string: SELECT Id, FirstName, LastName, Email, $$Email$LastName$FirstName  FROM  Contact ORDER BY Email, LastName, FirstName ASC.
 [12:11:37.648] {Contact} Using REST API to retrieve the data ...
 [12:11:37.886] {Contact} Data retrieval (Source) has been completed. Got 21 new records.
 [12:11:37.886] {Opportunity} Fetching the Source data from Org (STAGE 1: all records) ...
 [12:11:37.887] {Opportunity} Query string: SELECT Id, Name  FROM  Opportunity ORDER BY Name ASC.
 [12:11:37.887] {Opportunity} Using REST API to retrieve the data ...
 [12:11:38.146] {Opportunity} Data retrieval (Source) has been completed. Got 31 new records.
 [12:11:38.146] Data retrieval (STAGE 1) has been completed.

 FETCHING THE DATA (STAGE 2) ...
 [12:11:38.147] PASS 1
 ===========
 [12:11:38.147] No records

 [12:11:38.147] PASS 2
 ===========
 [12:11:38.147] No records

 [12:11:38.148] PASS 3
 ===========
 [12:11:38.148] No records

 [12:11:38.148] PASS 4
 ===========
 [12:11:38.148] No records

 TARGET:
 ===========
 [12:11:38.149] No records
 [12:11:38.149] Data retrieval (STAGE 2) has been completed.

 TRIGGERING ADD-ON EVENTS ...
 [12:11:38.149] No Add-On modules found to run.


 DATA RETRIEVAL SUMMARY.
 [12:11:38.149] {Account} The total amount of the retrieved records: 18/0.
 [12:11:38.149] {Contact} The total amount of the retrieved records: 21/0.
 [12:11:38.149] {Opportunity} The total amount of the retrieved records: 31/0.

 UPDATING THE TARGET (STAGE 1) ...
 [12:11:38.150] {Account} Creating the file /home/runner/work/fullnsa/fullnsa/backupData/Account.csv ...
 [12:11:38.154] {Account} The Target has been updated. Totally processed 18 records.

 [12:11:38.154] {Contact} Creating the file /home/runner/work/fullnsa/fullnsa/backupData/Contact.csv ...
 [12:11:38.156] {Contact} The Target has been updated. Totally processed 21 records.

 [12:11:38.156] {Opportunity} Creating the file /home/runner/work/fullnsa/fullnsa/backupData/Opportunity.csv ...
 [12:11:38.157] {Opportunity} The Target has been updated. Totally processed 31 records.


 [12:11:38.157] The Target (STAGE 1) has been updated. Totally processed 70 records.

 UPDATING THE TARGET (STAGE 2) ...

 [12:11:38.158] Nothing was updated.

 TRIGGERING ADD-ON EVENTS ...
 [12:11:38.158] No Add-On modules found to run.


 DATA PROCESSING SUMMARY.
 [12:11:38.158] {Account} Totally processed 18 records.
 [12:11:38.158] {Contact} Totally processed 21 records.
 [12:11:38.159] {Opportunity} Totally processed 31 records.

 [12:11:38.159] Writing to /home/runner/work/fullnsa/fullnsa/backupData/MissingParentRecordsReport.csv ...


 TRIGGERING ADD-ON EVENTS ...
 [12:11:38.159] No Add-On modules found to run.


 [12:11:38.160] Command succeeded.
 [12:11:38.160] Execution of the command sfdmu:run has been completed. Exit code 0 (SUCCESS).
 [12:11:38.160] Total time elapsed: 00h 00m 12s 259ms .