
 [12:29:35.78] Execution of the command sfdmu:run has been started.

 LOADING AND VALIDATING THE EXPORT.JSON SCRIPT ...

 OBJECT SET #1 STARTED

 {
   "Running Plugin version": "4.38.0"
}
 {
   "Running Add-On API version": "1.6.0"
}

 [12:29:35.87] Loading Core Add-On Module declarations ...
 [12:29:35.163] Connecting to the org_alias using SFDX sf org display ...
 [12:29:38.89] Successfully connected to the org_alias.
 {
   "Source": "org_alias.",
   "Target": "csvfile.",
   "Package script": "/home/runner/work/fullnsa/fullnsa/backupData/export.json."
}

 GETTING AND ANALYSING OBJECT METADATA ...
 [12:29:40.70] Processing the object Account ...
 [12:29:40.71] Fetching metadata of the Account (Source) ...
 [12:29:41.788] Processing the object Contact ...
 [12:29:41.789] Fetching metadata of the Contact (Source) ...
 [12:29:45.171] Processing the object Opportunity ...
 [12:29:45.172] Fetching metadata of the Opportunity (Source) ...
 [12:29:46.133] Fetching metadata of the Group (Source) ...
 [12:29:46.850] Processing the object Opportunity ...
 [12:29:46.851] Processing the object Contact ...
 [12:29:46.851] Processing the object Account ...

 PREPARING DATA MIGRATION JOB ...
 [12:29:46.852] Building the migration strategy ...
 {
   "Order of objects to query": "Account; Contact; Opportunity"
}
 {
   "Order of objects to delete": "Opportunity; Contact; Account"
}
 {
   "Order of objects to update": "Account; Contact; Opportunity"
}
 [12:29:46.853] Preparing of the data migration job has been completed.

 ANALYSING DATA...
 [12:29:48.215] {Account} The original query string of this object is returning 18 records from the Source org.
 [12:29:48.483] {Contact} The original query string of this object is returning 21 records from the Source org.
 [12:29:48.753] {Opportunity} The original query string of this object is returning 31 records from the Source org.

 TRIGGERING ADD-ON EVENTS ...
 [12:29:48.753] No Add-On modules found to run.

 [12:29:48.753] Ready to process the data.

 DELETING OLD DATA FROM THE TARGET ...
 [12:29:48.754] {Opportunity} No records to delete.
 [12:29:48.754] {Contact} No records to delete.
 [12:29:48.754] {Account} No records to delete.
 [12:29:48.754] Deleting data was skipped.

 SOURCE:
 ===========

 FETCHING THE DATA (STAGE 1) ...
 [12:29:48.756] {Account} Fetching the Source data from Org (STAGE 1: all records) ...
 [12:29:48.756] {Account} Query string: SELECT Id, Name  FROM  Account ORDER BY Name ASC.
 [12:29:48.757] {Account} Using REST API to retrieve the data ...
 [12:29:49.5] {Account} Data retrieval (Source) has been completed. Got 18 new records.
 [12:29:49.5] {Contact} Fetching the Source data from Org (STAGE 1: all records) ...
 [12:29:49.6] {Contact} Query string: SELECT Id, FirstName, LastName, Email, $$Email$LastName$FirstName  FROM  Contact ORDER BY Email, LastName, FirstName ASC.
 [12:29:49.6] {Contact} Using REST API to retrieve the data ...
 [12:29:49.404] {Contact} Data retrieval (Source) has been completed. Got 21 new records.
 [12:29:49.405] {Opportunity} Fetching the Source data from Org (STAGE 1: all records) ...
 [12:29:49.405] {Opportunity} Query string: SELECT Id, Name  FROM  Opportunity ORDER BY Name ASC.
 [12:29:49.405] {Opportunity} Using REST API to retrieve the data ...
 [12:29:49.661] {Opportunity} Data retrieval (Source) has been completed. Got 31 new records.
 [12:29:49.661] Data retrieval (STAGE 1) has been completed.

 FETCHING THE DATA (STAGE 2) ...
 [12:29:49.662] PASS 1
 ===========
 [12:29:49.662] No records

 [12:29:49.662] PASS 2
 ===========
 [12:29:49.662] No records

 [12:29:49.663] PASS 3
 ===========
 [12:29:49.663] No records

 [12:29:49.663] PASS 4
 ===========
 [12:29:49.663] No records

 TARGET:
 ===========
 [12:29:49.664] No records
 [12:29:49.664] Data retrieval (STAGE 2) has been completed.

 TRIGGERING ADD-ON EVENTS ...
 [12:29:49.664] No Add-On modules found to run.


 DATA RETRIEVAL SUMMARY.
 [12:29:49.665] {Account} The total amount of the retrieved records: 18/0.
 [12:29:49.665] {Contact} The total amount of the retrieved records: 21/0.
 [12:29:49.665] {Opportunity} The total amount of the retrieved records: 31/0.

 UPDATING THE TARGET (STAGE 1) ...
 [12:29:49.666] {Account} Creating the file /home/runner/work/fullnsa/fullnsa/backupData/Account.csv ...
 [12:29:49.670] {Account} The Target has been updated. Totally processed 18 records.

 [12:29:49.670] {Contact} Creating the file /home/runner/work/fullnsa/fullnsa/backupData/Contact.csv ...
 [12:29:49.672] {Contact} The Target has been updated. Totally processed 21 records.

 [12:29:49.672] {Opportunity} Creating the file /home/runner/work/fullnsa/fullnsa/backupData/Opportunity.csv ...
 [12:29:49.673] {Opportunity} The Target has been updated. Totally processed 31 records.


 [12:29:49.673] The Target (STAGE 1) has been updated. Totally processed 70 records.

 UPDATING THE TARGET (STAGE 2) ...

 [12:29:49.674] Nothing was updated.

 TRIGGERING ADD-ON EVENTS ...
 [12:29:49.674] No Add-On modules found to run.


 DATA PROCESSING SUMMARY.
 [12:29:49.674] {Account} Totally processed 18 records.
 [12:29:49.674] {Contact} Totally processed 21 records.
 [12:29:49.675] {Opportunity} Totally processed 31 records.

 [12:29:49.675] Writing to /home/runner/work/fullnsa/fullnsa/backupData/MissingParentRecordsReport.csv ...


 TRIGGERING ADD-ON EVENTS ...
 [12:29:49.675] No Add-On modules found to run.


 [12:29:49.676] Command succeeded.
 [12:29:49.676] Execution of the command sfdmu:run has been completed. Exit code 0 (SUCCESS).
 [12:29:49.676] Total time elapsed: 00h 00m 14s 599ms .