
 [19:23:14.864] Execution of the command sfdmu:run has been started.

 LOADING AND VALIDATING THE EXPORT.JSON SCRIPT ...

 OBJECT SET #1 STARTED

 {
   "Running Plugin version": "4.38.0"
}
 {
   "Running Add-On API version": "1.6.0"
}

 [19:23:14.873] Loading Core Add-On Module declarations ...
 [19:23:14.946] Connecting to the org_alias using SFDX sf org display ...
 [19:23:16.677] Successfully connected to the org_alias.
 {
   "Source": "org_alias.",
   "Target": "csvfile.",
   "Package script": "/home/runner/work/fullnsa/fullnsa/backupData/export.json."
}

 GETTING AND ANALYSING OBJECT METADATA ...
 [19:23:17.557] Processing the object Account ...
 [19:23:17.558] Fetching metadata of the Account (Source) ...
 [19:23:18.615] Processing the object Contact ...
 [19:23:18.615] Fetching metadata of the Contact (Source) ...
 [19:23:19.926] Processing the object Opportunity ...
 [19:23:19.927] Fetching metadata of the Opportunity (Source) ...
 [19:23:20.599] Fetching metadata of the Group (Source) ...
 [19:23:21.158] Processing the object Opportunity ...
 [19:23:21.158] Processing the object Contact ...
 [19:23:21.158] Processing the object Account ...

 PREPARING DATA MIGRATION JOB ...
 [19:23:21.159] Building the migration strategy ...
 {
   "Order of objects to query": "Account; Contact; Opportunity"
}
 {
   "Order of objects to delete": "Opportunity; Contact; Account"
}
 {
   "Order of objects to update": "Account; Contact; Opportunity"
}
 [19:23:21.161] Preparing of the data migration job has been completed.

 ANALYSING DATA...
 [19:23:21.351] {Account} The original query string of this object is returning 18 records from the Source org.
 [19:23:21.933] {Contact} The original query string of this object is returning 21 records from the Source org.
 [19:23:22.139] {Opportunity} The original query string of this object is returning 31 records from the Source org.

 TRIGGERING ADD-ON EVENTS ...
 [19:23:22.140] No Add-On modules found to run.

 [19:23:22.140] Ready to process the data.

 DELETING OLD DATA FROM THE TARGET ...
 [19:23:22.141] {Opportunity} No records to delete.
 [19:23:22.141] {Contact} No records to delete.
 [19:23:22.141] {Account} No records to delete.
 [19:23:22.141] Deleting data was skipped.

 SOURCE:
 ===========

 FETCHING THE DATA (STAGE 1) ...
 [19:23:22.143] {Account} Fetching the Source data from Org (STAGE 1: all records) ...
 [19:23:22.143] {Account} Query string: SELECT Id, Name  FROM  Account ORDER BY Name ASC.
 [19:23:22.144] {Account} Using REST API to retrieve the data ...
 [19:23:22.328] {Account} Data retrieval (Source) has been completed. Got 18 new records.
 [19:23:22.328] {Contact} Fetching the Source data from Org (STAGE 1: all records) ...
 [19:23:22.328] {Contact} Query string: SELECT Id, FirstName, LastName, Email, $$Email$LastName$FirstName  FROM  Contact ORDER BY Email, LastName, FirstName ASC.
 [19:23:22.329] {Contact} Using REST API to retrieve the data ...
 [19:23:22.896] {Contact} Data retrieval (Source) has been completed. Got 21 new records.
 [19:23:22.896] {Opportunity} Fetching the Source data from Org (STAGE 1: all records) ...
 [19:23:22.896] {Opportunity} Query string: SELECT Id, Name  FROM  Opportunity ORDER BY Name ASC.
 [19:23:22.897] {Opportunity} Using REST API to retrieve the data ...
 [19:23:23.77] {Opportunity} Data retrieval (Source) has been completed. Got 31 new records.
 [19:23:23.77] Data retrieval (STAGE 1) has been completed.

 FETCHING THE DATA (STAGE 2) ...
 [19:23:23.78] PASS 1
 ===========
 [19:23:23.78] No records

 [19:23:23.78] PASS 2
 ===========
 [19:23:23.78] No records

 [19:23:23.79] PASS 3
 ===========
 [19:23:23.79] No records

 [19:23:23.79] PASS 4
 ===========
 [19:23:23.79] No records

 TARGET:
 ===========
 [19:23:23.80] No records
 [19:23:23.80] Data retrieval (STAGE 2) has been completed.

 TRIGGERING ADD-ON EVENTS ...
 [19:23:23.80] No Add-On modules found to run.


 DATA RETRIEVAL SUMMARY.
 [19:23:23.80] {Account} The total amount of the retrieved records: 18/0.
 [19:23:23.81] {Contact} The total amount of the retrieved records: 21/0.
 [19:23:23.81] {Opportunity} The total amount of the retrieved records: 31/0.

 UPDATING THE TARGET (STAGE 1) ...
 [19:23:23.82] {Account} Creating the file /home/runner/work/fullnsa/fullnsa/backupData/Account.csv ...
 [19:23:23.86] {Account} The Target has been updated. Totally processed 18 records.

 [19:23:23.86] {Contact} Creating the file /home/runner/work/fullnsa/fullnsa/backupData/Contact.csv ...
 [19:23:23.87] {Contact} The Target has been updated. Totally processed 21 records.

 [19:23:23.88] {Opportunity} Creating the file /home/runner/work/fullnsa/fullnsa/backupData/Opportunity.csv ...
 [19:23:23.89] {Opportunity} The Target has been updated. Totally processed 31 records.


 [19:23:23.89] The Target (STAGE 1) has been updated. Totally processed 70 records.

 UPDATING THE TARGET (STAGE 2) ...

 [19:23:23.89] Nothing was updated.

 TRIGGERING ADD-ON EVENTS ...
 [19:23:23.90] No Add-On modules found to run.


 DATA PROCESSING SUMMARY.
 [19:23:23.90] {Account} Totally processed 18 records.
 [19:23:23.90] {Contact} Totally processed 21 records.
 [19:23:23.90] {Opportunity} Totally processed 31 records.

 [19:23:23.91] Writing to /home/runner/work/fullnsa/fullnsa/backupData/MissingParentRecordsReport.csv ...


 TRIGGERING ADD-ON EVENTS ...
 [19:23:23.91] No Add-On modules found to run.


 [19:23:23.92] Command succeeded.
 [19:23:23.92] Execution of the command sfdmu:run has been completed. Exit code 0 (SUCCESS).
 [19:23:23.92] Total time elapsed: 00h 00m 08s 229ms .