
 [12:15:40.920] Execution of the command sfdmu:run has been started.

 LOADING AND VALIDATING THE EXPORT.JSON SCRIPT ...

 OBJECT SET #1 STARTED

 {
   "Running Plugin version": "4.38.0"
}
 {
   "Running Add-On API version": "1.6.0"
}

 [12:15:40.929] Loading Core Add-On Module declarations ...
 [12:15:40.998] Connecting to the org_alias using SFDX sf org display ...
 [12:15:42.713] Successfully connected to the org_alias.
 {
   "Source": "org_alias.",
   "Target": "csvfile.",
   "Package script": "/home/runner/work/fullnsa/fullnsa/backupData/export.json."
}

 GETTING AND ANALYSING OBJECT METADATA ...
 [12:15:44.94] Processing the object Account ...
 [12:15:44.95] Fetching metadata of the Account (Source) ...
 [12:15:47.166] Processing the object Contact ...
 [12:15:47.166] Fetching metadata of the Contact (Source) ...
 [12:15:48.259] Processing the object Opportunity ...
 [12:15:48.259] Fetching metadata of the Opportunity (Source) ...
 [12:15:48.972] Fetching metadata of the Group (Source) ...
 [12:15:49.616] Processing the object Opportunity ...
 [12:15:49.616] Processing the object Contact ...
 [12:15:49.616] Processing the object Account ...

 PREPARING DATA MIGRATION JOB ...
 [12:15:49.617] Building the migration strategy ...
 {
   "Order of objects to query": "Account; Contact; Opportunity"
}
 {
   "Order of objects to delete": "Opportunity; Contact; Account"
}
 {
   "Order of objects to update": "Account; Contact; Opportunity"
}
 [12:15:49.619] Preparing of the data migration job has been completed.

 ANALYSING DATA...
 [12:15:49.784] {Account} The original query string of this object is returning 18 records from the Source org.
 [12:15:49.958] {Contact} The original query string of this object is returning 21 records from the Source org.
 [12:15:50.165] {Opportunity} The original query string of this object is returning 31 records from the Source org.

 TRIGGERING ADD-ON EVENTS ...
 [12:15:50.166] No Add-On modules found to run.

 [12:15:50.166] Ready to process the data.

 DELETING OLD DATA FROM THE TARGET ...
 [12:15:50.166] {Opportunity} No records to delete.
 [12:15:50.167] {Contact} No records to delete.
 [12:15:50.167] {Account} No records to delete.
 [12:15:50.167] Deleting data was skipped.

 SOURCE:
 ===========

 FETCHING THE DATA (STAGE 1) ...
 [12:15:50.168] {Account} Fetching the Source data from Org (STAGE 1: all records) ...
 [12:15:50.168] {Account} Query string: SELECT Id, Name  FROM  Account ORDER BY Name ASC.
 [12:15:50.169] {Account} Using REST API to retrieve the data ...
 [12:15:50.336] {Account} Data retrieval (Source) has been completed. Got 18 new records.
 [12:15:50.337] {Contact} Fetching the Source data from Org (STAGE 1: all records) ...
 [12:15:50.337] {Contact} Query string: SELECT Id, FirstName, LastName, Email, $$Email$LastName$FirstName  FROM  Contact ORDER BY Email, LastName, FirstName ASC.
 [12:15:50.337] {Contact} Using REST API to retrieve the data ...
 [12:15:50.498] {Contact} Data retrieval (Source) has been completed. Got 21 new records.
 [12:15:50.498] {Opportunity} Fetching the Source data from Org (STAGE 1: all records) ...
 [12:15:50.498] {Opportunity} Query string: SELECT Id, Name  FROM  Opportunity ORDER BY Name ASC.
 [12:15:50.498] {Opportunity} Using REST API to retrieve the data ...
 [12:15:50.660] {Opportunity} Data retrieval (Source) has been completed. Got 31 new records.
 [12:15:50.660] Data retrieval (STAGE 1) has been completed.

 FETCHING THE DATA (STAGE 2) ...
 [12:15:50.660] PASS 1
 ===========
 [12:15:50.661] No records

 [12:15:50.661] PASS 2
 ===========
 [12:15:50.661] No records

 [12:15:50.661] PASS 3
 ===========
 [12:15:50.661] No records

 [12:15:50.661] PASS 4
 ===========
 [12:15:50.662] No records

 TARGET:
 ===========
 [12:15:50.662] No records
 [12:15:50.662] Data retrieval (STAGE 2) has been completed.

 TRIGGERING ADD-ON EVENTS ...
 [12:15:50.663] No Add-On modules found to run.


 DATA RETRIEVAL SUMMARY.
 [12:15:50.663] {Account} The total amount of the retrieved records: 18/0.
 [12:15:50.663] {Contact} The total amount of the retrieved records: 21/0.
 [12:15:50.663] {Opportunity} The total amount of the retrieved records: 31/0.

 UPDATING THE TARGET (STAGE 1) ...
 [12:15:50.664] {Account} Creating the file /home/runner/work/fullnsa/fullnsa/backupData/Account.csv ...
 [12:15:50.668] {Account} The Target has been updated. Totally processed 18 records.

 [12:15:50.668] {Contact} Creating the file /home/runner/work/fullnsa/fullnsa/backupData/Contact.csv ...
 [12:15:50.669] {Contact} The Target has been updated. Totally processed 21 records.

 [12:15:50.670] {Opportunity} Creating the file /home/runner/work/fullnsa/fullnsa/backupData/Opportunity.csv ...
 [12:15:50.671] {Opportunity} The Target has been updated. Totally processed 31 records.


 [12:15:50.671] The Target (STAGE 1) has been updated. Totally processed 70 records.

 UPDATING THE TARGET (STAGE 2) ...

 [12:15:50.671] Nothing was updated.

 TRIGGERING ADD-ON EVENTS ...
 [12:15:50.672] No Add-On modules found to run.


 DATA PROCESSING SUMMARY.
 [12:15:50.672] {Account} Totally processed 18 records.
 [12:15:50.672] {Contact} Totally processed 21 records.
 [12:15:50.672] {Opportunity} Totally processed 31 records.

 [12:15:50.672] Writing to /home/runner/work/fullnsa/fullnsa/backupData/MissingParentRecordsReport.csv ...


 TRIGGERING ADD-ON EVENTS ...
 [12:15:50.673] No Add-On modules found to run.


 [12:15:50.673] Command succeeded.
 [12:15:50.673] Execution of the command sfdmu:run has been completed. Exit code 0 (SUCCESS).
 [12:15:50.674] Total time elapsed: 00h 00m 09s 754ms .