
 [17:25:50.896] Execution of the command sfdmu:run has been started.

 LOADING AND VALIDATING THE EXPORT.JSON SCRIPT ...

 OBJECT SET #1 STARTED

 {
   "Running Plugin version": "4.38.0"
}
 {
   "Running Add-On API version": "1.6.0"
}

 [17:25:50.905] Loading Core Add-On Module declarations ...
 [17:25:50.975] Connecting to the org_alias using SFDX sf org display ...
 [17:25:53.883] Successfully connected to the org_alias.
 {
   "Source": "org_alias.",
   "Target": "csvfile.",
   "Package script": "/home/runner/work/fullnsa/fullnsa/backupData/export.json."
}

 GETTING AND ANALYSING OBJECT METADATA ...
 [17:25:55.615] Processing the object Account ...
 [17:25:55.615] Fetching metadata of the Account (Source) ...
 [17:25:57.444] Processing the object Contact ...
 [17:25:57.445] Fetching metadata of the Contact (Source) ...
 [17:25:58.667] Processing the object Opportunity ...
 [17:25:58.668] Fetching metadata of the Opportunity (Source) ...
 [17:25:59.611] Fetching metadata of the Group (Source) ...
 [17:26:00.346] Processing the object Opportunity ...
 [17:26:00.346] Processing the object Contact ...
 [17:26:00.346] Processing the object Account ...

 PREPARING DATA MIGRATION JOB ...
 [17:26:00.347] Building the migration strategy ...
 {
   "Order of objects to query": "Account; Contact; Opportunity"
}
 {
   "Order of objects to delete": "Opportunity; Contact; Account"
}
 {
   "Order of objects to update": "Account; Contact; Opportunity"
}
 [17:26:00.349] Preparing of the data migration job has been completed.

 ANALYSING DATA...
 [17:26:01.690] {Account} The original query string of this object is returning 18 records from the Source org.
 [17:26:01.944] {Contact} The original query string of this object is returning 21 records from the Source org.
 [17:26:02.189] {Opportunity} The original query string of this object is returning 31 records from the Source org.

 TRIGGERING ADD-ON EVENTS ...
 [17:26:02.190] No Add-On modules found to run.

 [17:26:02.190] Ready to process the data.

 DELETING OLD DATA FROM THE TARGET ...
 [17:26:02.191] {Opportunity} No records to delete.
 [17:26:02.191] {Contact} No records to delete.
 [17:26:02.191] {Account} No records to delete.
 [17:26:02.191] Deleting data was skipped.

 SOURCE:
 ===========

 FETCHING THE DATA (STAGE 1) ...
 [17:26:02.192] {Account} Fetching the Source data from Org (STAGE 1: all records) ...
 [17:26:02.193] {Account} Query string: SELECT Id, Name  FROM  Account ORDER BY Name ASC.
 [17:26:02.194] {Account} Using REST API to retrieve the data ...
 [17:26:02.456] {Account} Data retrieval (Source) has been completed. Got 18 new records.
 [17:26:02.457] {Contact} Fetching the Source data from Org (STAGE 1: all records) ...
 [17:26:02.457] {Contact} Query string: SELECT Id, FirstName, LastName, Email, $$Email$LastName$FirstName  FROM  Contact ORDER BY Email, LastName, FirstName ASC.
 [17:26:02.458] {Contact} Using REST API to retrieve the data ...
 [17:26:02.703] {Contact} Data retrieval (Source) has been completed. Got 21 new records.
 [17:26:02.703] {Opportunity} Fetching the Source data from Org (STAGE 1: all records) ...
 [17:26:02.704] {Opportunity} Query string: SELECT Id, Name  FROM  Opportunity ORDER BY Name ASC.
 [17:26:02.704] {Opportunity} Using REST API to retrieve the data ...
 [17:26:02.940] {Opportunity} Data retrieval (Source) has been completed. Got 31 new records.
 [17:26:02.941] Data retrieval (STAGE 1) has been completed.

 FETCHING THE DATA (STAGE 2) ...
 [17:26:02.941] PASS 1
 ===========
 [17:26:02.941] No records

 [17:26:02.941] PASS 2
 ===========
 [17:26:02.942] No records

 [17:26:02.942] PASS 3
 ===========
 [17:26:02.942] No records

 [17:26:02.942] PASS 4
 ===========
 [17:26:02.942] No records

 TARGET:
 ===========
 [17:26:02.943] No records
 [17:26:02.943] Data retrieval (STAGE 2) has been completed.

 TRIGGERING ADD-ON EVENTS ...
 [17:26:02.943] No Add-On modules found to run.


 DATA RETRIEVAL SUMMARY.
 [17:26:02.943] {Account} The total amount of the retrieved records: 18/0.
 [17:26:02.944] {Contact} The total amount of the retrieved records: 21/0.
 [17:26:02.944] {Opportunity} The total amount of the retrieved records: 31/0.

 UPDATING THE TARGET (STAGE 1) ...
 [17:26:02.945] {Account} Creating the file /home/runner/work/fullnsa/fullnsa/backupData/Account.csv ...
 [17:26:02.948] {Account} The Target has been updated. Totally processed 18 records.

 [17:26:02.949] {Contact} Creating the file /home/runner/work/fullnsa/fullnsa/backupData/Contact.csv ...
 [17:26:02.950] {Contact} The Target has been updated. Totally processed 21 records.

 [17:26:02.950] {Opportunity} Creating the file /home/runner/work/fullnsa/fullnsa/backupData/Opportunity.csv ...
 [17:26:02.951] {Opportunity} The Target has been updated. Totally processed 31 records.


 [17:26:02.952] The Target (STAGE 1) has been updated. Totally processed 70 records.

 UPDATING THE TARGET (STAGE 2) ...

 [17:26:02.952] Nothing was updated.

 TRIGGERING ADD-ON EVENTS ...
 [17:26:02.952] No Add-On modules found to run.


 DATA PROCESSING SUMMARY.
 [17:26:02.952] {Account} Totally processed 18 records.
 [17:26:02.953] {Contact} Totally processed 21 records.
 [17:26:02.953] {Opportunity} Totally processed 31 records.

 [17:26:02.953] Writing to /home/runner/work/fullnsa/fullnsa/backupData/MissingParentRecordsReport.csv ...


 TRIGGERING ADD-ON EVENTS ...
 [17:26:02.953] No Add-On modules found to run.


 [17:26:02.954] Command succeeded.
 [17:26:02.954] Execution of the command sfdmu:run has been completed. Exit code 0 (SUCCESS).
 [17:26:02.954] Total time elapsed: 00h 00m 12s 059ms .