
 [12:27:01.132] Execution of the command sfdmu:run has been started.

 LOADING AND VALIDATING THE EXPORT.JSON SCRIPT ...

 OBJECT SET #1 STARTED

 {
   "Running Plugin version": "4.38.0"
}
 {
   "Running Add-On API version": "1.6.0"
}

 [12:27:01.141] Loading Core Add-On Module declarations ...
 [12:27:01.214] Connecting to the org_alias using SFDX sf org display ...
 [12:27:02.916] Successfully connected to the org_alias.
 {
   "Source": "org_alias.",
   "Target": "csvfile.",
   "Package script": "/home/runner/work/fullnsa/fullnsa/backupData/export.json."
}

 GETTING AND ANALYSING OBJECT METADATA ...
 [12:27:04.266] Processing the object Account ...
 [12:27:04.266] Fetching metadata of the Account (Source) ...
 [12:27:06.482] Processing the object Contact ...
 [12:27:06.483] Fetching metadata of the Contact (Source) ...
 [12:27:07.371] Processing the object Opportunity ...
 [12:27:07.371] Fetching metadata of the Opportunity (Source) ...
 [12:27:08.198] Fetching metadata of the Group (Source) ...
 [12:27:08.701] Processing the object Opportunity ...
 [12:27:08.702] Processing the object Contact ...
 [12:27:08.702] Processing the object Account ...

 PREPARING DATA MIGRATION JOB ...
 [12:27:08.703] Building the migration strategy ...
 {
   "Order of objects to query": "Account; Contact; Opportunity"
}
 {
   "Order of objects to delete": "Opportunity; Contact; Account"
}
 {
   "Order of objects to update": "Account; Contact; Opportunity"
}
 [12:27:08.705] Preparing of the data migration job has been completed.

 ANALYSING DATA...
 [12:27:08.892] {Account} The original query string of this object is returning 18 records from the Source org.
 [12:27:09.84] {Contact} The original query string of this object is returning 21 records from the Source org.
 [12:27:09.288] {Opportunity} The original query string of this object is returning 31 records from the Source org.

 TRIGGERING ADD-ON EVENTS ...
 [12:27:09.289] No Add-On modules found to run.

 [12:27:09.289] Ready to process the data.

 DELETING OLD DATA FROM THE TARGET ...
 [12:27:09.289] {Opportunity} No records to delete.
 [12:27:09.289] {Contact} No records to delete.
 [12:27:09.290] {Account} No records to delete.
 [12:27:09.290] Deleting data was skipped.

 SOURCE:
 ===========

 FETCHING THE DATA (STAGE 1) ...
 [12:27:09.291] {Account} Fetching the Source data from Org (STAGE 1: all records) ...
 [12:27:09.291] {Account} Query string: SELECT Id, Name  FROM  Account ORDER BY Name ASC.
 [12:27:09.292] {Account} Using REST API to retrieve the data ...
 [12:27:09.462] {Account} Data retrieval (Source) has been completed. Got 18 new records.
 [12:27:09.462] {Contact} Fetching the Source data from Org (STAGE 1: all records) ...
 [12:27:09.462] {Contact} Query string: SELECT Id, FirstName, LastName, Email, $$Email$LastName$FirstName  FROM  Contact ORDER BY Email, LastName, FirstName ASC.
 [12:27:09.463] {Contact} Using REST API to retrieve the data ...
 [12:27:09.671] {Contact} Data retrieval (Source) has been completed. Got 21 new records.
 [12:27:09.672] {Opportunity} Fetching the Source data from Org (STAGE 1: all records) ...
 [12:27:09.672] {Opportunity} Query string: SELECT Id, Name  FROM  Opportunity ORDER BY Name ASC.
 [12:27:09.672] {Opportunity} Using REST API to retrieve the data ...
 [12:27:09.837] {Opportunity} Data retrieval (Source) has been completed. Got 31 new records.
 [12:27:09.837] Data retrieval (STAGE 1) has been completed.

 FETCHING THE DATA (STAGE 2) ...
 [12:27:09.837] PASS 1
 ===========
 [12:27:09.837] No records

 [12:27:09.837] PASS 2
 ===========
 [12:27:09.838] No records

 [12:27:09.838] PASS 3
 ===========
 [12:27:09.838] No records

 [12:27:09.838] PASS 4
 ===========
 [12:27:09.839] No records

 TARGET:
 ===========
 [12:27:09.839] No records
 [12:27:09.839] Data retrieval (STAGE 2) has been completed.

 TRIGGERING ADD-ON EVENTS ...
 [12:27:09.839] No Add-On modules found to run.


 DATA RETRIEVAL SUMMARY.
 [12:27:09.840] {Account} The total amount of the retrieved records: 18/0.
 [12:27:09.840] {Contact} The total amount of the retrieved records: 21/0.
 [12:27:09.840] {Opportunity} The total amount of the retrieved records: 31/0.

 UPDATING THE TARGET (STAGE 1) ...
 [12:27:09.841] {Account} Creating the file /home/runner/work/fullnsa/fullnsa/backupData/Account.csv ...
 [12:27:09.845] {Account} The Target has been updated. Totally processed 18 records.

 [12:27:09.845] {Contact} Creating the file /home/runner/work/fullnsa/fullnsa/backupData/Contact.csv ...
 [12:27:09.847] {Contact} The Target has been updated. Totally processed 21 records.

 [12:27:09.847] {Opportunity} Creating the file /home/runner/work/fullnsa/fullnsa/backupData/Opportunity.csv ...
 [12:27:09.848] {Opportunity} The Target has been updated. Totally processed 31 records.


 [12:27:09.848] The Target (STAGE 1) has been updated. Totally processed 70 records.

 UPDATING THE TARGET (STAGE 2) ...

 [12:27:09.849] Nothing was updated.

 TRIGGERING ADD-ON EVENTS ...
 [12:27:09.849] No Add-On modules found to run.


 DATA PROCESSING SUMMARY.
 [12:27:09.849] {Account} Totally processed 18 records.
 [12:27:09.850] {Contact} Totally processed 21 records.
 [12:27:09.850] {Opportunity} Totally processed 31 records.

 [12:27:09.850] Writing to /home/runner/work/fullnsa/fullnsa/backupData/MissingParentRecordsReport.csv ...


 TRIGGERING ADD-ON EVENTS ...
 [12:27:09.850] No Add-On modules found to run.


 [12:27:09.851] Command succeeded.
 [12:27:09.851] Execution of the command sfdmu:run has been completed. Exit code 0 (SUCCESS).
 [12:27:09.851] Total time elapsed: 00h 00m 08s 720ms .