
 [17:47:05.829] Execution of the command sfdmu:run has been started.

 LOADING AND VALIDATING THE EXPORT.JSON SCRIPT ...

 OBJECT SET #1 STARTED

 {
   "Running Plugin version": "4.38.0"
}
 {
   "Running Add-On API version": "1.6.0"
}

 [17:47:05.838] Loading Core Add-On Module declarations ...
 [17:47:05.906] Connecting to the org_alias using SFDX sf org display ...
 [17:47:07.614] Successfully connected to the org_alias.
 {
   "Source": "org_alias.",
   "Target": "csvfile.",
   "Package script": "/home/runner/work/fullnsa/fullnsa/backupData/export.json."
}

 GETTING AND ANALYSING OBJECT METADATA ...
 [17:47:08.415] Processing the object Account ...
 [17:47:08.416] Fetching metadata of the Account (Source) ...
 [17:47:09.298] Processing the object Contact ...
 [17:47:09.298] Fetching metadata of the Contact (Source) ...
 [17:47:10.198] Processing the object Opportunity ...
 [17:47:10.199] Fetching metadata of the Opportunity (Source) ...
 [17:47:10.810] Fetching metadata of the Group (Source) ...
 [17:47:11.300] Processing the object Opportunity ...
 [17:47:11.301] Processing the object Contact ...
 [17:47:11.301] Processing the object Account ...

 PREPARING DATA MIGRATION JOB ...
 [17:47:11.302] Building the migration strategy ...
 {
   "Order of objects to query": "Account; Contact; Opportunity"
}
 {
   "Order of objects to delete": "Opportunity; Contact; Account"
}
 {
   "Order of objects to update": "Account; Contact; Opportunity"
}
 [17:47:11.303] Preparing of the data migration job has been completed.

 ANALYSING DATA...
 [17:47:11.494] {Account} The original query string of this object is returning 18 records from the Source org.
 [17:47:11.666] {Contact} The original query string of this object is returning 21 records from the Source org.
 [17:47:11.833] {Opportunity} The original query string of this object is returning 31 records from the Source org.

 TRIGGERING ADD-ON EVENTS ...
 [17:47:11.833] No Add-On modules found to run.

 [17:47:11.834] Ready to process the data.

 DELETING OLD DATA FROM THE TARGET ...
 [17:47:11.834] {Opportunity} No records to delete.
 [17:47:11.834] {Contact} No records to delete.
 [17:47:11.834] {Account} No records to delete.
 [17:47:11.834] Deleting data was skipped.

 SOURCE:
 ===========

 FETCHING THE DATA (STAGE 1) ...
 [17:47:11.836] {Account} Fetching the Source data from Org (STAGE 1: all records) ...
 [17:47:11.836] {Account} Query string: SELECT Id, Name  FROM  Account ORDER BY Name ASC.
 [17:47:11.837] {Account} Using REST API to retrieve the data ...
 [17:47:12.19] {Account} Data retrieval (Source) has been completed. Got 18 new records.
 [17:47:12.19] {Contact} Fetching the Source data from Org (STAGE 1: all records) ...
 [17:47:12.19] {Contact} Query string: SELECT Id, FirstName, LastName, Email, $$Email$LastName$FirstName  FROM  Contact ORDER BY Email, LastName, FirstName ASC.
 [17:47:12.20] {Contact} Using REST API to retrieve the data ...
 [17:47:12.211] {Contact} Data retrieval (Source) has been completed. Got 21 new records.
 [17:47:12.211] {Opportunity} Fetching the Source data from Org (STAGE 1: all records) ...
 [17:47:12.211] {Opportunity} Query string: SELECT Id, Name  FROM  Opportunity ORDER BY Name ASC.
 [17:47:12.212] {Opportunity} Using REST API to retrieve the data ...
 [17:47:12.371] {Opportunity} Data retrieval (Source) has been completed. Got 31 new records.
 [17:47:12.371] Data retrieval (STAGE 1) has been completed.

 FETCHING THE DATA (STAGE 2) ...
 [17:47:12.372] PASS 1
 ===========
 [17:47:12.372] No records

 [17:47:12.372] PASS 2
 ===========
 [17:47:12.372] No records

 [17:47:12.373] PASS 3
 ===========
 [17:47:12.373] No records

 [17:47:12.373] PASS 4
 ===========
 [17:47:12.373] No records

 TARGET:
 ===========
 [17:47:12.374] No records
 [17:47:12.374] Data retrieval (STAGE 2) has been completed.

 TRIGGERING ADD-ON EVENTS ...
 [17:47:12.374] No Add-On modules found to run.


 DATA RETRIEVAL SUMMARY.
 [17:47:12.375] {Account} The total amount of the retrieved records: 18/0.
 [17:47:12.375] {Contact} The total amount of the retrieved records: 21/0.
 [17:47:12.375] {Opportunity} The total amount of the retrieved records: 31/0.

 UPDATING THE TARGET (STAGE 1) ...
 [17:47:12.376] {Account} Creating the file /home/runner/work/fullnsa/fullnsa/backupData/Account.csv ...
 [17:47:12.380] {Account} The Target has been updated. Totally processed 18 records.

 [17:47:12.380] {Contact} Creating the file /home/runner/work/fullnsa/fullnsa/backupData/Contact.csv ...
 [17:47:12.382] {Contact} The Target has been updated. Totally processed 21 records.

 [17:47:12.382] {Opportunity} Creating the file /home/runner/work/fullnsa/fullnsa/backupData/Opportunity.csv ...
 [17:47:12.383] {Opportunity} The Target has been updated. Totally processed 31 records.


 [17:47:12.383] The Target (STAGE 1) has been updated. Totally processed 70 records.

 UPDATING THE TARGET (STAGE 2) ...

 [17:47:12.384] Nothing was updated.

 TRIGGERING ADD-ON EVENTS ...
 [17:47:12.384] No Add-On modules found to run.


 DATA PROCESSING SUMMARY.
 [17:47:12.384] {Account} Totally processed 18 records.
 [17:47:12.385] {Contact} Totally processed 21 records.
 [17:47:12.385] {Opportunity} Totally processed 31 records.

 [17:47:12.385] Writing to /home/runner/work/fullnsa/fullnsa/backupData/MissingParentRecordsReport.csv ...


 TRIGGERING ADD-ON EVENTS ...
 [17:47:12.385] No Add-On modules found to run.


 [17:47:12.386] Command succeeded.
 [17:47:12.386] Execution of the command sfdmu:run has been completed. Exit code 0 (SUCCESS).
 [17:47:12.386] Total time elapsed: 00h 00m 06s 558ms .