
 [12:25:58.213] Execution of the command sfdmu:run has been started.

 LOADING AND VALIDATING THE EXPORT.JSON SCRIPT ...

 OBJECT SET #1 STARTED

 {
   "Running Plugin version": "4.38.0"
}
 {
   "Running Add-On API version": "1.6.0"
}

 [12:25:58.222] Loading Core Add-On Module declarations ...
 [12:25:58.291] Connecting to the org_alias using SFDX sf org display ...
 [12:26:00.24] Successfully connected to the org_alias.
 {
   "Source": "org_alias.",
   "Target": "csvfile.",
   "Package script": "/home/runner/work/fullnsa/fullnsa/backupData/export.json."
}

 GETTING AND ANALYSING OBJECT METADATA ...
 [12:26:01.399] Processing the object Account ...
 [12:26:01.399] Fetching metadata of the Account (Source) ...
 [12:26:03.493] Processing the object Contact ...
 [12:26:03.494] Fetching metadata of the Contact (Source) ...
 [12:26:04.544] Processing the object Opportunity ...
 [12:26:04.544] Fetching metadata of the Opportunity (Source) ...
 [12:26:05.219] Fetching metadata of the Group (Source) ...
 [12:26:05.603] Processing the object Opportunity ...
 [12:26:05.603] Processing the object Contact ...
 [12:26:05.604] Processing the object Account ...

 PREPARING DATA MIGRATION JOB ...
 [12:26:05.604] Building the migration strategy ...
 {
   "Order of objects to query": "Account; Contact; Opportunity"
}
 {
   "Order of objects to delete": "Opportunity; Contact; Account"
}
 {
   "Order of objects to update": "Account; Contact; Opportunity"
}
 [12:26:05.606] Preparing of the data migration job has been completed.

 ANALYSING DATA...
 [12:26:05.842] {Account} The original query string of this object is returning 18 records from the Source org.
 [12:26:06.53] {Contact} The original query string of this object is returning 21 records from the Source org.
 [12:26:06.265] {Opportunity} The original query string of this object is returning 31 records from the Source org.

 TRIGGERING ADD-ON EVENTS ...
 [12:26:06.266] No Add-On modules found to run.

 [12:26:06.266] Ready to process the data.

 DELETING OLD DATA FROM THE TARGET ...
 [12:26:06.266] {Opportunity} No records to delete.
 [12:26:06.267] {Contact} No records to delete.
 [12:26:06.267] {Account} No records to delete.
 [12:26:06.267] Deleting data was skipped.

 SOURCE:
 ===========

 FETCHING THE DATA (STAGE 1) ...
 [12:26:06.272] {Account} Fetching the Source data from Org (STAGE 1: all records) ...
 [12:26:06.273] {Account} Query string: SELECT Id, Name  FROM  Account ORDER BY Name ASC.
 [12:26:06.274] {Account} Using REST API to retrieve the data ...
 [12:26:06.588] {Account} Data retrieval (Source) has been completed. Got 18 new records.
 [12:26:06.588] {Contact} Fetching the Source data from Org (STAGE 1: all records) ...
 [12:26:06.588] {Contact} Query string: SELECT Id, FirstName, LastName, Email, $$Email$LastName$FirstName  FROM  Contact ORDER BY Email, LastName, FirstName ASC.
 [12:26:06.589] {Contact} Using REST API to retrieve the data ...
 [12:26:06.913] {Contact} Data retrieval (Source) has been completed. Got 21 new records.
 [12:26:06.913] {Opportunity} Fetching the Source data from Org (STAGE 1: all records) ...
 [12:26:06.913] {Opportunity} Query string: SELECT Id, Name  FROM  Opportunity ORDER BY Name ASC.
 [12:26:06.913] {Opportunity} Using REST API to retrieve the data ...
 [12:26:07.91] {Opportunity} Data retrieval (Source) has been completed. Got 31 new records.
 [12:26:07.91] Data retrieval (STAGE 1) has been completed.

 FETCHING THE DATA (STAGE 2) ...
 [12:26:07.91] PASS 1
 ===========
 [12:26:07.92] No records

 [12:26:07.92] PASS 2
 ===========
 [12:26:07.92] No records

 [12:26:07.92] PASS 3
 ===========
 [12:26:07.92] No records

 [12:26:07.93] PASS 4
 ===========
 [12:26:07.93] No records

 TARGET:
 ===========
 [12:26:07.93] No records
 [12:26:07.93] Data retrieval (STAGE 2) has been completed.

 TRIGGERING ADD-ON EVENTS ...
 [12:26:07.94] No Add-On modules found to run.


 DATA RETRIEVAL SUMMARY.
 [12:26:07.94] {Account} The total amount of the retrieved records: 18/0.
 [12:26:07.94] {Contact} The total amount of the retrieved records: 21/0.
 [12:26:07.94] {Opportunity} The total amount of the retrieved records: 31/0.

 UPDATING THE TARGET (STAGE 1) ...
 [12:26:07.95] {Account} Creating the file /home/runner/work/fullnsa/fullnsa/backupData/Account.csv ...
 [12:26:07.100] {Account} The Target has been updated. Totally processed 18 records.

 [12:26:07.100] {Contact} Creating the file /home/runner/work/fullnsa/fullnsa/backupData/Contact.csv ...
 [12:26:07.102] {Contact} The Target has been updated. Totally processed 21 records.

 [12:26:07.102] {Opportunity} Creating the file /home/runner/work/fullnsa/fullnsa/backupData/Opportunity.csv ...
 [12:26:07.103] {Opportunity} The Target has been updated. Totally processed 31 records.


 [12:26:07.103] The Target (STAGE 1) has been updated. Totally processed 70 records.

 UPDATING THE TARGET (STAGE 2) ...

 [12:26:07.104] Nothing was updated.

 TRIGGERING ADD-ON EVENTS ...
 [12:26:07.104] No Add-On modules found to run.


 DATA PROCESSING SUMMARY.
 [12:26:07.104] {Account} Totally processed 18 records.
 [12:26:07.104] {Contact} Totally processed 21 records.
 [12:26:07.105] {Opportunity} Totally processed 31 records.

 [12:26:07.105] Writing to /home/runner/work/fullnsa/fullnsa/backupData/MissingParentRecordsReport.csv ...


 TRIGGERING ADD-ON EVENTS ...
 [12:26:07.105] No Add-On modules found to run.


 [12:26:07.106] Command succeeded.
 [12:26:07.106] Execution of the command sfdmu:run has been completed. Exit code 0 (SUCCESS).
 [12:26:07.106] Total time elapsed: 00h 00m 08s 894ms .