
 [12:30:22.166] Execution of the command sfdmu:run has been started.

 LOADING AND VALIDATING THE EXPORT.JSON SCRIPT ...

 OBJECT SET #1 STARTED

 {
   "Running Plugin version": "4.38.0"
}
 {
   "Running Add-On API version": "1.6.0"
}

 [12:30:22.175] Loading Core Add-On Module declarations ...
 [12:30:22.245] Connecting to the org_alias using SFDX sf org display ...
 [12:30:24.47] Successfully connected to the org_alias.
 {
   "Source": "org_alias.",
   "Target": "csvfile.",
   "Package script": "/home/runner/work/fullnsa/fullnsa/backupData/export.json."
}

 GETTING AND ANALYSING OBJECT METADATA ...
 [12:30:25.209] Processing the object Account ...
 [12:30:25.210] Fetching metadata of the Account (Source) ...
 [12:30:27.507] Processing the object Contact ...
 [12:30:27.508] Fetching metadata of the Contact (Source) ...
 [12:30:28.815] Processing the object Opportunity ...
 [12:30:28.815] Fetching metadata of the Opportunity (Source) ...
 [12:30:29.569] Fetching metadata of the Group (Source) ...
 [12:30:30.248] Processing the object Opportunity ...
 [12:30:30.248] Processing the object Contact ...
 [12:30:30.248] Processing the object Account ...

 PREPARING DATA MIGRATION JOB ...
 [12:30:30.249] Building the migration strategy ...
 {
   "Order of objects to query": "Account; Contact; Opportunity"
}
 {
   "Order of objects to delete": "Opportunity; Contact; Account"
}
 {
   "Order of objects to update": "Account; Contact; Opportunity"
}
 [12:30:30.251] Preparing of the data migration job has been completed.

 ANALYSING DATA...
 [12:30:30.461] {Account} The original query string of this object is returning 18 records from the Source org.
 [12:30:30.679] {Contact} The original query string of this object is returning 21 records from the Source org.
 [12:30:30.939] {Opportunity} The original query string of this object is returning 31 records from the Source org.

 TRIGGERING ADD-ON EVENTS ...
 [12:30:30.939] No Add-On modules found to run.

 [12:30:30.939] Ready to process the data.

 DELETING OLD DATA FROM THE TARGET ...
 [12:30:30.940] {Opportunity} No records to delete.
 [12:30:30.940] {Contact} No records to delete.
 [12:30:30.940] {Account} No records to delete.
 [12:30:30.940] Deleting data was skipped.

 SOURCE:
 ===========

 FETCHING THE DATA (STAGE 1) ...
 [12:30:30.942] {Account} Fetching the Source data from Org (STAGE 1: all records) ...
 [12:30:30.942] {Account} Query string: SELECT Id, Name  FROM  Account ORDER BY Name ASC.
 [12:30:30.943] {Account} Using REST API to retrieve the data ...
 [12:30:31.110] {Account} Data retrieval (Source) has been completed. Got 18 new records.
 [12:30:31.111] {Contact} Fetching the Source data from Org (STAGE 1: all records) ...
 [12:30:31.111] {Contact} Query string: SELECT Id, FirstName, LastName, Email, $$Email$LastName$FirstName  FROM  Contact ORDER BY Email, LastName, FirstName ASC.
 [12:30:31.111] {Contact} Using REST API to retrieve the data ...
 [12:30:31.311] {Contact} Data retrieval (Source) has been completed. Got 21 new records.
 [12:30:31.311] {Opportunity} Fetching the Source data from Org (STAGE 1: all records) ...
 [12:30:31.311] {Opportunity} Query string: SELECT Id, Name  FROM  Opportunity ORDER BY Name ASC.
 [12:30:31.312] {Opportunity} Using REST API to retrieve the data ...
 [12:30:31.494] {Opportunity} Data retrieval (Source) has been completed. Got 31 new records.
 [12:30:31.494] Data retrieval (STAGE 1) has been completed.

 FETCHING THE DATA (STAGE 2) ...
 [12:30:31.494] PASS 1
 ===========
 [12:30:31.494] No records

 [12:30:31.494] PASS 2
 ===========
 [12:30:31.495] No records

 [12:30:31.495] PASS 3
 ===========
 [12:30:31.495] No records

 [12:30:31.495] PASS 4
 ===========
 [12:30:31.496] No records

 TARGET:
 ===========
 [12:30:31.496] No records
 [12:30:31.496] Data retrieval (STAGE 2) has been completed.

 TRIGGERING ADD-ON EVENTS ...
 [12:30:31.497] No Add-On modules found to run.


 DATA RETRIEVAL SUMMARY.
 [12:30:31.497] {Account} The total amount of the retrieved records: 18/0.
 [12:30:31.497] {Contact} The total amount of the retrieved records: 21/0.
 [12:30:31.497] {Opportunity} The total amount of the retrieved records: 31/0.

 UPDATING THE TARGET (STAGE 1) ...
 [12:30:31.498] {Account} Creating the file /home/runner/work/fullnsa/fullnsa/backupData/Account.csv ...
 [12:30:31.502] {Account} The Target has been updated. Totally processed 18 records.

 [12:30:31.502] {Contact} Creating the file /home/runner/work/fullnsa/fullnsa/backupData/Contact.csv ...
 [12:30:31.504] {Contact} The Target has been updated. Totally processed 21 records.

 [12:30:31.504] {Opportunity} Creating the file /home/runner/work/fullnsa/fullnsa/backupData/Opportunity.csv ...
 [12:30:31.505] {Opportunity} The Target has been updated. Totally processed 31 records.


 [12:30:31.505] The Target (STAGE 1) has been updated. Totally processed 70 records.

 UPDATING THE TARGET (STAGE 2) ...

 [12:30:31.506] Nothing was updated.

 TRIGGERING ADD-ON EVENTS ...
 [12:30:31.506] No Add-On modules found to run.


 DATA PROCESSING SUMMARY.
 [12:30:31.506] {Account} Totally processed 18 records.
 [12:30:31.507] {Contact} Totally processed 21 records.
 [12:30:31.507] {Opportunity} Totally processed 31 records.

 [12:30:31.507] Writing to /home/runner/work/fullnsa/fullnsa/backupData/MissingParentRecordsReport.csv ...


 TRIGGERING ADD-ON EVENTS ...
 [12:30:31.507] No Add-On modules found to run.


 [12:30:31.508] Command succeeded.
 [12:30:31.508] Execution of the command sfdmu:run has been completed. Exit code 0 (SUCCESS).
 [12:30:31.508] Total time elapsed: 00h 00m 09s 343ms .