
 [19:34:48.153] Execution of the command sfdmu:run has been started.

 LOADING AND VALIDATING THE EXPORT.JSON SCRIPT ...

 OBJECT SET #1 STARTED

 {
   "Running Plugin version": "4.38.0"
}
 {
   "Running Add-On API version": "1.6.0"
}

 [19:34:48.162] Loading Core Add-On Module declarations ...
 [19:34:48.234] Connecting to the org_alias using SFDX sf org display ...
 [19:34:49.946] Successfully connected to the org_alias.
 {
   "Source": "org_alias.",
   "Target": "csvfile.",
   "Package script": "/home/runner/work/fullnsa/fullnsa/backupData/export.json."
}

 GETTING AND ANALYSING OBJECT METADATA ...
 [19:34:50.902] Processing the object Account ...
 [19:34:50.902] Fetching metadata of the Account (Source) ...
 [19:34:51.774] Processing the object Contact ...
 [19:34:51.775] Fetching metadata of the Contact (Source) ...
 [19:34:52.564] Processing the object Opportunity ...
 [19:34:52.565] Fetching metadata of the Opportunity (Source) ...
 [19:34:53.534] Fetching metadata of the Group (Source) ...
 [19:34:54.109] Processing the object Opportunity ...
 [19:34:54.110] Processing the object Contact ...
 [19:34:54.110] Processing the object Account ...

 PREPARING DATA MIGRATION JOB ...
 [19:34:54.111] Building the migration strategy ...
 {
   "Order of objects to query": "Account; Contact; Opportunity"
}
 {
   "Order of objects to delete": "Opportunity; Contact; Account"
}
 {
   "Order of objects to update": "Account; Contact; Opportunity"
}
 [19:34:54.112] Preparing of the data migration job has been completed.

 ANALYSING DATA...
 [19:34:54.318] {Account} The original query string of this object is returning 18 records from the Source org.
 [19:34:54.527] {Contact} The original query string of this object is returning 21 records from the Source org.
 [19:34:54.704] {Opportunity} The original query string of this object is returning 31 records from the Source org.

 TRIGGERING ADD-ON EVENTS ...
 [19:34:54.705] No Add-On modules found to run.

 [19:34:54.705] Ready to process the data.

 DELETING OLD DATA FROM THE TARGET ...
 [19:34:54.706] {Opportunity} No records to delete.
 [19:34:54.706] {Contact} No records to delete.
 [19:34:54.706] {Account} No records to delete.
 [19:34:54.706] Deleting data was skipped.

 SOURCE:
 ===========

 FETCHING THE DATA (STAGE 1) ...
 [19:34:54.708] {Account} Fetching the Source data from Org (STAGE 1: all records) ...
 [19:34:54.708] {Account} Query string: SELECT Id, Name  FROM  Account ORDER BY Name ASC.
 [19:34:54.709] {Account} Using REST API to retrieve the data ...
 [19:34:54.886] {Account} Data retrieval (Source) has been completed. Got 18 new records.
 [19:34:54.886] {Contact} Fetching the Source data from Org (STAGE 1: all records) ...
 [19:34:54.886] {Contact} Query string: SELECT Id, FirstName, LastName, Email, $$Email$LastName$FirstName  FROM  Contact ORDER BY Email, LastName, FirstName ASC.
 [19:34:54.887] {Contact} Using REST API to retrieve the data ...
 [19:34:55.53] {Contact} Data retrieval (Source) has been completed. Got 21 new records.
 [19:34:55.54] {Opportunity} Fetching the Source data from Org (STAGE 1: all records) ...
 [19:34:55.54] {Opportunity} Query string: SELECT Id, Name  FROM  Opportunity ORDER BY Name ASC.
 [19:34:55.54] {Opportunity} Using REST API to retrieve the data ...
 [19:34:55.231] {Opportunity} Data retrieval (Source) has been completed. Got 31 new records.
 [19:34:55.231] Data retrieval (STAGE 1) has been completed.

 FETCHING THE DATA (STAGE 2) ...
 [19:34:55.231] PASS 1
 ===========
 [19:34:55.232] No records

 [19:34:55.232] PASS 2
 ===========
 [19:34:55.232] No records

 [19:34:55.232] PASS 3
 ===========
 [19:34:55.232] No records

 [19:34:55.233] PASS 4
 ===========
 [19:34:55.233] No records

 TARGET:
 ===========
 [19:34:55.233] No records
 [19:34:55.233] Data retrieval (STAGE 2) has been completed.

 TRIGGERING ADD-ON EVENTS ...
 [19:34:55.234] No Add-On modules found to run.


 DATA RETRIEVAL SUMMARY.
 [19:34:55.234] {Account} The total amount of the retrieved records: 18/0.
 [19:34:55.234] {Contact} The total amount of the retrieved records: 21/0.
 [19:34:55.234] {Opportunity} The total amount of the retrieved records: 31/0.

 UPDATING THE TARGET (STAGE 1) ...
 [19:34:55.235] {Account} Creating the file /home/runner/work/fullnsa/fullnsa/backupData/Account.csv ...
 [19:34:55.239] {Account} The Target has been updated. Totally processed 18 records.

 [19:34:55.240] {Contact} Creating the file /home/runner/work/fullnsa/fullnsa/backupData/Contact.csv ...
 [19:34:55.241] {Contact} The Target has been updated. Totally processed 21 records.

 [19:34:55.241] {Opportunity} Creating the file /home/runner/work/fullnsa/fullnsa/backupData/Opportunity.csv ...
 [19:34:55.243] {Opportunity} The Target has been updated. Totally processed 31 records.


 [19:34:55.243] The Target (STAGE 1) has been updated. Totally processed 70 records.

 UPDATING THE TARGET (STAGE 2) ...

 [19:34:55.243] Nothing was updated.

 TRIGGERING ADD-ON EVENTS ...
 [19:34:55.244] No Add-On modules found to run.


 DATA PROCESSING SUMMARY.
 [19:34:55.244] {Account} Totally processed 18 records.
 [19:34:55.244] {Contact} Totally processed 21 records.
 [19:34:55.244] {Opportunity} Totally processed 31 records.

 [19:34:55.244] Writing to /home/runner/work/fullnsa/fullnsa/backupData/MissingParentRecordsReport.csv ...


 TRIGGERING ADD-ON EVENTS ...
 [19:34:55.245] No Add-On modules found to run.


 [19:34:55.246] Command succeeded.
 [19:34:55.246] Execution of the command sfdmu:run has been completed. Exit code 0 (SUCCESS).
 [19:34:55.246] Total time elapsed: 00h 00m 07s 093ms .