
 [13:14:35.787] Execution of the command sfdmu:run has been started.

 LOADING AND VALIDATING THE EXPORT.JSON SCRIPT ...

 OBJECT SET #1 STARTED

 {
   "Running Plugin version": "4.38.0"
}
 {
   "Running Add-On API version": "1.6.0"
}

 [13:14:35.796] Loading Core Add-On Module declarations ...
 [13:14:35.864] Connecting to the org_alias using SFDX sf org display ...
 [13:14:37.685] Successfully connected to the org_alias.
 {
   "Source": "org_alias.",
   "Target": "csvfile.",
   "Package script": "/home/runner/work/fullnsa/fullnsa/backupData/export.json."
}

 GETTING AND ANALYSING OBJECT METADATA ...
 [13:14:38.737] Processing the object Account ...
 [13:14:38.737] Fetching metadata of the Account (Source) ...
 [13:14:39.910] Processing the object Contact ...
 [13:14:39.910] Fetching metadata of the Contact (Source) ...
 [13:14:41.133] Processing the object Opportunity ...
 [13:14:41.134] Fetching metadata of the Opportunity (Source) ...
 [13:14:42.37] Fetching metadata of the Group (Source) ...
 [13:14:42.680] Processing the object Opportunity ...
 [13:14:42.681] Processing the object Contact ...
 [13:14:42.681] Processing the object Account ...

 PREPARING DATA MIGRATION JOB ...
 [13:14:42.682] Building the migration strategy ...
 {
   "Order of objects to query": "Account; Contact; Opportunity"
}
 {
   "Order of objects to delete": "Opportunity; Contact; Account"
}
 {
   "Order of objects to update": "Account; Contact; Opportunity"
}
 [13:14:42.684] Preparing of the data migration job has been completed.

 ANALYSING DATA...
 [13:14:42.919] {Account} The original query string of this object is returning 18 records from the Source org.
 [13:14:43.138] {Contact} The original query string of this object is returning 21 records from the Source org.
 [13:14:43.376] {Opportunity} The original query string of this object is returning 31 records from the Source org.

 TRIGGERING ADD-ON EVENTS ...
 [13:14:43.376] No Add-On modules found to run.

 [13:14:43.376] Ready to process the data.

 DELETING OLD DATA FROM THE TARGET ...
 [13:14:43.377] {Opportunity} No records to delete.
 [13:14:43.377] {Contact} No records to delete.
 [13:14:43.377] {Account} No records to delete.
 [13:14:43.377] Deleting data was skipped.

 SOURCE:
 ===========

 FETCHING THE DATA (STAGE 1) ...
 [13:14:43.379] {Account} Fetching the Source data from Org (STAGE 1: all records) ...
 [13:14:43.379] {Account} Query string: SELECT Id, Name  FROM  Account ORDER BY Name ASC.
 [13:14:43.380] {Account} Using REST API to retrieve the data ...
 [13:14:43.611] {Account} Data retrieval (Source) has been completed. Got 18 new records.
 [13:14:43.612] {Contact} Fetching the Source data from Org (STAGE 1: all records) ...
 [13:14:43.612] {Contact} Query string: SELECT Id, FirstName, LastName, Email, $$Email$LastName$FirstName  FROM  Contact ORDER BY Email, LastName, FirstName ASC.
 [13:14:43.613] {Contact} Using REST API to retrieve the data ...
 [13:14:43.833] {Contact} Data retrieval (Source) has been completed. Got 21 new records.
 [13:14:43.833] {Opportunity} Fetching the Source data from Org (STAGE 1: all records) ...
 [13:14:43.833] {Opportunity} Query string: SELECT Id, Name  FROM  Opportunity ORDER BY Name ASC.
 [13:14:43.834] {Opportunity} Using REST API to retrieve the data ...
 [13:14:44.221] {Opportunity} Data retrieval (Source) has been completed. Got 31 new records.
 [13:14:44.221] Data retrieval (STAGE 1) has been completed.

 FETCHING THE DATA (STAGE 2) ...
 [13:14:44.221] PASS 1
 ===========
 [13:14:44.222] No records

 [13:14:44.222] PASS 2
 ===========
 [13:14:44.222] No records

 [13:14:44.222] PASS 3
 ===========
 [13:14:44.223] No records

 [13:14:44.223] PASS 4
 ===========
 [13:14:44.223] No records

 TARGET:
 ===========
 [13:14:44.223] No records
 [13:14:44.223] Data retrieval (STAGE 2) has been completed.

 TRIGGERING ADD-ON EVENTS ...
 [13:14:44.224] No Add-On modules found to run.


 DATA RETRIEVAL SUMMARY.
 [13:14:44.224] {Account} The total amount of the retrieved records: 18/0.
 [13:14:44.224] {Contact} The total amount of the retrieved records: 21/0.
 [13:14:44.224] {Opportunity} The total amount of the retrieved records: 31/0.

 UPDATING THE TARGET (STAGE 1) ...
 [13:14:44.225] {Account} Creating the file /home/runner/work/fullnsa/fullnsa/backupData/Account.csv ...
 [13:14:44.229] {Account} The Target has been updated. Totally processed 18 records.

 [13:14:44.229] {Contact} Creating the file /home/runner/work/fullnsa/fullnsa/backupData/Contact.csv ...
 [13:14:44.231] {Contact} The Target has been updated. Totally processed 21 records.

 [13:14:44.231] {Opportunity} Creating the file /home/runner/work/fullnsa/fullnsa/backupData/Opportunity.csv ...
 [13:14:44.233] {Opportunity} The Target has been updated. Totally processed 31 records.


 [13:14:44.233] The Target (STAGE 1) has been updated. Totally processed 70 records.

 UPDATING THE TARGET (STAGE 2) ...

 [13:14:44.233] Nothing was updated.

 TRIGGERING ADD-ON EVENTS ...
 [13:14:44.233] No Add-On modules found to run.


 DATA PROCESSING SUMMARY.
 [13:14:44.234] {Account} Totally processed 18 records.
 [13:14:44.234] {Contact} Totally processed 21 records.
 [13:14:44.234] {Opportunity} Totally processed 31 records.

 [13:14:44.234] Writing to /home/runner/work/fullnsa/fullnsa/backupData/MissingParentRecordsReport.csv ...


 TRIGGERING ADD-ON EVENTS ...
 [13:14:44.234] No Add-On modules found to run.


 [13:14:44.235] Command succeeded.
 [13:14:44.235] Execution of the command sfdmu:run has been completed. Exit code 0 (SUCCESS).
 [13:14:44.235] Total time elapsed: 00h 00m 08s 449ms .