
 [12:29:23.451] Execution of the command sfdmu:run has been started.

 LOADING AND VALIDATING THE EXPORT.JSON SCRIPT ...

 OBJECT SET #1 STARTED

 {
   "Running Plugin version": "4.38.0"
}
 {
   "Running Add-On API version": "1.6.0"
}

 [12:29:23.461] Loading Core Add-On Module declarations ...
 [12:29:23.528] Connecting to the org_alias using SFDX sf org display ...
 [12:29:25.227] Successfully connected to the org_alias.
 {
   "Source": "org_alias.",
   "Target": "csvfile.",
   "Package script": "/home/runner/work/fullnsa/fullnsa/backupData/export.json."
}

 GETTING AND ANALYSING OBJECT METADATA ...
 [12:29:26.413] Processing the object Account ...
 [12:29:26.413] Fetching metadata of the Account (Source) ...
 [12:29:27.857] Processing the object Contact ...
 [12:29:27.857] Fetching metadata of the Contact (Source) ...
 [12:29:28.711] Processing the object Opportunity ...
 [12:29:28.711] Fetching metadata of the Opportunity (Source) ...
 [12:29:29.512] Fetching metadata of the Group (Source) ...
 [12:29:30.121] Processing the object Opportunity ...
 [12:29:30.122] Processing the object Contact ...
 [12:29:30.122] Processing the object Account ...

 PREPARING DATA MIGRATION JOB ...
 [12:29:30.123] Building the migration strategy ...
 {
   "Order of objects to query": "Account; Contact; Opportunity"
}
 {
   "Order of objects to delete": "Opportunity; Contact; Account"
}
 {
   "Order of objects to update": "Account; Contact; Opportunity"
}
 [12:29:30.125] Preparing of the data migration job has been completed.

 ANALYSING DATA...
 [12:29:30.328] {Account} The original query string of this object is returning 18 records from the Source org.
 [12:29:30.531] {Contact} The original query string of this object is returning 21 records from the Source org.
 [12:29:30.731] {Opportunity} The original query string of this object is returning 31 records from the Source org.

 TRIGGERING ADD-ON EVENTS ...
 [12:29:30.731] No Add-On modules found to run.

 [12:29:30.731] Ready to process the data.

 DELETING OLD DATA FROM THE TARGET ...
 [12:29:30.732] {Opportunity} No records to delete.
 [12:29:30.732] {Contact} No records to delete.
 [12:29:30.732] {Account} No records to delete.
 [12:29:30.732] Deleting data was skipped.

 SOURCE:
 ===========

 FETCHING THE DATA (STAGE 1) ...
 [12:29:30.734] {Account} Fetching the Source data from Org (STAGE 1: all records) ...
 [12:29:30.734] {Account} Query string: SELECT Id, Name  FROM  Account ORDER BY Name ASC.
 [12:29:30.735] {Account} Using REST API to retrieve the data ...
 [12:29:31.46] {Account} Data retrieval (Source) has been completed. Got 18 new records.
 [12:29:31.47] {Contact} Fetching the Source data from Org (STAGE 1: all records) ...
 [12:29:31.47] {Contact} Query string: SELECT Id, FirstName, LastName, Email, $$Email$LastName$FirstName  FROM  Contact ORDER BY Email, LastName, FirstName ASC.
 [12:29:31.48] {Contact} Using REST API to retrieve the data ...
 [12:29:31.246] {Contact} Data retrieval (Source) has been completed. Got 21 new records.
 [12:29:31.246] {Opportunity} Fetching the Source data from Org (STAGE 1: all records) ...
 [12:29:31.246] {Opportunity} Query string: SELECT Id, Name  FROM  Opportunity ORDER BY Name ASC.
 [12:29:31.247] {Opportunity} Using REST API to retrieve the data ...
 [12:29:31.420] {Opportunity} Data retrieval (Source) has been completed. Got 31 new records.
 [12:29:31.421] Data retrieval (STAGE 1) has been completed.

 FETCHING THE DATA (STAGE 2) ...
 [12:29:31.421] PASS 1
 ===========
 [12:29:31.421] No records

 [12:29:31.421] PASS 2
 ===========
 [12:29:31.422] No records

 [12:29:31.422] PASS 3
 ===========
 [12:29:31.422] No records

 [12:29:31.422] PASS 4
 ===========
 [12:29:31.422] No records

 TARGET:
 ===========
 [12:29:31.423] No records
 [12:29:31.423] Data retrieval (STAGE 2) has been completed.

 TRIGGERING ADD-ON EVENTS ...
 [12:29:31.423] No Add-On modules found to run.


 DATA RETRIEVAL SUMMARY.
 [12:29:31.424] {Account} The total amount of the retrieved records: 18/0.
 [12:29:31.424] {Contact} The total amount of the retrieved records: 21/0.
 [12:29:31.424] {Opportunity} The total amount of the retrieved records: 31/0.

 UPDATING THE TARGET (STAGE 1) ...
 [12:29:31.425] {Account} Creating the file /home/runner/work/fullnsa/fullnsa/backupData/Account.csv ...
 [12:29:31.429] {Account} The Target has been updated. Totally processed 18 records.

 [12:29:31.429] {Contact} Creating the file /home/runner/work/fullnsa/fullnsa/backupData/Contact.csv ...
 [12:29:31.431] {Contact} The Target has been updated. Totally processed 21 records.

 [12:29:31.431] {Opportunity} Creating the file /home/runner/work/fullnsa/fullnsa/backupData/Opportunity.csv ...
 [12:29:31.432] {Opportunity} The Target has been updated. Totally processed 31 records.


 [12:29:31.432] The Target (STAGE 1) has been updated. Totally processed 70 records.

 UPDATING THE TARGET (STAGE 2) ...

 [12:29:31.433] Nothing was updated.

 TRIGGERING ADD-ON EVENTS ...
 [12:29:31.433] No Add-On modules found to run.


 DATA PROCESSING SUMMARY.
 [12:29:31.433] {Account} Totally processed 18 records.
 [12:29:31.433] {Contact} Totally processed 21 records.
 [12:29:31.434] {Opportunity} Totally processed 31 records.

 [12:29:31.434] Writing to /home/runner/work/fullnsa/fullnsa/backupData/MissingParentRecordsReport.csv ...


 TRIGGERING ADD-ON EVENTS ...
 [12:29:31.434] No Add-On modules found to run.


 [12:29:31.435] Command succeeded.
 [12:29:31.435] Execution of the command sfdmu:run has been completed. Exit code 0 (SUCCESS).
 [12:29:31.435] Total time elapsed: 00h 00m 07s 984ms .