
 [12:06:56.659] Execution of the command sfdmu:run has been started.

 LOADING AND VALIDATING THE EXPORT.JSON SCRIPT ...

 OBJECT SET #1 STARTED

 {
   "Running Plugin version": "4.38.0"
}
 {
   "Running Add-On API version": "1.6.0"
}

 [12:06:56.668] Loading Core Add-On Module declarations ...
 [12:06:56.742] Connecting to the org_alias using SFDX sf org display ...
 [12:06:58.424] Successfully connected to the org_alias.
 {
   "Source": "org_alias.",
   "Target": "csvfile.",
   "Package script": "/home/runner/work/fullnsa/fullnsa/backupData/export.json."
}

 GETTING AND ANALYSING OBJECT METADATA ...
 [12:06:59.810] Processing the object Account ...
 [12:06:59.810] Fetching metadata of the Account (Source) ...
 [12:07:01.350] Processing the object Contact ...
 [12:07:01.351] Fetching metadata of the Contact (Source) ...
 [12:07:02.317] Processing the object Opportunity ...
 [12:07:02.318] Fetching metadata of the Opportunity (Source) ...
 [12:07:03.51] Fetching metadata of the Group (Source) ...
 [12:07:03.714] Processing the object Opportunity ...
 [12:07:03.715] Processing the object Contact ...
 [12:07:03.715] Processing the object Account ...

 PREPARING DATA MIGRATION JOB ...
 [12:07:03.716] Building the migration strategy ...
 {
   "Order of objects to query": "Account; Contact; Opportunity"
}
 {
   "Order of objects to delete": "Opportunity; Contact; Account"
}
 {
   "Order of objects to update": "Account; Contact; Opportunity"
}
 [12:07:03.717] Preparing of the data migration job has been completed.

 ANALYSING DATA...
 [12:07:03.918] {Account} The original query string of this object is returning 18 records from the Source org.
 [12:07:04.167] {Contact} The original query string of this object is returning 21 records from the Source org.
 [12:07:04.433] {Opportunity} The original query string of this object is returning 31 records from the Source org.

 TRIGGERING ADD-ON EVENTS ...
 [12:07:04.434] No Add-On modules found to run.

 [12:07:04.434] Ready to process the data.

 DELETING OLD DATA FROM THE TARGET ...
 [12:07:04.434] {Opportunity} No records to delete.
 [12:07:04.434] {Contact} No records to delete.
 [12:07:04.434] {Account} No records to delete.
 [12:07:04.435] Deleting data was skipped.

 SOURCE:
 ===========

 FETCHING THE DATA (STAGE 1) ...
 [12:07:04.436] {Account} Fetching the Source data from Org (STAGE 1: all records) ...
 [12:07:04.436] {Account} Query string: SELECT Id, Name  FROM  Account ORDER BY Name ASC.
 [12:07:04.437] {Account} Using REST API to retrieve the data ...
 [12:07:04.614] {Account} Data retrieval (Source) has been completed. Got 18 new records.
 [12:07:04.614] {Contact} Fetching the Source data from Org (STAGE 1: all records) ...
 [12:07:04.614] {Contact} Query string: SELECT Id, FirstName, LastName, Email, $$Email$LastName$FirstName  FROM  Contact ORDER BY Email, LastName, FirstName ASC.
 [12:07:04.615] {Contact} Using REST API to retrieve the data ...
 [12:07:04.903] {Contact} Data retrieval (Source) has been completed. Got 21 new records.
 [12:07:04.904] {Opportunity} Fetching the Source data from Org (STAGE 1: all records) ...
 [12:07:04.904] {Opportunity} Query string: SELECT Id, Name  FROM  Opportunity ORDER BY Name ASC.
 [12:07:04.904] {Opportunity} Using REST API to retrieve the data ...
 [12:07:05.261] {Opportunity} Data retrieval (Source) has been completed. Got 31 new records.
 [12:07:05.261] Data retrieval (STAGE 1) has been completed.

 FETCHING THE DATA (STAGE 2) ...
 [12:07:05.261] PASS 1
 ===========
 [12:07:05.262] No records

 [12:07:05.262] PASS 2
 ===========
 [12:07:05.262] No records

 [12:07:05.262] PASS 3
 ===========
 [12:07:05.262] No records

 [12:07:05.263] PASS 4
 ===========
 [12:07:05.263] No records

 TARGET:
 ===========
 [12:07:05.263] No records
 [12:07:05.263] Data retrieval (STAGE 2) has been completed.

 TRIGGERING ADD-ON EVENTS ...
 [12:07:05.264] No Add-On modules found to run.


 DATA RETRIEVAL SUMMARY.
 [12:07:05.264] {Account} The total amount of the retrieved records: 18/0.
 [12:07:05.264] {Contact} The total amount of the retrieved records: 21/0.
 [12:07:05.264] {Opportunity} The total amount of the retrieved records: 31/0.

 UPDATING THE TARGET (STAGE 1) ...
 [12:07:05.265] {Account} Creating the file /home/runner/work/fullnsa/fullnsa/backupData/Account.csv ...
 [12:07:05.269] {Account} The Target has been updated. Totally processed 18 records.

 [12:07:05.270] {Contact} Creating the file /home/runner/work/fullnsa/fullnsa/backupData/Contact.csv ...
 [12:07:05.271] {Contact} The Target has been updated. Totally processed 21 records.

 [12:07:05.271] {Opportunity} Creating the file /home/runner/work/fullnsa/fullnsa/backupData/Opportunity.csv ...
 [12:07:05.273] {Opportunity} The Target has been updated. Totally processed 31 records.


 [12:07:05.273] The Target (STAGE 1) has been updated. Totally processed 70 records.

 UPDATING THE TARGET (STAGE 2) ...

 [12:07:05.273] Nothing was updated.

 TRIGGERING ADD-ON EVENTS ...
 [12:07:05.273] No Add-On modules found to run.


 DATA PROCESSING SUMMARY.
 [12:07:05.274] {Account} Totally processed 18 records.
 [12:07:05.274] {Contact} Totally processed 21 records.
 [12:07:05.274] {Opportunity} Totally processed 31 records.

 [12:07:05.274] Writing to /home/runner/work/fullnsa/fullnsa/backupData/MissingParentRecordsReport.csv ...


 TRIGGERING ADD-ON EVENTS ...
 [12:07:05.274] No Add-On modules found to run.


 [12:07:05.275] Command succeeded.
 [12:07:05.275] Execution of the command sfdmu:run has been completed. Exit code 0 (SUCCESS).
 [12:07:05.276] Total time elapsed: 00h 00m 08s 617ms .