
 [12:13:15.417] Execution of the command sfdmu:run has been started.

 LOADING AND VALIDATING THE EXPORT.JSON SCRIPT ...

 OBJECT SET #1 STARTED

 {
   "Running Plugin version": "4.38.0"
}
 {
   "Running Add-On API version": "1.6.0"
}

 [12:13:15.426] Loading Core Add-On Module declarations ...
 [12:13:15.500] Connecting to the org_alias using SFDX sf org display ...
 [12:13:17.196] Successfully connected to the org_alias.
 {
   "Source": "org_alias.",
   "Target": "csvfile.",
   "Package script": "/home/runner/work/fullnsa/fullnsa/backupData/export.json."
}

 GETTING AND ANALYSING OBJECT METADATA ...
 [12:13:18.640] Processing the object Account ...
 [12:13:18.640] Fetching metadata of the Account (Source) ...
 [12:13:20.310] Processing the object Contact ...
 [12:13:20.310] Fetching metadata of the Contact (Source) ...
 [12:13:21.260] Processing the object Opportunity ...
 [12:13:21.260] Fetching metadata of the Opportunity (Source) ...
 [12:13:21.963] Fetching metadata of the Group (Source) ...
 [12:13:22.466] Processing the object Opportunity ...
 [12:13:22.467] Processing the object Contact ...
 [12:13:22.467] Processing the object Account ...

 PREPARING DATA MIGRATION JOB ...
 [12:13:22.467] Building the migration strategy ...
 {
   "Order of objects to query": "Account; Contact; Opportunity"
}
 {
   "Order of objects to delete": "Opportunity; Contact; Account"
}
 {
   "Order of objects to update": "Account; Contact; Opportunity"
}
 [12:13:22.469] Preparing of the data migration job has been completed.

 ANALYSING DATA...
 [12:13:22.694] {Account} The original query string of this object is returning 18 records from the Source org.
 [12:13:22.851] {Contact} The original query string of this object is returning 21 records from the Source org.
 [12:13:23.2] {Opportunity} The original query string of this object is returning 31 records from the Source org.

 TRIGGERING ADD-ON EVENTS ...
 [12:13:23.3] No Add-On modules found to run.

 [12:13:23.3] Ready to process the data.

 DELETING OLD DATA FROM THE TARGET ...
 [12:13:23.3] {Opportunity} No records to delete.
 [12:13:23.3] {Contact} No records to delete.
 [12:13:23.4] {Account} No records to delete.
 [12:13:23.4] Deleting data was skipped.

 SOURCE:
 ===========

 FETCHING THE DATA (STAGE 1) ...
 [12:13:23.5] {Account} Fetching the Source data from Org (STAGE 1: all records) ...
 [12:13:23.5] {Account} Query string: SELECT Id, Name  FROM  Account ORDER BY Name ASC.
 [12:13:23.6] {Account} Using REST API to retrieve the data ...
 [12:13:23.178] {Account} Data retrieval (Source) has been completed. Got 18 new records.
 [12:13:23.178] {Contact} Fetching the Source data from Org (STAGE 1: all records) ...
 [12:13:23.178] {Contact} Query string: SELECT Id, FirstName, LastName, Email, $$Email$LastName$FirstName  FROM  Contact ORDER BY Email, LastName, FirstName ASC.
 [12:13:23.179] {Contact} Using REST API to retrieve the data ...
 [12:13:23.348] {Contact} Data retrieval (Source) has been completed. Got 21 new records.
 [12:13:23.349] {Opportunity} Fetching the Source data from Org (STAGE 1: all records) ...
 [12:13:23.349] {Opportunity} Query string: SELECT Id, Name  FROM  Opportunity ORDER BY Name ASC.
 [12:13:23.349] {Opportunity} Using REST API to retrieve the data ...
 [12:13:23.553] {Opportunity} Data retrieval (Source) has been completed. Got 31 new records.
 [12:13:23.553] Data retrieval (STAGE 1) has been completed.

 FETCHING THE DATA (STAGE 2) ...
 [12:13:23.553] PASS 1
 ===========
 [12:13:23.553] No records

 [12:13:23.553] PASS 2
 ===========
 [12:13:23.554] No records

 [12:13:23.554] PASS 3
 ===========
 [12:13:23.554] No records

 [12:13:23.554] PASS 4
 ===========
 [12:13:23.555] No records

 TARGET:
 ===========
 [12:13:23.555] No records
 [12:13:23.555] Data retrieval (STAGE 2) has been completed.

 TRIGGERING ADD-ON EVENTS ...
 [12:13:23.556] No Add-On modules found to run.


 DATA RETRIEVAL SUMMARY.
 [12:13:23.556] {Account} The total amount of the retrieved records: 18/0.
 [12:13:23.556] {Contact} The total amount of the retrieved records: 21/0.
 [12:13:23.556] {Opportunity} The total amount of the retrieved records: 31/0.

 UPDATING THE TARGET (STAGE 1) ...
 [12:13:23.557] {Account} Creating the file /home/runner/work/fullnsa/fullnsa/backupData/Account.csv ...
 [12:13:23.561] {Account} The Target has been updated. Totally processed 18 records.

 [12:13:23.561] {Contact} Creating the file /home/runner/work/fullnsa/fullnsa/backupData/Contact.csv ...
 [12:13:23.563] {Contact} The Target has been updated. Totally processed 21 records.

 [12:13:23.563] {Opportunity} Creating the file /home/runner/work/fullnsa/fullnsa/backupData/Opportunity.csv ...
 [12:13:23.564] {Opportunity} The Target has been updated. Totally processed 31 records.


 [12:13:23.565] The Target (STAGE 1) has been updated. Totally processed 70 records.

 UPDATING THE TARGET (STAGE 2) ...

 [12:13:23.565] Nothing was updated.

 TRIGGERING ADD-ON EVENTS ...
 [12:13:23.565] No Add-On modules found to run.


 DATA PROCESSING SUMMARY.
 [12:13:23.566] {Account} Totally processed 18 records.
 [12:13:23.566] {Contact} Totally processed 21 records.
 [12:13:23.566] {Opportunity} Totally processed 31 records.

 [12:13:23.566] Writing to /home/runner/work/fullnsa/fullnsa/backupData/MissingParentRecordsReport.csv ...


 TRIGGERING ADD-ON EVENTS ...
 [12:13:23.566] No Add-On modules found to run.


 [12:13:23.567] Command succeeded.
 [12:13:23.567] Execution of the command sfdmu:run has been completed. Exit code 0 (SUCCESS).
 [12:13:23.568] Total time elapsed: 00h 00m 08s 151ms .