
 [12:15:27.434] Execution of the command sfdmu:run has been started.

 LOADING AND VALIDATING THE EXPORT.JSON SCRIPT ...

 OBJECT SET #1 STARTED

 {
   "Running Plugin version": "4.38.0"
}
 {
   "Running Add-On API version": "1.6.0"
}

 [12:15:27.443] Loading Core Add-On Module declarations ...
 [12:15:27.519] Connecting to the org_alias using SFDX sf org display ...
 [12:15:30.493] Successfully connected to the org_alias.
 {
   "Source": "org_alias.",
   "Target": "csvfile.",
   "Package script": "/home/runner/work/fullnsa/fullnsa/backupData/export.json."
}

 GETTING AND ANALYSING OBJECT METADATA ...
 [12:15:31.849] Processing the object Account ...
 [12:15:31.850] Fetching metadata of the Account (Source) ...
 [12:15:34.818] Processing the object Contact ...
 [12:15:34.819] Fetching metadata of the Contact (Source) ...
 [12:15:36.338] Processing the object Opportunity ...
 [12:15:36.339] Fetching metadata of the Opportunity (Source) ...
 [12:15:37.287] Fetching metadata of the Group (Source) ...
 [12:15:38.62] Processing the object Opportunity ...
 [12:15:38.63] Processing the object Contact ...
 [12:15:38.63] Processing the object Account ...

 PREPARING DATA MIGRATION JOB ...
 [12:15:38.64] Building the migration strategy ...
 {
   "Order of objects to query": "Account; Contact; Opportunity"
}
 {
   "Order of objects to delete": "Opportunity; Contact; Account"
}
 {
   "Order of objects to update": "Account; Contact; Opportunity"
}
 [12:15:38.66] Preparing of the data migration job has been completed.

 ANALYSING DATA...
 [12:15:38.297] {Account} The original query string of this object is returning 18 records from the Source org.
 [12:15:38.535] {Contact} The original query string of this object is returning 21 records from the Source org.
 [12:15:38.792] {Opportunity} The original query string of this object is returning 31 records from the Source org.

 TRIGGERING ADD-ON EVENTS ...
 [12:15:38.792] No Add-On modules found to run.

 [12:15:38.793] Ready to process the data.

 DELETING OLD DATA FROM THE TARGET ...
 [12:15:38.793] {Opportunity} No records to delete.
 [12:15:38.793] {Contact} No records to delete.
 [12:15:38.793] {Account} No records to delete.
 [12:15:38.793] Deleting data was skipped.

 SOURCE:
 ===========

 FETCHING THE DATA (STAGE 1) ...
 [12:15:38.795] {Account} Fetching the Source data from Org (STAGE 1: all records) ...
 [12:15:38.795] {Account} Query string: SELECT Id, Name  FROM  Account ORDER BY Name ASC.
 [12:15:38.796] {Account} Using REST API to retrieve the data ...
 [12:15:39.54] {Account} Data retrieval (Source) has been completed. Got 18 new records.
 [12:15:39.54] {Contact} Fetching the Source data from Org (STAGE 1: all records) ...
 [12:15:39.54] {Contact} Query string: SELECT Id, FirstName, LastName, Email, $$Email$LastName$FirstName  FROM  Contact ORDER BY Email, LastName, FirstName ASC.
 [12:15:39.55] {Contact} Using REST API to retrieve the data ...
 [12:15:39.292] {Contact} Data retrieval (Source) has been completed. Got 21 new records.
 [12:15:39.293] {Opportunity} Fetching the Source data from Org (STAGE 1: all records) ...
 [12:15:39.293] {Opportunity} Query string: SELECT Id, Name  FROM  Opportunity ORDER BY Name ASC.
 [12:15:39.293] {Opportunity} Using REST API to retrieve the data ...
 [12:15:39.547] {Opportunity} Data retrieval (Source) has been completed. Got 31 new records.
 [12:15:39.547] Data retrieval (STAGE 1) has been completed.

 FETCHING THE DATA (STAGE 2) ...
 [12:15:39.547] PASS 1
 ===========
 [12:15:39.548] No records

 [12:15:39.548] PASS 2
 ===========
 [12:15:39.548] No records

 [12:15:39.548] PASS 3
 ===========
 [12:15:39.549] No records

 [12:15:39.549] PASS 4
 ===========
 [12:15:39.549] No records

 TARGET:
 ===========
 [12:15:39.549] No records
 [12:15:39.550] Data retrieval (STAGE 2) has been completed.

 TRIGGERING ADD-ON EVENTS ...
 [12:15:39.550] No Add-On modules found to run.


 DATA RETRIEVAL SUMMARY.
 [12:15:39.550] {Account} The total amount of the retrieved records: 18/0.
 [12:15:39.550] {Contact} The total amount of the retrieved records: 21/0.
 [12:15:39.550] {Opportunity} The total amount of the retrieved records: 31/0.

 UPDATING THE TARGET (STAGE 1) ...
 [12:15:39.551] {Account} Creating the file /home/runner/work/fullnsa/fullnsa/backupData/Account.csv ...
 [12:15:39.556] {Account} The Target has been updated. Totally processed 18 records.

 [12:15:39.556] {Contact} Creating the file /home/runner/work/fullnsa/fullnsa/backupData/Contact.csv ...
 [12:15:39.557] {Contact} The Target has been updated. Totally processed 21 records.

 [12:15:39.558] {Opportunity} Creating the file /home/runner/work/fullnsa/fullnsa/backupData/Opportunity.csv ...
 [12:15:39.559] {Opportunity} The Target has been updated. Totally processed 31 records.


 [12:15:39.559] The Target (STAGE 1) has been updated. Totally processed 70 records.

 UPDATING THE TARGET (STAGE 2) ...

 [12:15:39.560] Nothing was updated.

 TRIGGERING ADD-ON EVENTS ...
 [12:15:39.560] No Add-On modules found to run.


 DATA PROCESSING SUMMARY.
 [12:15:39.560] {Account} Totally processed 18 records.
 [12:15:39.560] {Contact} Totally processed 21 records.
 [12:15:39.560] {Opportunity} Totally processed 31 records.

 [12:15:39.561] Writing to /home/runner/work/fullnsa/fullnsa/backupData/MissingParentRecordsReport.csv ...


 TRIGGERING ADD-ON EVENTS ...
 [12:15:39.561] No Add-On modules found to run.


 [12:15:39.562] Command succeeded.
 [12:15:39.562] Execution of the command sfdmu:run has been completed. Exit code 0 (SUCCESS).
 [12:15:39.562] Total time elapsed: 00h 00m 12s 129ms .