
 [10:26:30.44] Execution of the command sfdmu:run has been started.

 LOADING AND VALIDATING THE EXPORT.JSON SCRIPT ...

 OBJECT SET #1 STARTED

 {
   "Running Plugin version": "4.38.0"
}
 {
   "Running Add-On API version": "1.6.0"
}

 [10:26:30.53] Loading Core Add-On Module declarations ...
 [10:26:30.124] Connecting to the org_alias using SFDX sf org display ...
 [10:26:33.25] Successfully connected to the org_alias.
 {
   "Source": "org_alias.",
   "Target": "csvfile.",
   "Package script": "/home/runner/work/fullnsa/fullnsa/backupData/export.json."
}

 GETTING AND ANALYSING OBJECT METADATA ...
 [10:26:34.831] Processing the object Account ...
 [10:26:34.832] Fetching metadata of the Account (Source) ...
 [10:26:37.400] Processing the object Contact ...
 [10:26:37.400] Fetching metadata of the Contact (Source) ...
 [10:26:38.758] Processing the object Opportunity ...
 [10:26:38.759] Fetching metadata of the Opportunity (Source) ...
 [10:26:39.736] Fetching metadata of the Group (Source) ...
 [10:26:40.474] Processing the object Opportunity ...
 [10:26:40.474] Processing the object Contact ...
 [10:26:40.474] Processing the object Account ...

 PREPARING DATA MIGRATION JOB ...
 [10:26:40.475] Building the migration strategy ...
 {
   "Order of objects to query": "Account; Contact; Opportunity"
}
 {
   "Order of objects to delete": "Opportunity; Contact; Account"
}
 {
   "Order of objects to update": "Account; Contact; Opportunity"
}
 [10:26:40.477] Preparing of the data migration job has been completed.

 ANALYSING DATA...
 [10:26:40.748] {Account} The original query string of this object is returning 18 records from the Source org.
 [10:26:41.11] {Contact} The original query string of this object is returning 21 records from the Source org.
 [10:26:41.279] {Opportunity} The original query string of this object is returning 31 records from the Source org.

 TRIGGERING ADD-ON EVENTS ...
 [10:26:41.280] No Add-On modules found to run.

 [10:26:41.280] Ready to process the data.

 DELETING OLD DATA FROM THE TARGET ...
 [10:26:41.281] {Opportunity} No records to delete.
 [10:26:41.281] {Contact} No records to delete.
 [10:26:41.281] {Account} No records to delete.
 [10:26:41.281] Deleting data was skipped.

 SOURCE:
 ===========

 FETCHING THE DATA (STAGE 1) ...
 [10:26:41.282] {Account} Fetching the Source data from Org (STAGE 1: all records) ...
 [10:26:41.283] {Account} Query string: SELECT Id, Name  FROM  Account ORDER BY Name ASC.
 [10:26:41.284] {Account} Using REST API to retrieve the data ...
 [10:26:41.547] {Account} Data retrieval (Source) has been completed. Got 18 new records.
 [10:26:41.547] {Contact} Fetching the Source data from Org (STAGE 1: all records) ...
 [10:26:41.547] {Contact} Query string: SELECT Id, FirstName, LastName, Email, $$Email$LastName$FirstName  FROM  Contact ORDER BY Email, LastName, FirstName ASC.
 [10:26:41.548] {Contact} Using REST API to retrieve the data ...
 [10:26:41.950] {Contact} Data retrieval (Source) has been completed. Got 21 new records.
 [10:26:41.951] {Opportunity} Fetching the Source data from Org (STAGE 1: all records) ...
 [10:26:41.951] {Opportunity} Query string: SELECT Id, Name  FROM  Opportunity ORDER BY Name ASC.
 [10:26:41.951] {Opportunity} Using REST API to retrieve the data ...
 [10:26:42.409] {Opportunity} Data retrieval (Source) has been completed. Got 31 new records.
 [10:26:42.409] Data retrieval (STAGE 1) has been completed.

 FETCHING THE DATA (STAGE 2) ...
 [10:26:42.409] PASS 1
 ===========
 [10:26:42.410] No records

 [10:26:42.410] PASS 2
 ===========
 [10:26:42.410] No records

 [10:26:42.410] PASS 3
 ===========
 [10:26:42.410] No records

 [10:26:42.411] PASS 4
 ===========
 [10:26:42.411] No records

 TARGET:
 ===========
 [10:26:42.411] No records
 [10:26:42.411] Data retrieval (STAGE 2) has been completed.

 TRIGGERING ADD-ON EVENTS ...
 [10:26:42.412] No Add-On modules found to run.


 DATA RETRIEVAL SUMMARY.
 [10:26:42.412] {Account} The total amount of the retrieved records: 18/0.
 [10:26:42.412] {Contact} The total amount of the retrieved records: 21/0.
 [10:26:42.412] {Opportunity} The total amount of the retrieved records: 31/0.

 UPDATING THE TARGET (STAGE 1) ...
 [10:26:42.413] {Account} Creating the file /home/runner/work/fullnsa/fullnsa/backupData/Account.csv ...
 [10:26:42.417] {Account} The Target has been updated. Totally processed 18 records.

 [10:26:42.418] {Contact} Creating the file /home/runner/work/fullnsa/fullnsa/backupData/Contact.csv ...
 [10:26:42.419] {Contact} The Target has been updated. Totally processed 21 records.

 [10:26:42.419] {Opportunity} Creating the file /home/runner/work/fullnsa/fullnsa/backupData/Opportunity.csv ...
 [10:26:42.421] {Opportunity} The Target has been updated. Totally processed 31 records.


 [10:26:42.421] The Target (STAGE 1) has been updated. Totally processed 70 records.

 UPDATING THE TARGET (STAGE 2) ...

 [10:26:42.421] Nothing was updated.

 TRIGGERING ADD-ON EVENTS ...
 [10:26:42.422] No Add-On modules found to run.


 DATA PROCESSING SUMMARY.
 [10:26:42.422] {Account} Totally processed 18 records.
 [10:26:42.422] {Contact} Totally processed 21 records.
 [10:26:42.422] {Opportunity} Totally processed 31 records.

 [10:26:42.422] Writing to /home/runner/work/fullnsa/fullnsa/backupData/MissingParentRecordsReport.csv ...


 TRIGGERING ADD-ON EVENTS ...
 [10:26:42.423] No Add-On modules found to run.


 [10:26:42.423] Command succeeded.
 [10:26:42.424] Execution of the command sfdmu:run has been completed. Exit code 0 (SUCCESS).
 [10:26:42.424] Total time elapsed: 00h 00m 12s 380ms .