
 [18:26:35.16] Execution of the command sfdmu:run has been started.

 LOADING AND VALIDATING THE EXPORT.JSON SCRIPT ...

 OBJECT SET #1 STARTED

 {
   "Running Plugin version": "4.38.0"
}
 {
   "Running Add-On API version": "1.6.0"
}

 [18:26:35.25] Loading Core Add-On Module declarations ...
 [18:26:35.95] Connecting to the org_alias using SFDX sf org display ...
 [18:26:37.999] Successfully connected to the org_alias.
 {
   "Source": "org_alias.",
   "Target": "csvfile.",
   "Package script": "/home/runner/work/fullnsa/fullnsa/backupData/export.json."
}

 GETTING AND ANALYSING OBJECT METADATA ...
 [18:26:39.77] Processing the object Account ...
 [18:26:39.77] Fetching metadata of the Account (Source) ...
 [18:26:40.393] Processing the object Contact ...
 [18:26:40.394] Fetching metadata of the Contact (Source) ...
 [18:26:41.754] Processing the object Opportunity ...
 [18:26:41.754] Fetching metadata of the Opportunity (Source) ...
 [18:26:42.576] Fetching metadata of the Group (Source) ...
 [18:26:43.189] Processing the object Opportunity ...
 [18:26:43.189] Processing the object Contact ...
 [18:26:43.190] Processing the object Account ...

 PREPARING DATA MIGRATION JOB ...
 [18:26:43.190] Building the migration strategy ...
 {
   "Order of objects to query": "Account; Contact; Opportunity"
}
 {
   "Order of objects to delete": "Opportunity; Contact; Account"
}
 {
   "Order of objects to update": "Account; Contact; Opportunity"
}
 [18:26:43.192] Preparing of the data migration job has been completed.

 ANALYSING DATA...
 [18:26:43.458] {Account} The original query string of this object is returning 18 records from the Source org.
 [18:26:43.703] {Contact} The original query string of this object is returning 21 records from the Source org.
 [18:26:43.974] {Opportunity} The original query string of this object is returning 31 records from the Source org.

 TRIGGERING ADD-ON EVENTS ...
 [18:26:43.974] No Add-On modules found to run.

 [18:26:43.974] Ready to process the data.

 DELETING OLD DATA FROM THE TARGET ...
 [18:26:43.975] {Opportunity} No records to delete.
 [18:26:43.975] {Contact} No records to delete.
 [18:26:43.975] {Account} No records to delete.
 [18:26:43.975] Deleting data was skipped.

 SOURCE:
 ===========

 FETCHING THE DATA (STAGE 1) ...
 [18:26:43.977] {Account} Fetching the Source data from Org (STAGE 1: all records) ...
 [18:26:43.977] {Account} Query string: SELECT Id, Name  FROM  Account ORDER BY Name ASC.
 [18:26:43.979] {Account} Using REST API to retrieve the data ...
 [18:26:44.226] {Account} Data retrieval (Source) has been completed. Got 18 new records.
 [18:26:44.226] {Contact} Fetching the Source data from Org (STAGE 1: all records) ...
 [18:26:44.226] {Contact} Query string: SELECT Id, FirstName, LastName, Email, $$Email$LastName$FirstName  FROM  Contact ORDER BY Email, LastName, FirstName ASC.
 [18:26:44.227] {Contact} Using REST API to retrieve the data ...
 [18:26:44.477] {Contact} Data retrieval (Source) has been completed. Got 21 new records.
 [18:26:44.478] {Opportunity} Fetching the Source data from Org (STAGE 1: all records) ...
 [18:26:44.478] {Opportunity} Query string: SELECT Id, Name  FROM  Opportunity ORDER BY Name ASC.
 [18:26:44.478] {Opportunity} Using REST API to retrieve the data ...
 [18:26:44.723] {Opportunity} Data retrieval (Source) has been completed. Got 31 new records.
 [18:26:44.723] Data retrieval (STAGE 1) has been completed.

 FETCHING THE DATA (STAGE 2) ...
 [18:26:44.723] PASS 1
 ===========
 [18:26:44.723] No records

 [18:26:44.723] PASS 2
 ===========
 [18:26:44.724] No records

 [18:26:44.724] PASS 3
 ===========
 [18:26:44.724] No records

 [18:26:44.724] PASS 4
 ===========
 [18:26:44.725] No records

 TARGET:
 ===========
 [18:26:44.725] No records
 [18:26:44.725] Data retrieval (STAGE 2) has been completed.

 TRIGGERING ADD-ON EVENTS ...
 [18:26:44.725] No Add-On modules found to run.


 DATA RETRIEVAL SUMMARY.
 [18:26:44.726] {Account} The total amount of the retrieved records: 18/0.
 [18:26:44.726] {Contact} The total amount of the retrieved records: 21/0.
 [18:26:44.726] {Opportunity} The total amount of the retrieved records: 31/0.

 UPDATING THE TARGET (STAGE 1) ...
 [18:26:44.727] {Account} Creating the file /home/runner/work/fullnsa/fullnsa/backupData/Account.csv ...
 [18:26:44.731] {Account} The Target has been updated. Totally processed 18 records.

 [18:26:44.731] {Contact} Creating the file /home/runner/work/fullnsa/fullnsa/backupData/Contact.csv ...
 [18:26:44.733] {Contact} The Target has been updated. Totally processed 21 records.

 [18:26:44.733] {Opportunity} Creating the file /home/runner/work/fullnsa/fullnsa/backupData/Opportunity.csv ...
 [18:26:44.734] {Opportunity} The Target has been updated. Totally processed 31 records.


 [18:26:44.735] The Target (STAGE 1) has been updated. Totally processed 70 records.

 UPDATING THE TARGET (STAGE 2) ...

 [18:26:44.735] Nothing was updated.

 TRIGGERING ADD-ON EVENTS ...
 [18:26:44.735] No Add-On modules found to run.


 DATA PROCESSING SUMMARY.
 [18:26:44.736] {Account} Totally processed 18 records.
 [18:26:44.736] {Contact} Totally processed 21 records.
 [18:26:44.736] {Opportunity} Totally processed 31 records.

 [18:26:44.736] Writing to /home/runner/work/fullnsa/fullnsa/backupData/MissingParentRecordsReport.csv ...


 TRIGGERING ADD-ON EVENTS ...
 [18:26:44.736] No Add-On modules found to run.


 [18:26:44.737] Command succeeded.
 [18:26:44.737] Execution of the command sfdmu:run has been completed. Exit code 0 (SUCCESS).
 [18:26:44.737] Total time elapsed: 00h 00m 09s 722ms .