
 [12:30:04.62] Execution of the command sfdmu:run has been started.

 LOADING AND VALIDATING THE EXPORT.JSON SCRIPT ...

 OBJECT SET #1 STARTED

 {
   "Running Plugin version": "4.38.0"
}
 {
   "Running Add-On API version": "1.6.0"
}

 [12:30:04.71] Loading Core Add-On Module declarations ...
 [12:30:04.143] Connecting to the org_alias using SFDX sf org display ...
 [12:30:05.923] Successfully connected to the org_alias.
 {
   "Source": "org_alias.",
   "Target": "csvfile.",
   "Package script": "/home/runner/work/fullnsa/fullnsa/backupData/export.json."
}

 GETTING AND ANALYSING OBJECT METADATA ...
 [12:30:08.87] Processing the object Account ...
 [12:30:08.87] Fetching metadata of the Account (Source) ...
 [12:30:10.951] Processing the object Contact ...
 [12:30:10.952] Fetching metadata of the Contact (Source) ...
 [12:30:12.33] Processing the object Opportunity ...
 [12:30:12.34] Fetching metadata of the Opportunity (Source) ...
 [12:30:12.769] Fetching metadata of the Group (Source) ...
 [12:30:13.291] Processing the object Opportunity ...
 [12:30:13.292] Processing the object Contact ...
 [12:30:13.292] Processing the object Account ...

 PREPARING DATA MIGRATION JOB ...
 [12:30:13.293] Building the migration strategy ...
 {
   "Order of objects to query": "Account; Contact; Opportunity"
}
 {
   "Order of objects to delete": "Opportunity; Contact; Account"
}
 {
   "Order of objects to update": "Account; Contact; Opportunity"
}
 [12:30:13.294] Preparing of the data migration job has been completed.

 ANALYSING DATA...
 [12:30:13.544] {Account} The original query string of this object is returning 18 records from the Source org.
 [12:30:13.764] {Contact} The original query string of this object is returning 21 records from the Source org.
 [12:30:13.966] {Opportunity} The original query string of this object is returning 31 records from the Source org.

 TRIGGERING ADD-ON EVENTS ...
 [12:30:13.967] No Add-On modules found to run.

 [12:30:13.967] Ready to process the data.

 DELETING OLD DATA FROM THE TARGET ...
 [12:30:13.967] {Opportunity} No records to delete.
 [12:30:13.968] {Contact} No records to delete.
 [12:30:13.968] {Account} No records to delete.
 [12:30:13.968] Deleting data was skipped.

 SOURCE:
 ===========

 FETCHING THE DATA (STAGE 1) ...
 [12:30:13.969] {Account} Fetching the Source data from Org (STAGE 1: all records) ...
 [12:30:13.969] {Account} Query string: SELECT Id, Name  FROM  Account ORDER BY Name ASC.
 [12:30:13.970] {Account} Using REST API to retrieve the data ...
 [12:30:14.206] {Account} Data retrieval (Source) has been completed. Got 18 new records.
 [12:30:14.206] {Contact} Fetching the Source data from Org (STAGE 1: all records) ...
 [12:30:14.206] {Contact} Query string: SELECT Id, FirstName, LastName, Email, $$Email$LastName$FirstName  FROM  Contact ORDER BY Email, LastName, FirstName ASC.
 [12:30:14.207] {Contact} Using REST API to retrieve the data ...
 [12:30:14.489] {Contact} Data retrieval (Source) has been completed. Got 21 new records.
 [12:30:14.490] {Opportunity} Fetching the Source data from Org (STAGE 1: all records) ...
 [12:30:14.490] {Opportunity} Query string: SELECT Id, Name  FROM  Opportunity ORDER BY Name ASC.
 [12:30:14.490] {Opportunity} Using REST API to retrieve the data ...
 [12:30:14.775] {Opportunity} Data retrieval (Source) has been completed. Got 31 new records.
 [12:30:14.776] Data retrieval (STAGE 1) has been completed.

 FETCHING THE DATA (STAGE 2) ...
 [12:30:14.776] PASS 1
 ===========
 [12:30:14.776] No records

 [12:30:14.776] PASS 2
 ===========
 [12:30:14.777] No records

 [12:30:14.777] PASS 3
 ===========
 [12:30:14.777] No records

 [12:30:14.777] PASS 4
 ===========
 [12:30:14.778] No records

 TARGET:
 ===========
 [12:30:14.778] No records
 [12:30:14.778] Data retrieval (STAGE 2) has been completed.

 TRIGGERING ADD-ON EVENTS ...
 [12:30:14.779] No Add-On modules found to run.


 DATA RETRIEVAL SUMMARY.
 [12:30:14.779] {Account} The total amount of the retrieved records: 18/0.
 [12:30:14.779] {Contact} The total amount of the retrieved records: 21/0.
 [12:30:14.779] {Opportunity} The total amount of the retrieved records: 31/0.

 UPDATING THE TARGET (STAGE 1) ...
 [12:30:14.780] {Account} Creating the file /home/runner/work/fullnsa/fullnsa/backupData/Account.csv ...
 [12:30:14.784] {Account} The Target has been updated. Totally processed 18 records.

 [12:30:14.785] {Contact} Creating the file /home/runner/work/fullnsa/fullnsa/backupData/Contact.csv ...
 [12:30:14.786] {Contact} The Target has been updated. Totally processed 21 records.

 [12:30:14.786] {Opportunity} Creating the file /home/runner/work/fullnsa/fullnsa/backupData/Opportunity.csv ...
 [12:30:14.788] {Opportunity} The Target has been updated. Totally processed 31 records.


 [12:30:14.788] The Target (STAGE 1) has been updated. Totally processed 70 records.

 UPDATING THE TARGET (STAGE 2) ...

 [12:30:14.788] Nothing was updated.

 TRIGGERING ADD-ON EVENTS ...
 [12:30:14.789] No Add-On modules found to run.


 DATA PROCESSING SUMMARY.
 [12:30:14.789] {Account} Totally processed 18 records.
 [12:30:14.789] {Contact} Totally processed 21 records.
 [12:30:14.789] {Opportunity} Totally processed 31 records.

 [12:30:14.789] Writing to /home/runner/work/fullnsa/fullnsa/backupData/MissingParentRecordsReport.csv ...


 TRIGGERING ADD-ON EVENTS ...
 [12:30:14.790] No Add-On modules found to run.


 [12:30:14.790] Command succeeded.
 [12:30:14.791] Execution of the command sfdmu:run has been completed. Exit code 0 (SUCCESS).
 [12:30:14.791] Total time elapsed: 00h 00m 10s 729ms .