
 [12:30:26.771] Execution of the command sfdmu:run has been started.

 LOADING AND VALIDATING THE EXPORT.JSON SCRIPT ...

 OBJECT SET #1 STARTED

 {
   "Running Plugin version": "4.38.0"
}
 {
   "Running Add-On API version": "1.6.0"
}

 [12:30:26.780] Loading Core Add-On Module declarations ...
 [12:30:26.847] Connecting to the org_alias using SFDX sf org display ...
 [12:30:30.202] Successfully connected to the org_alias.
 {
   "Source": "org_alias.",
   "Target": "csvfile.",
   "Package script": "/home/runner/work/fullnsa/fullnsa/backupData/export.json."
}

 GETTING AND ANALYSING OBJECT METADATA ...
 [12:30:31.860] Processing the object Account ...
 [12:30:31.860] Fetching metadata of the Account (Source) ...
 [12:30:34.907] Processing the object Contact ...
 [12:30:34.907] Fetching metadata of the Contact (Source) ...
 [12:30:36.235] Processing the object Opportunity ...
 [12:30:36.236] Fetching metadata of the Opportunity (Source) ...
 [12:30:37.234] Fetching metadata of the Group (Source) ...
 [12:30:37.965] Processing the object Opportunity ...
 [12:30:37.965] Processing the object Contact ...
 [12:30:37.965] Processing the object Account ...

 PREPARING DATA MIGRATION JOB ...
 [12:30:37.966] Building the migration strategy ...
 {
   "Order of objects to query": "Account; Contact; Opportunity"
}
 {
   "Order of objects to delete": "Opportunity; Contact; Account"
}
 {
   "Order of objects to update": "Account; Contact; Opportunity"
}
 [12:30:37.968] Preparing of the data migration job has been completed.

 ANALYSING DATA...
 [12:30:38.283] {Account} The original query string of this object is returning 18 records from the Source org.
 [12:30:38.589] {Contact} The original query string of this object is returning 21 records from the Source org.
 [12:30:38.874] {Opportunity} The original query string of this object is returning 31 records from the Source org.

 TRIGGERING ADD-ON EVENTS ...
 [12:30:38.875] No Add-On modules found to run.

 [12:30:38.875] Ready to process the data.

 DELETING OLD DATA FROM THE TARGET ...
 [12:30:38.876] {Opportunity} No records to delete.
 [12:30:38.876] {Contact} No records to delete.
 [12:30:38.876] {Account} No records to delete.
 [12:30:38.876] Deleting data was skipped.

 SOURCE:
 ===========

 FETCHING THE DATA (STAGE 1) ...
 [12:30:38.877] {Account} Fetching the Source data from Org (STAGE 1: all records) ...
 [12:30:38.877] {Account} Query string: SELECT Id, Name  FROM  Account ORDER BY Name ASC.
 [12:30:38.878] {Account} Using REST API to retrieve the data ...
 [12:30:39.144] {Account} Data retrieval (Source) has been completed. Got 18 new records.
 [12:30:39.145] {Contact} Fetching the Source data from Org (STAGE 1: all records) ...
 [12:30:39.145] {Contact} Query string: SELECT Id, FirstName, LastName, Email, $$Email$LastName$FirstName  FROM  Contact ORDER BY Email, LastName, FirstName ASC.
 [12:30:39.145] {Contact} Using REST API to retrieve the data ...
 [12:30:39.420] {Contact} Data retrieval (Source) has been completed. Got 21 new records.
 [12:30:39.420] {Opportunity} Fetching the Source data from Org (STAGE 1: all records) ...
 [12:30:39.420] {Opportunity} Query string: SELECT Id, Name  FROM  Opportunity ORDER BY Name ASC.
 [12:30:39.421] {Opportunity} Using REST API to retrieve the data ...
 [12:30:40.135] {Opportunity} Data retrieval (Source) has been completed. Got 31 new records.
 [12:30:40.136] Data retrieval (STAGE 1) has been completed.

 FETCHING THE DATA (STAGE 2) ...
 [12:30:40.136] PASS 1
 ===========
 [12:30:40.136] No records

 [12:30:40.137] PASS 2
 ===========
 [12:30:40.137] No records

 [12:30:40.137] PASS 3
 ===========
 [12:30:40.137] No records

 [12:30:40.137] PASS 4
 ===========
 [12:30:40.138] No records

 TARGET:
 ===========
 [12:30:40.138] No records
 [12:30:40.138] Data retrieval (STAGE 2) has been completed.

 TRIGGERING ADD-ON EVENTS ...
 [12:30:40.139] No Add-On modules found to run.


 DATA RETRIEVAL SUMMARY.
 [12:30:40.139] {Account} The total amount of the retrieved records: 18/0.
 [12:30:40.139] {Contact} The total amount of the retrieved records: 21/0.
 [12:30:40.139] {Opportunity} The total amount of the retrieved records: 31/0.

 UPDATING THE TARGET (STAGE 1) ...
 [12:30:40.140] {Account} Creating the file /home/runner/work/fullnsa/fullnsa/backupData/Account.csv ...
 [12:30:40.144] {Account} The Target has been updated. Totally processed 18 records.

 [12:30:40.145] {Contact} Creating the file /home/runner/work/fullnsa/fullnsa/backupData/Contact.csv ...
 [12:30:40.146] {Contact} The Target has been updated. Totally processed 21 records.

 [12:30:40.146] {Opportunity} Creating the file /home/runner/work/fullnsa/fullnsa/backupData/Opportunity.csv ...
 [12:30:40.148] {Opportunity} The Target has been updated. Totally processed 31 records.


 [12:30:40.148] The Target (STAGE 1) has been updated. Totally processed 70 records.

 UPDATING THE TARGET (STAGE 2) ...

 [12:30:40.148] Nothing was updated.

 TRIGGERING ADD-ON EVENTS ...
 [12:30:40.149] No Add-On modules found to run.


 DATA PROCESSING SUMMARY.
 [12:30:40.149] {Account} Totally processed 18 records.
 [12:30:40.149] {Contact} Totally processed 21 records.
 [12:30:40.149] {Opportunity} Totally processed 31 records.

 [12:30:40.150] Writing to /home/runner/work/fullnsa/fullnsa/backupData/MissingParentRecordsReport.csv ...


 TRIGGERING ADD-ON EVENTS ...
 [12:30:40.150] No Add-On modules found to run.


 [12:30:40.151] Command succeeded.
 [12:30:40.151] Execution of the command sfdmu:run has been completed. Exit code 0 (SUCCESS).
 [12:30:40.151] Total time elapsed: 00h 00m 13s 381ms .