
 [19:09:56.330] Execution of the command sfdmu:run has been started.

 LOADING AND VALIDATING THE EXPORT.JSON SCRIPT ...

 OBJECT SET #1 STARTED

 {
   "Running Plugin version": "4.38.0"
}
 {
   "Running Add-On API version": "1.6.0"
}

 [19:09:56.339] Loading Core Add-On Module declarations ...
 [19:09:56.410] Connecting to the org_alias using SFDX sf org display ...
 [19:09:59.356] Successfully connected to the org_alias.
 {
   "Source": "org_alias.",
   "Target": "csvfile.",
   "Package script": "/home/runner/work/fullnsa/fullnsa/backupData/export.json."
}

 GETTING AND ANALYSING OBJECT METADATA ...
 [19:10:00.455] Processing the object Account ...
 [19:10:00.456] Fetching metadata of the Account (Source) ...
 [19:10:01.709] Processing the object Contact ...
 [19:10:01.710] Fetching metadata of the Contact (Source) ...
 [19:10:02.839] Processing the object Opportunity ...
 [19:10:02.840] Fetching metadata of the Opportunity (Source) ...
 [19:10:03.686] Fetching metadata of the Group (Source) ...
 [19:10:04.341] Processing the object Opportunity ...
 [19:10:04.342] Processing the object Contact ...
 [19:10:04.342] Processing the object Account ...

 PREPARING DATA MIGRATION JOB ...
 [19:10:04.343] Building the migration strategy ...
 {
   "Order of objects to query": "Account; Contact; Opportunity"
}
 {
   "Order of objects to delete": "Opportunity; Contact; Account"
}
 {
   "Order of objects to update": "Account; Contact; Opportunity"
}
 [19:10:04.345] Preparing of the data migration job has been completed.

 ANALYSING DATA...
 [19:10:04.614] {Account} The original query string of this object is returning 18 records from the Source org.
 [19:10:04.877] {Contact} The original query string of this object is returning 21 records from the Source org.
 [19:10:05.579] {Opportunity} The original query string of this object is returning 31 records from the Source org.

 TRIGGERING ADD-ON EVENTS ...
 [19:10:05.579] No Add-On modules found to run.

 [19:10:05.580] Ready to process the data.

 DELETING OLD DATA FROM THE TARGET ...
 [19:10:05.580] {Opportunity} No records to delete.
 [19:10:05.580] {Contact} No records to delete.
 [19:10:05.580] {Account} No records to delete.
 [19:10:05.581] Deleting data was skipped.

 SOURCE:
 ===========

 FETCHING THE DATA (STAGE 1) ...
 [19:10:05.582] {Account} Fetching the Source data from Org (STAGE 1: all records) ...
 [19:10:05.582] {Account} Query string: SELECT Id, Name  FROM  Account ORDER BY Name ASC.
 [19:10:05.584] {Account} Using REST API to retrieve the data ...
 [19:10:05.829] {Account} Data retrieval (Source) has been completed. Got 18 new records.
 [19:10:05.830] {Contact} Fetching the Source data from Org (STAGE 1: all records) ...
 [19:10:05.830] {Contact} Query string: SELECT Id, FirstName, LastName, Email, $$Email$LastName$FirstName  FROM  Contact ORDER BY Email, LastName, FirstName ASC.
 [19:10:05.831] {Contact} Using REST API to retrieve the data ...
 [19:10:06.94] {Contact} Data retrieval (Source) has been completed. Got 21 new records.
 [19:10:06.95] {Opportunity} Fetching the Source data from Org (STAGE 1: all records) ...
 [19:10:06.95] {Opportunity} Query string: SELECT Id, Name  FROM  Opportunity ORDER BY Name ASC.
 [19:10:06.95] {Opportunity} Using REST API to retrieve the data ...
 [19:10:06.504] {Opportunity} Data retrieval (Source) has been completed. Got 31 new records.
 [19:10:06.504] Data retrieval (STAGE 1) has been completed.

 FETCHING THE DATA (STAGE 2) ...
 [19:10:06.505] PASS 1
 ===========
 [19:10:06.505] No records

 [19:10:06.505] PASS 2
 ===========
 [19:10:06.505] No records

 [19:10:06.505] PASS 3
 ===========
 [19:10:06.506] No records

 [19:10:06.506] PASS 4
 ===========
 [19:10:06.506] No records

 TARGET:
 ===========
 [19:10:06.507] No records
 [19:10:06.507] Data retrieval (STAGE 2) has been completed.

 TRIGGERING ADD-ON EVENTS ...
 [19:10:06.507] No Add-On modules found to run.


 DATA RETRIEVAL SUMMARY.
 [19:10:06.507] {Account} The total amount of the retrieved records: 18/0.
 [19:10:06.507] {Contact} The total amount of the retrieved records: 21/0.
 [19:10:06.508] {Opportunity} The total amount of the retrieved records: 31/0.

 UPDATING THE TARGET (STAGE 1) ...
 [19:10:06.508] {Account} Creating the file /home/runner/work/fullnsa/fullnsa/backupData/Account.csv ...
 [19:10:06.513] {Account} The Target has been updated. Totally processed 18 records.

 [19:10:06.513] {Contact} Creating the file /home/runner/work/fullnsa/fullnsa/backupData/Contact.csv ...
 [19:10:06.515] {Contact} The Target has been updated. Totally processed 21 records.

 [19:10:06.515] {Opportunity} Creating the file /home/runner/work/fullnsa/fullnsa/backupData/Opportunity.csv ...
 [19:10:06.516] {Opportunity} The Target has been updated. Totally processed 31 records.


 [19:10:06.516] The Target (STAGE 1) has been updated. Totally processed 70 records.

 UPDATING THE TARGET (STAGE 2) ...

 [19:10:06.517] Nothing was updated.

 TRIGGERING ADD-ON EVENTS ...
 [19:10:06.517] No Add-On modules found to run.


 DATA PROCESSING SUMMARY.
 [19:10:06.517] {Account} Totally processed 18 records.
 [19:10:06.517] {Contact} Totally processed 21 records.
 [19:10:06.517] {Opportunity} Totally processed 31 records.

 [19:10:06.518] Writing to /home/runner/work/fullnsa/fullnsa/backupData/MissingParentRecordsReport.csv ...


 TRIGGERING ADD-ON EVENTS ...
 [19:10:06.518] No Add-On modules found to run.


 [19:10:06.519] Command succeeded.
 [19:10:06.519] Execution of the command sfdmu:run has been completed. Exit code 0 (SUCCESS).
 [19:10:06.519] Total time elapsed: 00h 00m 10s 190ms .