
 [12:30:27.732] Execution of the command sfdmu:run has been started.

 LOADING AND VALIDATING THE EXPORT.JSON SCRIPT ...

 OBJECT SET #1 STARTED

 {
   "Running Plugin version": "4.38.0"
}
 {
   "Running Add-On API version": "1.6.0"
}

 [12:30:27.741] Loading Core Add-On Module declarations ...
 [12:30:27.818] Connecting to the org_alias using SFDX sf org display ...
 [12:30:29.549] Successfully connected to the org_alias.
 {
   "Source": "org_alias.",
   "Target": "csvfile.",
   "Package script": "/home/runner/work/fullnsa/fullnsa/backupData/export.json."
}

 GETTING AND ANALYSING OBJECT METADATA ...
 [12:30:31.355] Processing the object Account ...
 [12:30:31.356] Fetching metadata of the Account (Source) ...
 [12:30:33.969] Processing the object Contact ...
 [12:30:33.970] Fetching metadata of the Contact (Source) ...
 [12:30:35.21] Processing the object Opportunity ...
 [12:30:35.22] Fetching metadata of the Opportunity (Source) ...
 [12:30:35.751] Fetching metadata of the Group (Source) ...
 [12:30:36.338] Processing the object Opportunity ...
 [12:30:36.339] Processing the object Contact ...
 [12:30:36.339] Processing the object Account ...

 PREPARING DATA MIGRATION JOB ...
 [12:30:36.340] Building the migration strategy ...
 {
   "Order of objects to query": "Account; Contact; Opportunity"
}
 {
   "Order of objects to delete": "Opportunity; Contact; Account"
}
 {
   "Order of objects to update": "Account; Contact; Opportunity"
}
 [12:30:36.341] Preparing of the data migration job has been completed.

 ANALYSING DATA...
 [12:30:36.543] {Account} The original query string of this object is returning 18 records from the Source org.
 [12:30:36.770] {Contact} The original query string of this object is returning 21 records from the Source org.
 [12:30:37.4] {Opportunity} The original query string of this object is returning 31 records from the Source org.

 TRIGGERING ADD-ON EVENTS ...
 [12:30:37.5] No Add-On modules found to run.

 [12:30:37.5] Ready to process the data.

 DELETING OLD DATA FROM THE TARGET ...
 [12:30:37.5] {Opportunity} No records to delete.
 [12:30:37.6] {Contact} No records to delete.
 [12:30:37.6] {Account} No records to delete.
 [12:30:37.6] Deleting data was skipped.

 SOURCE:
 ===========

 FETCHING THE DATA (STAGE 1) ...
 [12:30:37.7] {Account} Fetching the Source data from Org (STAGE 1: all records) ...
 [12:30:37.7] {Account} Query string: SELECT Id, Name  FROM  Account ORDER BY Name ASC.
 [12:30:37.9] {Account} Using REST API to retrieve the data ...
 [12:30:37.186] {Account} Data retrieval (Source) has been completed. Got 18 new records.
 [12:30:37.187] {Contact} Fetching the Source data from Org (STAGE 1: all records) ...
 [12:30:37.187] {Contact} Query string: SELECT Id, FirstName, LastName, Email, $$Email$LastName$FirstName  FROM  Contact ORDER BY Email, LastName, FirstName ASC.
 [12:30:37.188] {Contact} Using REST API to retrieve the data ...
 [12:30:37.388] {Contact} Data retrieval (Source) has been completed. Got 21 new records.
 [12:30:37.389] {Opportunity} Fetching the Source data from Org (STAGE 1: all records) ...
 [12:30:37.389] {Opportunity} Query string: SELECT Id, Name  FROM  Opportunity ORDER BY Name ASC.
 [12:30:37.389] {Opportunity} Using REST API to retrieve the data ...
 [12:30:37.679] {Opportunity} Data retrieval (Source) has been completed. Got 31 new records.
 [12:30:37.680] Data retrieval (STAGE 1) has been completed.

 FETCHING THE DATA (STAGE 2) ...
 [12:30:37.680] PASS 1
 ===========
 [12:30:37.680] No records

 [12:30:37.680] PASS 2
 ===========
 [12:30:37.681] No records

 [12:30:37.681] PASS 3
 ===========
 [12:30:37.681] No records

 [12:30:37.681] PASS 4
 ===========
 [12:30:37.682] No records

 TARGET:
 ===========
 [12:30:37.682] No records
 [12:30:37.682] Data retrieval (STAGE 2) has been completed.

 TRIGGERING ADD-ON EVENTS ...
 [12:30:37.683] No Add-On modules found to run.


 DATA RETRIEVAL SUMMARY.
 [12:30:37.683] {Account} The total amount of the retrieved records: 18/0.
 [12:30:37.683] {Contact} The total amount of the retrieved records: 21/0.
 [12:30:37.683] {Opportunity} The total amount of the retrieved records: 31/0.

 UPDATING THE TARGET (STAGE 1) ...
 [12:30:37.684] {Account} Creating the file /home/runner/work/fullnsa/fullnsa/backupData/Account.csv ...
 [12:30:37.688] {Account} The Target has been updated. Totally processed 18 records.

 [12:30:37.689] {Contact} Creating the file /home/runner/work/fullnsa/fullnsa/backupData/Contact.csv ...
 [12:30:37.690] {Contact} The Target has been updated. Totally processed 21 records.

 [12:30:37.690] {Opportunity} Creating the file /home/runner/work/fullnsa/fullnsa/backupData/Opportunity.csv ...
 [12:30:37.692] {Opportunity} The Target has been updated. Totally processed 31 records.


 [12:30:37.692] The Target (STAGE 1) has been updated. Totally processed 70 records.

 UPDATING THE TARGET (STAGE 2) ...

 [12:30:37.692] Nothing was updated.

 TRIGGERING ADD-ON EVENTS ...
 [12:30:37.693] No Add-On modules found to run.


 DATA PROCESSING SUMMARY.
 [12:30:37.693] {Account} Totally processed 18 records.
 [12:30:37.693] {Contact} Totally processed 21 records.
 [12:30:37.693] {Opportunity} Totally processed 31 records.

 [12:30:37.694] Writing to /home/runner/work/fullnsa/fullnsa/backupData/MissingParentRecordsReport.csv ...


 TRIGGERING ADD-ON EVENTS ...
 [12:30:37.694] No Add-On modules found to run.


 [12:30:37.695] Command succeeded.
 [12:30:37.695] Execution of the command sfdmu:run has been completed. Exit code 0 (SUCCESS).
 [12:30:37.695] Total time elapsed: 00h 00m 09s 964ms .