
 [11:40:23.963] Execution of the command sfdmu:run has been started.

 LOADING AND VALIDATING THE EXPORT.JSON SCRIPT ...

 OBJECT SET #1 STARTED

 {
   "Running Plugin version": "4.38.0"
}
 {
   "Running Add-On API version": "1.6.0"
}

 [11:40:23.973] Loading Core Add-On Module declarations ...
 [11:40:24.35] Connecting to the org_alias using SFDX sf org display ...
 [11:40:27.14] Successfully connected to the org_alias.
 {
   "Source": "org_alias.",
   "Target": "csvfile.",
   "Package script": "/home/runner/work/fullnsa/fullnsa/config/export.json."
}

 GETTING AND ANALYSING OBJECT METADATA ...
 [11:40:29.28] Processing the object Account ...
 [11:40:29.29] Fetching metadata of the Account (Source) ...
 [11:40:32.563] Processing the object Contact ...
 [11:40:32.563] Fetching metadata of the Contact (Source) ...
 [11:40:33.842] Fetching metadata of the Group (Source) ...
 [11:40:34.548] Processing the object Contact ...
 [11:40:34.548] Processing the object Account ...

 PREPARING DATA MIGRATION JOB ...
 [11:40:34.549] Building the migration strategy ...
 {
   "Order of objects to query": "Account; Contact"
}
 {
   "Order of objects to delete": "Contact; Account"
}
 {
   "Order of objects to update": "Account; Contact"
}
 [11:40:34.551] Preparing of the data migration job has been completed.

 ANALYSING DATA...
 [11:40:34.875] {Account} The original query string of this object is returning 18 records from the Source org.
 [11:40:35.180] {Contact} The original query string of this object is returning 21 records from the Source org.

 TRIGGERING ADD-ON EVENTS ...
 [11:40:35.180] No Add-On modules found to run.

 [11:40:35.181] Ready to process the data.

 DELETING OLD DATA FROM THE TARGET ...
 [11:40:35.181] {Contact} No records to delete.
 [11:40:35.181] {Account} No records to delete.
 [11:40:35.181] Deleting data was skipped.

 SOURCE:
 ===========

 FETCHING THE DATA (STAGE 1) ...
 [11:40:35.183] {Account} Fetching the Source data from Org (STAGE 1: all records) ...
 [11:40:35.183] {Account} Query string: SELECT Id, Name  FROM  Account ORDER BY Name ASC.
 [11:40:35.184] {Account} Using REST API to retrieve the data ...
 [11:40:35.440] {Account} Data retrieval (Source) has been completed. Got 18 new records.
 [11:40:35.441] {Contact} Fetching the Source data from Org (STAGE 1: all records) ...
 [11:40:35.441] {Contact} Query string: SELECT Id, FirstName, LastName, Email, $$Email$LastName$FirstName  FROM  Contact ORDER BY Email, LastName, FirstName ASC.
 [11:40:35.442] {Contact} Using REST API to retrieve the data ...
 [11:40:35.721] {Contact} Data retrieval (Source) has been completed. Got 21 new records.
 [11:40:35.721] Data retrieval (STAGE 1) has been completed.

 FETCHING THE DATA (STAGE 2) ...
 [11:40:35.721] PASS 1
 ===========
 [11:40:35.722] No records

 [11:40:35.722] PASS 2
 ===========
 [11:40:35.722] No records

 [11:40:35.723] PASS 3
 ===========
 [11:40:35.723] No records

 [11:40:35.723] PASS 4
 ===========
 [11:40:35.723] No records

 TARGET:
 ===========
 [11:40:35.724] No records
 [11:40:35.724] Data retrieval (STAGE 2) has been completed.

 TRIGGERING ADD-ON EVENTS ...
 [11:40:35.724] No Add-On modules found to run.


 DATA RETRIEVAL SUMMARY.
 [11:40:35.725] {Account} The total amount of the retrieved records: 18/0.
 [11:40:35.725] {Contact} The total amount of the retrieved records: 21/0.

 UPDATING THE TARGET (STAGE 1) ...
 [11:40:35.726] {Account} Creating the file /home/runner/work/fullnsa/fullnsa/config/Account.csv ...
 [11:40:35.730] {Account} The Target has been updated. Totally processed 18 records.

 [11:40:35.730] {Contact} Creating the file /home/runner/work/fullnsa/fullnsa/config/Contact.csv ...
 [11:40:35.731] {Contact} The Target has been updated. Totally processed 21 records.


 [11:40:35.732] The Target (STAGE 1) has been updated. Totally processed 39 records.

 UPDATING THE TARGET (STAGE 2) ...

 [11:40:35.732] Nothing was updated.

 TRIGGERING ADD-ON EVENTS ...
 [11:40:35.732] No Add-On modules found to run.


 DATA PROCESSING SUMMARY.
 [11:40:35.733] {Account} Totally processed 18 records.
 [11:40:35.733] {Contact} Totally processed 21 records.

 [11:40:35.733] Writing to /home/runner/work/fullnsa/fullnsa/config/MissingParentRecordsReport.csv ...


 TRIGGERING ADD-ON EVENTS ...
 [11:40:35.733] No Add-On modules found to run.


 [11:40:35.735] Command succeeded.
 [11:40:35.735] Execution of the command sfdmu:run has been completed. Exit code 0 (SUCCESS).
 [11:40:35.735] Total time elapsed: 00h 00m 11s 773ms .