
 [12:06:42.254] Execution of the command sfdmu:run has been started.

 LOADING AND VALIDATING THE EXPORT.JSON SCRIPT ...

 OBJECT SET #1 STARTED

 {
   "Running Plugin version": "4.38.0"
}
 {
   "Running Add-On API version": "1.6.0"
}

 [12:06:42.264] Loading Core Add-On Module declarations ...
 [12:06:42.329] Connecting to the org_alias using SFDX sf org display ...
 [12:06:45.276] Successfully connected to the org_alias.
 {
   "Source": "org_alias.",
   "Target": "csvfile.",
   "Package script": "/home/runner/work/fullnsa/fullnsa/config/export.json."
}

 GETTING AND ANALYSING OBJECT METADATA ...
 [12:06:46.397] Processing the object Account ...
 [12:06:46.397] Fetching metadata of the Account (Source) ...
 [12:06:48.70] Processing the object Contact ...
 [12:06:48.70] Fetching metadata of the Contact (Source) ...
 [12:06:49.203] Fetching metadata of the Group (Source) ...
 [12:06:49.847] Processing the object Contact ...
 [12:06:49.848] Processing the object Account ...

 PREPARING DATA MIGRATION JOB ...
 [12:06:49.848] Building the migration strategy ...
 {
   "Order of objects to query": "Account; Contact"
}
 {
   "Order of objects to delete": "Contact; Account"
}
 {
   "Order of objects to update": "Account; Contact"
}
 [12:06:49.850] Preparing of the data migration job has been completed.

 ANALYSING DATA...
 [12:06:50.119] {Account} The original query string of this object is returning 18 records from the Source org.
 [12:06:50.392] {Contact} The original query string of this object is returning 21 records from the Source org.

 TRIGGERING ADD-ON EVENTS ...
 [12:06:50.392] No Add-On modules found to run.

 [12:06:50.393] Ready to process the data.

 DELETING OLD DATA FROM THE TARGET ...
 [12:06:50.393] {Contact} No records to delete.
 [12:06:50.393] {Account} No records to delete.
 [12:06:50.393] Deleting data was skipped.

 SOURCE:
 ===========

 FETCHING THE DATA (STAGE 1) ...
 [12:06:50.395] {Account} Fetching the Source data from Org (STAGE 1: all records) ...
 [12:06:50.395] {Account} Query string: SELECT Id, Name  FROM  Account ORDER BY Name ASC.
 [12:06:50.396] {Account} Using REST API to retrieve the data ...
 [12:06:50.768] {Account} Data retrieval (Source) has been completed. Got 18 new records.
 [12:06:50.768] {Contact} Fetching the Source data from Org (STAGE 1: all records) ...
 [12:06:50.768] {Contact} Query string: SELECT Id, FirstName, LastName, Email, $$Email$LastName$FirstName  FROM  Contact ORDER BY Email, LastName, FirstName ASC.
 [12:06:50.769] {Contact} Using REST API to retrieve the data ...
 [12:06:51.199] {Contact} Data retrieval (Source) has been completed. Got 21 new records.
 [12:06:51.199] Data retrieval (STAGE 1) has been completed.

 FETCHING THE DATA (STAGE 2) ...
 [12:06:51.199] PASS 1
 ===========
 [12:06:51.200] No records

 [12:06:51.200] PASS 2
 ===========
 [12:06:51.200] No records

 [12:06:51.200] PASS 3
 ===========
 [12:06:51.201] No records

 [12:06:51.201] PASS 4
 ===========
 [12:06:51.201] No records

 TARGET:
 ===========
 [12:06:51.202] No records
 [12:06:51.202] Data retrieval (STAGE 2) has been completed.

 TRIGGERING ADD-ON EVENTS ...
 [12:06:51.202] No Add-On modules found to run.


 DATA RETRIEVAL SUMMARY.
 [12:06:51.202] {Account} The total amount of the retrieved records: 18/0.
 [12:06:51.203] {Contact} The total amount of the retrieved records: 21/0.

 UPDATING THE TARGET (STAGE 1) ...
 [12:06:51.204] {Account} Creating the file /home/runner/work/fullnsa/fullnsa/config/Account.csv ...
 [12:06:51.208] {Account} The Target has been updated. Totally processed 18 records.

 [12:06:51.208] {Contact} Creating the file /home/runner/work/fullnsa/fullnsa/config/Contact.csv ...
 [12:06:51.209] {Contact} The Target has been updated. Totally processed 21 records.


 [12:06:51.210] The Target (STAGE 1) has been updated. Totally processed 39 records.

 UPDATING THE TARGET (STAGE 2) ...

 [12:06:51.210] Nothing was updated.

 TRIGGERING ADD-ON EVENTS ...
 [12:06:51.210] No Add-On modules found to run.


 DATA PROCESSING SUMMARY.
 [12:06:51.211] {Account} Totally processed 18 records.
 [12:06:51.211] {Contact} Totally processed 21 records.

 [12:06:51.211] Writing to /home/runner/work/fullnsa/fullnsa/config/MissingParentRecordsReport.csv ...


 TRIGGERING ADD-ON EVENTS ...
 [12:06:51.211] No Add-On modules found to run.


 [12:06:51.213] Command succeeded.
 [12:06:51.213] Execution of the command sfdmu:run has been completed. Exit code 0 (SUCCESS).
 [12:06:51.213] Total time elapsed: 00h 00m 08s 960ms .